2024-02-05 11:28:57.425 +05:30  INF  User profile is available. Using 'C:\Users\AnuragChoudhary\AppData\Local\ASP.NET\DataProtection-Keys' as key repository and Windows DPAPI to encrypt keys at rest.
2024-02-05 11:28:57.524 +05:30  INF  Now listening on: https://localhost:7146
2024-02-05 11:28:57.524 +05:30  INF  Now listening on: http://localhost:5275
2024-02-05 11:28:57.525 +05:30  INF  Application started. Press Ctrl+C to shut down.
2024-02-05 11:28:57.526 +05:30  INF  Hosting environment: Development
2024-02-05 11:28:57.526 +05:30  INF  Content root path: C:\Users\AnuragChoudhary\Downloads\FoodDeliveryAPI\FoodDeliveryAPI\FoodDeliveryAPI
2024-02-05 11:28:57.992 +05:30  INF  Request starting HTTP/2 GET https://localhost:7146/swagger/index.html - null null
2024-02-05 11:28:58.098 +05:30  INF  Request finished HTTP/2 GET https://localhost:7146/swagger/index.html - 200 null text/html;charset=utf-8 106.5318ms
2024-02-05 11:28:58.109 +05:30  INF  Request starting HTTP/2 GET https://localhost:7146/_vs/browserLink - null null
2024-02-05 11:28:58.109 +05:30  INF  Request starting HTTP/2 GET https://localhost:7146/_framework/aspnetcore-browser-refresh.js - null null
2024-02-05 11:28:58.112 +05:30  INF  Request finished HTTP/2 GET https://localhost:7146/_framework/aspnetcore-browser-refresh.js - 200 13766 application/javascript; charset=utf-8 2.8297ms
2024-02-05 11:28:58.128 +05:30  INF  Request finished HTTP/2 GET https://localhost:7146/_vs/browserLink - 200 null text/javascript; charset=UTF-8 18.6508ms
2024-02-05 11:28:58.295 +05:30  INF  Request starting HTTP/2 GET https://localhost:7146/swagger/v1/swagger.json - null null
2024-02-05 11:28:58.366 +05:30  INF  Request finished HTTP/2 GET https://localhost:7146/swagger/v1/swagger.json - 200 null application/json;charset=utf-8 71.3676ms
2024-02-05 11:29:55.708 +05:30  INF  Request starting HTTP/2 POST https://localhost:7146/Authentication/admin - application/json 50
2024-02-05 11:29:55.764 +05:30  INF  CORS policy execution successful.
2024-02-05 11:29:55.773 +05:30  INF  Executing endpoint 'FoodDeliveryAPI.Controllers.AuthenticationController.AuthenticateAdmin (FoodDeliveryAPI)'
2024-02-05 11:29:55.800 +05:30  INF  Route matched with {action = "AuthenticateAdmin", controller = "Authentication"}. Executing controller action with signature Microsoft.AspNetCore.Mvc.ActionResult`1[FoodDeliveryAPI.Domain.DTO.Token] AuthenticateAdmin(FoodDeliveryAPI.Domain.DTO.UserCredentials) on controller FoodDeliveryAPI.Controllers.AuthenticationController (FoodDeliveryAPI).
2024-02-05 11:29:57.666 +05:30  INF  Executed DbCommand (42ms) [Parameters=[@__credentials_Username_0='?' (Size = 450), @__credentials_Password_1='?' (Size = 4000)], CommandType='"Text"', CommandTimeout='30']
SELECT TOP(1) [a].[UserId], [a].[CreatedAt], [a].[Password], [a].[Role], [a].[UserEmail], [a].[UserName]
FROM [Admins] AS [a]
WHERE [a].[UserName] = @__credentials_Username_0 AND [a].[Password] = @__credentials_Password_1
2024-02-05 11:29:57.802 +05:30  INF  Executing OkObjectResult, writing value of type 'FoodDeliveryAPI.Domain.DTO.Token'.
2024-02-05 11:29:57.813 +05:30  INF  Executed action FoodDeliveryAPI.Controllers.AuthenticationController.AuthenticateAdmin (FoodDeliveryAPI) in 2010.1777ms
2024-02-05 11:29:57.814 +05:30  INF  Executed endpoint 'FoodDeliveryAPI.Controllers.AuthenticationController.AuthenticateAdmin (FoodDeliveryAPI)'
2024-02-05 11:29:57.815 +05:30  INF  HTTP POST /Authentication/admin responded 200 in 2101.8596 ms
2024-02-05 11:29:57.824 +05:30  INF  Request finished HTTP/2 POST https://localhost:7146/Authentication/admin - 200 null application/json; charset=utf-8 2116.2277ms
2024-02-05 11:35:18.379 +05:30  INF  Request starting HTTP/2 POST https://localhost:7146/Admin - application/json 89
2024-02-05 11:35:18.381 +05:30  INF  CORS policy execution successful.
2024-02-05 11:35:18.381 +05:30  INF  Executing endpoint 'FoodDeliveryAPI.Controllers.AdminController.CreateAdmin (FoodDeliveryAPI)'
2024-02-05 11:35:18.385 +05:30  INF  Route matched with {action = "CreateAdmin", controller = "Admin"}. Executing controller action with signature Microsoft.AspNetCore.Mvc.ActionResult`1[FoodDeliveryAPI.DataAcces.Models.Admin] CreateAdmin(FoodDeliveryAPI.Domain.DTO.UserDTO) on controller FoodDeliveryAPI.Controllers.AdminController (FoodDeliveryAPI).
2024-02-05 11:35:18.398 +05:30  INF  {"UserName":"pradeep","UserEmail":"pradeep@example.com","Password":"string","$type":"UserDTO"}
2024-02-05 11:35:18.399 +05:30  INF  executed create admin method
2024-02-05 11:35:18.540 +05:30  INF  Executed DbCommand (13ms) [Parameters=[@p0='?' (DbType = Guid), @p1='?' (DbType = DateTime2), @p2='?' (Size = 4000), @p3='?' (Size = 4000), @p4='?' (Size = 450), @p5='?' (Size = 450)], CommandType='"Text"', CommandTimeout='30']
SET IMPLICIT_TRANSACTIONS OFF;
SET NOCOUNT ON;
INSERT INTO [Admins] ([UserId], [CreatedAt], [Password], [Role], [UserEmail], [UserName])
VALUES (@p0, @p1, @p2, @p3, @p4, @p5);
2024-02-05 11:35:18.547 +05:30  INF  Executing CreatedResult, writing value of type 'FoodDeliveryAPI.DataAcces.Models.Admin'.
2024-02-05 11:35:18.557 +05:30  INF  Executed action FoodDeliveryAPI.Controllers.AdminController.CreateAdmin (FoodDeliveryAPI) in 172.0264ms
2024-02-05 11:35:18.557 +05:30  INF  Executed endpoint 'FoodDeliveryAPI.Controllers.AdminController.CreateAdmin (FoodDeliveryAPI)'
2024-02-05 11:35:18.558 +05:30  INF  HTTP POST /Admin responded 201 in 178.2118 ms
2024-02-05 11:35:18.558 +05:30  INF  Request finished HTTP/2 POST https://localhost:7146/Admin - 201 null application/json; charset=utf-8 178.9806ms
2024-02-05 11:39:35.341 +05:30  INF  Request starting HTTP/2 GET https://localhost:7146/swagger/index.html - null null
2024-02-05 11:39:35.348 +05:30  INF  Request finished HTTP/2 GET https://localhost:7146/swagger/index.html - 200 null text/html;charset=utf-8 7.3342ms
2024-02-05 11:39:35.361 +05:30  INF  Request starting HTTP/2 GET https://localhost:7146/_vs/browserLink - null null
2024-02-05 11:39:35.361 +05:30  INF  Request starting HTTP/2 GET https://localhost:7146/_framework/aspnetcore-browser-refresh.js - null null
2024-02-05 11:39:35.362 +05:30  INF  Request finished HTTP/2 GET https://localhost:7146/_framework/aspnetcore-browser-refresh.js - 200 13766 application/javascript; charset=utf-8 0.9239ms
2024-02-05 11:39:35.374 +05:30  INF  Request finished HTTP/2 GET https://localhost:7146/_vs/browserLink - 200 null text/javascript; charset=UTF-8 13.2536ms
2024-02-05 11:39:35.556 +05:30  INF  Request starting HTTP/2 GET https://localhost:7146/swagger/v1/swagger.json - null null
2024-02-05 11:39:35.582 +05:30  INF  Request finished HTTP/2 GET https://localhost:7146/swagger/v1/swagger.json - 200 null application/json;charset=utf-8 25.8446ms
2024-02-05 11:45:52.109 +05:30  INF  Request starting HTTP/2 GET https://localhost:7146/swagger/v1/swagger.json - null null
2024-02-05 11:45:52.144 +05:30  INF  Request finished HTTP/2 GET https://localhost:7146/swagger/v1/swagger.json - 200 null application/json;charset=utf-8 34.1011ms
2024-02-05 11:47:14.098 +05:30  INF  Request starting HTTP/2 POST https://localhost:7146/Authentication/admin - application/json 50
2024-02-05 11:47:14.103 +05:30  INF  CORS policy execution successful.
2024-02-05 11:47:14.103 +05:30  INF  Executing endpoint 'FoodDeliveryAPI.Controllers.AuthenticationController.AuthenticateAdmin (FoodDeliveryAPI)'
2024-02-05 11:47:14.103 +05:30  INF  Route matched with {action = "AuthenticateAdmin", controller = "Authentication"}. Executing controller action with signature Microsoft.AspNetCore.Mvc.ActionResult`1[FoodDeliveryAPI.Domain.DTO.Token] AuthenticateAdmin(FoodDeliveryAPI.Domain.DTO.UserCredentials) on controller FoodDeliveryAPI.Controllers.AuthenticationController (FoodDeliveryAPI).
2024-02-05 11:47:14.207 +05:30  INF  Executed DbCommand (3ms) [Parameters=[@__credentials_Username_0='?' (Size = 450), @__credentials_Password_1='?' (Size = 4000)], CommandType='"Text"', CommandTimeout='30']
SELECT TOP(1) [a].[UserId], [a].[CreatedAt], [a].[Password], [a].[Role], [a].[UserEmail], [a].[UserName]
FROM [Admins] AS [a]
WHERE [a].[UserName] = @__credentials_Username_0 AND [a].[Password] = @__credentials_Password_1
2024-02-05 11:47:14.209 +05:30  INF  Executing OkObjectResult, writing value of type 'FoodDeliveryAPI.Domain.DTO.Token'.
2024-02-05 11:47:14.209 +05:30  INF  Executed action FoodDeliveryAPI.Controllers.AuthenticationController.AuthenticateAdmin (FoodDeliveryAPI) in 105.4512ms
2024-02-05 11:47:14.209 +05:30  INF  Executed endpoint 'FoodDeliveryAPI.Controllers.AuthenticationController.AuthenticateAdmin (FoodDeliveryAPI)'
2024-02-05 11:47:14.209 +05:30  INF  HTTP POST /Authentication/admin responded 200 in 109.6287 ms
2024-02-05 11:47:14.209 +05:30  INF  Request finished HTTP/2 POST https://localhost:7146/Authentication/admin - 200 null application/json; charset=utf-8 111.5802ms
2024-02-05 11:49:35.817 +05:30  INF  Request starting HTTP/2 GET https://localhost:7146/Customer?sortBy=username&sortOrder=asc&page=1&pageSize=10 - null null
2024-02-05 11:49:35.892 +05:30  INF  Executing endpoint 'FoodDeliveryAPI.Controllers.CustomerController.GetAllCustomers (FoodDeliveryAPI)'
2024-02-05 11:49:35.895 +05:30  INF  Route matched with {action = "GetAllCustomers", controller = "Customer"}. Executing controller action with signature Microsoft.AspNetCore.Mvc.ActionResult`1[System.Collections.Generic.IEnumerable`1[FoodDeliveryAPI.Domain.DTO.CustomerDTO]] GetAllCustomers(System.String, System.String, System.String, Int32, Int32) on controller FoodDeliveryAPI.Controllers.CustomerController (FoodDeliveryAPI).
2024-02-05 11:49:36.012 +05:30  INF  Executing OkObjectResult, writing value of type 'Microsoft.EntityFrameworkCore.Query.Internal.EntityQueryable`1[[FoodDeliveryAPI.Domain.DTO.CustomerDTO, FoodDeliveryAPI.Domain, Version=1.0.0.0, Culture=neutral, PublicKeyToken=null]]'.
2024-02-05 11:49:36.114 +05:30  INF  Executed DbCommand (33ms) [Parameters=[@__p_0='?' (DbType = Int32), @__p_1='?' (DbType = Int32)], CommandType='"Text"', CommandTimeout='30']
SELECT [c].[UserId], [c].[CreatedAt], [c].[Password], [c].[Role], [c].[UserEmail], [c].[UserName]
FROM [Customers] AS [c]
ORDER BY [c].[UserName]
OFFSET @__p_0 ROWS FETCH NEXT @__p_1 ROWS ONLY
2024-02-05 11:49:36.154 +05:30  INF  Executed action FoodDeliveryAPI.Controllers.CustomerController.GetAllCustomers (FoodDeliveryAPI) in 258.8989ms
2024-02-05 11:49:36.155 +05:30  INF  Executed endpoint 'FoodDeliveryAPI.Controllers.CustomerController.GetAllCustomers (FoodDeliveryAPI)'
2024-02-05 11:49:36.155 +05:30  INF  HTTP GET /Customer responded 200 in 337.9378 ms
2024-02-05 11:49:36.156 +05:30  INF  Request finished HTTP/2 GET https://localhost:7146/Customer?sortBy=username&sortOrder=asc&page=1&pageSize=10 - 200 null application/json; charset=utf-8 338.5838ms
2024-02-05 11:50:01.982 +05:30  INF  Request starting HTTP/2 GET https://localhost:7146/Customer/016f30d3-11e9-42c1-0d0a-08dc23171223 - null null
2024-02-05 11:50:01.986 +05:30  INF  Executing endpoint 'FoodDeliveryAPI.Controllers.CustomerController.GetCustomerById (FoodDeliveryAPI)'
2024-02-05 11:50:01.991 +05:30  INF  Route matched with {action = "GetCustomerById", controller = "Customer"}. Executing controller action with signature System.Threading.Tasks.Task`1[Microsoft.AspNetCore.Mvc.ActionResult`1[FoodDeliveryAPI.Domain.DTO.CustomerDTO]] GetCustomerById(System.String) on controller FoodDeliveryAPI.Controllers.CustomerController (FoodDeliveryAPI).
2024-02-05 11:50:02.108 +05:30  INF  Executed DbCommand (12ms) [Parameters=[@__id_0='?' (Size = 4000)], CommandType='"Text"', CommandTimeout='30']
SELECT [t].[UserId], [t].[CreatedAt], [t].[Password], [t].[Role], [t].[UserEmail], [t].[UserName], [o].[OrderId], [o].[CustomerId], [o].[DeliveryPersonId], [o].[OrderStatus], [o].[RestaurantId], [o].[ValidStatuses]
FROM (
    SELECT TOP(1) [c].[UserId], [c].[CreatedAt], [c].[Password], [c].[Role], [c].[UserEmail], [c].[UserName]
    FROM [Customers] AS [c]
    WHERE CONVERT(varchar(36), [c].[UserId]) = @__id_0
) AS [t]
LEFT JOIN [orders] AS [o] ON [t].[UserId] = [o].[CustomerId]
ORDER BY [t].[UserId]
2024-02-05 11:50:02.119 +05:30  INF  Executing OkObjectResult, writing value of type 'FoodDeliveryAPI.Domain.DTO.CustomerDTO'.
2024-02-05 11:50:02.120 +05:30  INF  Executed action FoodDeliveryAPI.Controllers.CustomerController.GetCustomerById (FoodDeliveryAPI) in 127.9304ms
2024-02-05 11:50:02.120 +05:30  INF  Executed endpoint 'FoodDeliveryAPI.Controllers.CustomerController.GetCustomerById (FoodDeliveryAPI)'
2024-02-05 11:50:02.120 +05:30  INF  HTTP GET /Customer/016f30d3-11e9-42c1-0d0a-08dc23171223 responded 200 in 137.4416 ms
2024-02-05 11:50:02.120 +05:30  INF  Request finished HTTP/2 GET https://localhost:7146/Customer/016f30d3-11e9-42c1-0d0a-08dc23171223 - 200 null application/json; charset=utf-8 138.1015ms
2024-02-05 11:50:32.567 +05:30  INF  Request starting HTTP/2 GET https://localhost:7146/Customer/orders/active?customerId=016f30d3-11e9-42c1-0d0a-08dc23171223 - null null
2024-02-05 11:50:32.568 +05:30  INF  Executing endpoint 'FoodDeliveryAPI.Controllers.CustomerController.GetActiveOrders (FoodDeliveryAPI)'
2024-02-05 11:50:32.572 +05:30  INF  Route matched with {action = "GetActiveOrders", controller = "Customer"}. Executing controller action with signature System.Threading.Tasks.Task`1[Microsoft.AspNetCore.Mvc.ActionResult`1[System.Collections.Generic.List`1[FoodDeliveryAPI.Domain.DTO.OrderDTO]]] GetActiveOrders(System.Guid) on controller FoodDeliveryAPI.Controllers.CustomerController (FoodDeliveryAPI).
2024-02-05 11:50:32.643 +05:30  INF  Executed DbCommand (30ms) [Parameters=[@__userId_0='?' (DbType = Guid)], CommandType='"Text"', CommandTimeout='30']
SELECT [o].[OrderId], [o].[CustomerId], [o].[DeliveryPersonId], [o].[OrderStatus], [o].[RestaurantId], [o].[ValidStatuses]
FROM [orders] AS [o]
WHERE [o].[CustomerId] = @__userId_0 AND [o].[OrderStatus] NOT IN (N'CANCELLED', N'DELIVERED')
2024-02-05 11:50:32.645 +05:30  INF  Executing OkObjectResult, writing value of type 'System.Collections.Generic.List`1[[FoodDeliveryAPI.Domain.DTO.OrderDTO, FoodDeliveryAPI.Domain, Version=1.0.0.0, Culture=neutral, PublicKeyToken=null]]'.
2024-02-05 11:50:32.653 +05:30  INF  Executed action FoodDeliveryAPI.Controllers.CustomerController.GetActiveOrders (FoodDeliveryAPI) in 80.0667ms
2024-02-05 11:50:32.653 +05:30  INF  Executed endpoint 'FoodDeliveryAPI.Controllers.CustomerController.GetActiveOrders (FoodDeliveryAPI)'
2024-02-05 11:50:32.653 +05:30  INF  HTTP GET /Customer/orders/active responded 200 in 85.0978 ms
2024-02-05 11:50:32.653 +05:30  INF  Request finished HTTP/2 GET https://localhost:7146/Customer/orders/active?customerId=016f30d3-11e9-42c1-0d0a-08dc23171223 - 200 null application/json; charset=utf-8 86.4041ms
2024-02-05 11:50:44.106 +05:30  INF  Request starting HTTP/2 GET https://localhost:7146/Restaurant?page=1&pagesize=10&orderBy=restaurantname&sortOrder=asc - null null
2024-02-05 11:50:44.106 +05:30  INF  Executing endpoint 'FoodDeliveryAPI.Controllers.RestaurantController.GetRestaurants (FoodDeliveryAPI)'
2024-02-05 11:50:44.117 +05:30  INF  Route matched with {action = "GetRestaurants", controller = "Restaurant"}. Executing controller action with signature System.Threading.Tasks.Task`1[Microsoft.AspNetCore.Mvc.ActionResult`1[System.Collections.Generic.IEnumerable`1[FoodDeliveryAPI.DataAcces.Models.Restaurant]]] GetRestaurants(Int32, Int32, System.String, System.String, System.String) on controller FoodDeliveryAPI.Controllers.RestaurantController (FoodDeliveryAPI).
2024-02-05 11:50:44.156 +05:30  INF  Executed DbCommand (9ms) [Parameters=[@__p_0='?' (DbType = Int32), @__p_1='?' (DbType = Int32)], CommandType='"Text"', CommandTimeout='30']
SELECT [t].[RestaurantId], [t].[Address], [t].[IsClosed], [t].[RestaurantName], [i].[ItemId], [i].[Description], [i].[Name], [i].[OrderId], [i].[RestaurantId], [i].[isOutOfStock], [i].[price]
FROM (
    SELECT [r].[RestaurantId], [r].[Address], [r].[IsClosed], [r].[RestaurantName]
    FROM [Restaurants] AS [r]
    ORDER BY [r].[RestaurantName]
    OFFSET @__p_0 ROWS FETCH NEXT @__p_1 ROWS ONLY
) AS [t]
LEFT JOIN [Items] AS [i] ON [t].[RestaurantId] = [i].[RestaurantId]
ORDER BY [t].[RestaurantName], [t].[RestaurantId]
2024-02-05 11:50:44.222 +05:30  INF  Executing OkObjectResult, writing value of type 'System.Collections.Generic.List`1[[FoodDeliveryAPI.Domain.DTO.RestaurantDTOWithItem, FoodDeliveryAPI.Domain, Version=1.0.0.0, Culture=neutral, PublicKeyToken=null]]'.
2024-02-05 11:50:44.229 +05:30  INF  Executed action FoodDeliveryAPI.Controllers.RestaurantController.GetRestaurants (FoodDeliveryAPI) in 111.8204ms
2024-02-05 11:50:44.229 +05:30  INF  Executed endpoint 'FoodDeliveryAPI.Controllers.RestaurantController.GetRestaurants (FoodDeliveryAPI)'
2024-02-05 11:50:44.229 +05:30  INF  HTTP GET /Restaurant responded 200 in 123.0542 ms
2024-02-05 11:50:44.229 +05:30  INF  Request finished HTTP/2 GET https://localhost:7146/Restaurant?page=1&pagesize=10&orderBy=restaurantname&sortOrder=asc - 200 null application/json; charset=utf-8 123.6096ms
2024-02-05 11:53:51.588 +05:30  INF  Request starting HTTP/2 GET https://localhost:7146/Restaurant?page=1&pagesize=10&orderBy=restaurantname&sortOrder=asc - null null
2024-02-05 11:53:51.589 +05:30  INF  Executing endpoint 'FoodDeliveryAPI.Controllers.RestaurantController.GetRestaurants (FoodDeliveryAPI)'
2024-02-05 11:53:51.589 +05:30  INF  Route matched with {action = "GetRestaurants", controller = "Restaurant"}. Executing controller action with signature System.Threading.Tasks.Task`1[Microsoft.AspNetCore.Mvc.ActionResult`1[System.Collections.Generic.IEnumerable`1[FoodDeliveryAPI.DataAcces.Models.Restaurant]]] GetRestaurants(Int32, Int32, System.String, System.String, System.String) on controller FoodDeliveryAPI.Controllers.RestaurantController (FoodDeliveryAPI).
2024-02-05 11:53:51.598 +05:30  INF  Executed DbCommand (6ms) [Parameters=[@__p_0='?' (DbType = Int32), @__p_1='?' (DbType = Int32)], CommandType='"Text"', CommandTimeout='30']
SELECT [t].[RestaurantId], [t].[Address], [t].[IsClosed], [t].[RestaurantName], [i].[ItemId], [i].[Description], [i].[Name], [i].[OrderId], [i].[RestaurantId], [i].[isOutOfStock], [i].[price]
FROM (
    SELECT [r].[RestaurantId], [r].[Address], [r].[IsClosed], [r].[RestaurantName]
    FROM [Restaurants] AS [r]
    ORDER BY [r].[RestaurantName]
    OFFSET @__p_0 ROWS FETCH NEXT @__p_1 ROWS ONLY
) AS [t]
LEFT JOIN [Items] AS [i] ON [t].[RestaurantId] = [i].[RestaurantId]
ORDER BY [t].[RestaurantName], [t].[RestaurantId]
2024-02-05 11:53:51.599 +05:30  INF  Executing OkObjectResult, writing value of type 'System.Collections.Generic.List`1[[FoodDeliveryAPI.Domain.DTO.RestaurantDTOWithItem, FoodDeliveryAPI.Domain, Version=1.0.0.0, Culture=neutral, PublicKeyToken=null]]'.
2024-02-05 11:53:51.600 +05:30  INF  Executed action FoodDeliveryAPI.Controllers.RestaurantController.GetRestaurants (FoodDeliveryAPI) in 10.625ms
2024-02-05 11:53:51.600 +05:30  INF  Executed endpoint 'FoodDeliveryAPI.Controllers.RestaurantController.GetRestaurants (FoodDeliveryAPI)'
2024-02-05 11:53:51.600 +05:30  INF  HTTP GET /Restaurant responded 200 in 11.4791 ms
2024-02-05 11:53:51.600 +05:30  INF  Request finished HTTP/2 GET https://localhost:7146/Restaurant?page=1&pagesize=10&orderBy=restaurantname&sortOrder=asc - 200 null application/json; charset=utf-8 11.9279ms
2024-02-05 11:59:32.355 +05:30  INF  Request starting HTTP/2 GET https://localhost:7146/Restaurant?page=1&pagesize=10&orderBy=restaurantid&sortOrder=asc - null null
2024-02-05 11:59:32.356 +05:30  INF  Executing endpoint 'FoodDeliveryAPI.Controllers.RestaurantController.GetRestaurants (FoodDeliveryAPI)'
2024-02-05 11:59:32.356 +05:30  INF  Route matched with {action = "GetRestaurants", controller = "Restaurant"}. Executing controller action with signature System.Threading.Tasks.Task`1[Microsoft.AspNetCore.Mvc.ActionResult`1[System.Collections.Generic.IEnumerable`1[FoodDeliveryAPI.DataAcces.Models.Restaurant]]] GetRestaurants(Int32, Int32, System.String, System.String, System.String) on controller FoodDeliveryAPI.Controllers.RestaurantController (FoodDeliveryAPI).
2024-02-05 11:59:32.361 +05:30  WRN  The query uses a row limiting operator ('Skip'/'Take') without an 'OrderBy' operator. This may lead to unpredictable results. If the 'Distinct' operator is used after 'OrderBy', then make sure to use the 'OrderBy' operator after 'Distinct' as the ordering would otherwise get erased.
2024-02-05 11:59:32.362 +05:30  WRN  The query uses a row limiting operator ('Skip'/'Take') without an 'OrderBy' operator. This may lead to unpredictable results. If the 'Distinct' operator is used after 'OrderBy', then make sure to use the 'OrderBy' operator after 'Distinct' as the ordering would otherwise get erased.
2024-02-05 11:59:32.411 +05:30  INF  Executed DbCommand (16ms) [Parameters=[@__p_0='?' (DbType = Int32), @__p_1='?' (DbType = Int32)], CommandType='"Text"', CommandTimeout='30']
SELECT [t].[RestaurantId], [t].[Address], [t].[IsClosed], [t].[RestaurantName], [i].[ItemId], [i].[Description], [i].[Name], [i].[OrderId], [i].[RestaurantId], [i].[isOutOfStock], [i].[price]
FROM (
    SELECT [r].[RestaurantId], [r].[Address], [r].[IsClosed], [r].[RestaurantName]
    FROM [Restaurants] AS [r]
    ORDER BY (SELECT 1)
    OFFSET @__p_0 ROWS FETCH NEXT @__p_1 ROWS ONLY
) AS [t]
LEFT JOIN [Items] AS [i] ON [t].[RestaurantId] = [i].[RestaurantId]
ORDER BY [t].[RestaurantId]
2024-02-05 11:59:32.412 +05:30  INF  Executing OkObjectResult, writing value of type 'System.Collections.Generic.List`1[[FoodDeliveryAPI.Domain.DTO.RestaurantDTOWithItem, FoodDeliveryAPI.Domain, Version=1.0.0.0, Culture=neutral, PublicKeyToken=null]]'.
2024-02-05 11:59:32.412 +05:30  INF  Executed action FoodDeliveryAPI.Controllers.RestaurantController.GetRestaurants (FoodDeliveryAPI) in 56.051ms
2024-02-05 11:59:32.412 +05:30  INF  Executed endpoint 'FoodDeliveryAPI.Controllers.RestaurantController.GetRestaurants (FoodDeliveryAPI)'
2024-02-05 11:59:32.412 +05:30  INF  HTTP GET /Restaurant responded 200 in 56.9285 ms
2024-02-05 11:59:32.413 +05:30  INF  Request finished HTTP/2 GET https://localhost:7146/Restaurant?page=1&pagesize=10&orderBy=restaurantid&sortOrder=asc - 200 null application/json; charset=utf-8 57.4303ms
