2025-02-10 15:15:08.566 +00:00  INF  Executed DbCommand (62ms) [Parameters=[], CommandType='"Text"', CommandTimeout='30']
SELECT EXISTS (
    SELECT 1 FROM pg_catalog.pg_class c
    JOIN pg_catalog.pg_namespace n ON n.oid=c.relnamespace
    WHERE n.nspname='public' AND
          c.relname='__EFMigrationsHistory'
)
2025-02-10 15:15:40.686 +00:00  ERR  Failed executing DbCommand (32,044ms) [Parameters=[], CommandType='"Text"', CommandTimeout='30']
SELECT EXISTS (
    SELECT 1 FROM pg_catalog.pg_class c
    JOIN pg_catalog.pg_namespace n ON n.oid=c.relnamespace
    WHERE n.nspname='public' AND
          c.relname='__EFMigrationsHistory'
)
2025-02-10 15:18:07.907 +00:00  INF  Executed DbCommand (65ms) [Parameters=[], CommandType='"Text"', CommandTimeout='60']
SELECT EXISTS (
    SELECT 1 FROM pg_catalog.pg_class c
    JOIN pg_catalog.pg_namespace n ON n.oid=c.relnamespace
    WHERE n.nspname='public' AND
          c.relname='__EFMigrationsHistory'
)
2025-02-10 15:21:10.070 +00:00  ERR  Failed executing DbCommand (182,075ms) [Parameters=[], CommandType='"Text"', CommandTimeout='60']
SELECT EXISTS (
    SELECT 1 FROM pg_catalog.pg_class c
    JOIN pg_catalog.pg_namespace n ON n.oid=c.relnamespace
    WHERE n.nspname='public' AND
          c.relname='__EFMigrationsHistory'
)
2025-02-10 15:22:23.145 +00:00  INF  Executed DbCommand (93ms) [Parameters=[], CommandType='"Text"', CommandTimeout='30']
SELECT EXISTS (
    SELECT 1 FROM pg_catalog.pg_class c
    JOIN pg_catalog.pg_namespace n ON n.oid=c.relnamespace
    WHERE n.nspname='public' AND
          c.relname='__EFMigrationsHistory'
)
2025-02-10 15:22:23.259 +00:00  INF  Executed DbCommand (9ms) [Parameters=[], CommandType='"Text"', CommandTimeout='30']
SELECT EXISTS (
    SELECT 1 FROM pg_catalog.pg_class c
    JOIN pg_catalog.pg_namespace n ON n.oid=c.relnamespace
    WHERE n.nspname='public' AND
          c.relname='__EFMigrationsHistory'
)
2025-02-10 15:22:23.408 +00:00  INF  Executed DbCommand (42ms) [Parameters=[], CommandType='"Text"', CommandTimeout='30']
CREATE TABLE "__EFMigrationsHistory" (
    "MigrationId" character varying(150) NOT NULL,
    "ProductVersion" character varying(32) NOT NULL,
    CONSTRAINT "PK___EFMigrationsHistory" PRIMARY KEY ("MigrationId")
);
2025-02-10 15:22:23.468 +00:00  INF  Executed DbCommand (7ms) [Parameters=[], CommandType='"Text"', CommandTimeout='30']
SELECT EXISTS (
    SELECT 1 FROM pg_catalog.pg_class c
    JOIN pg_catalog.pg_namespace n ON n.oid=c.relnamespace
    WHERE n.nspname='public' AND
          c.relname='__EFMigrationsHistory'
)
2025-02-10 15:22:23.477 +00:00  INF  Executed DbCommand (8ms) [Parameters=[], CommandType='"Text"', CommandTimeout='30']
SELECT "MigrationId", "ProductVersion"
FROM "__EFMigrationsHistory"
ORDER BY "MigrationId";
2025-02-10 15:22:23.492 +00:00  INF  Applying migration '20250209170817_InitialCreate'.
2025-02-10 15:22:23.542 +00:00  INF  Executed DbCommand (16ms) [Parameters=[], CommandType='"Text"', CommandTimeout='30']
CREATE TABLE "Admins" (
    "UserId" uuid NOT NULL,
    "UserName" text NOT NULL,
    "UserEmail" text NOT NULL,
    "CreatedAt" timestamp with time zone,
    "Role" text NOT NULL,
    "Password" text NOT NULL,
    CONSTRAINT "PK_Admins" PRIMARY KEY ("UserId")
);
2025-02-10 15:22:23.556 +00:00  INF  Executed DbCommand (14ms) [Parameters=[], CommandType='"Text"', CommandTimeout='30']
CREATE TABLE "Customers" (
    "UserId" uuid NOT NULL,
    "UserName" text NOT NULL,
    "UserEmail" text NOT NULL,
    "CreatedAt" timestamp with time zone,
    "Role" text NOT NULL,
    "Password" text NOT NULL,
    CONSTRAINT "PK_Customers" PRIMARY KEY ("UserId")
);
2025-02-10 15:22:23.571 +00:00  INF  Executed DbCommand (15ms) [Parameters=[], CommandType='"Text"', CommandTimeout='30']
CREATE TABLE "DeliveryPersons" (
    "UserId" uuid NOT NULL,
    "UserName" text NOT NULL,
    "UserEmail" text NOT NULL,
    "CreatedAt" timestamp with time zone,
    "Role" text NOT NULL,
    "Password" text NOT NULL,
    CONSTRAINT "PK_DeliveryPersons" PRIMARY KEY ("UserId")
);
2025-02-10 15:22:23.586 +00:00  INF  Executed DbCommand (14ms) [Parameters=[], CommandType='"Text"', CommandTimeout='30']
CREATE TABLE "Restaurants" (
    "RestaurantId" uuid NOT NULL,
    "RestaurantName" text NOT NULL,
    "Address" text NOT NULL,
    "IsClosed" boolean NOT NULL,
    CONSTRAINT "PK_Restaurants" PRIMARY KEY ("RestaurantId")
);
2025-02-10 15:22:23.606 +00:00  INF  Executed DbCommand (20ms) [Parameters=[], CommandType='"Text"', CommandTimeout='30']
CREATE TABLE orders (
    "OrderId" uuid NOT NULL,
    "CustomerId" uuid NOT NULL,
    "DeliveryPersonId" uuid NOT NULL,
    "RestaurantId" uuid NOT NULL,
    "OrderStatus" text NOT NULL,
    "ValidStatuses" text[] NOT NULL,
    CONSTRAINT "PK_orders" PRIMARY KEY ("OrderId"),
    CONSTRAINT "FK_orders_Customers_CustomerId" FOREIGN KEY ("CustomerId") REFERENCES "Customers" ("UserId") ON DELETE CASCADE,
    CONSTRAINT "FK_orders_DeliveryPersons_DeliveryPersonId" FOREIGN KEY ("DeliveryPersonId") REFERENCES "DeliveryPersons" ("UserId") ON DELETE CASCADE,
    CONSTRAINT "FK_orders_Restaurants_RestaurantId" FOREIGN KEY ("RestaurantId") REFERENCES "Restaurants" ("RestaurantId") ON DELETE CASCADE
);
2025-02-10 15:22:23.622 +00:00  INF  Executed DbCommand (16ms) [Parameters=[], CommandType='"Text"', CommandTimeout='30']
CREATE TABLE "Items" (
    "ItemId" uuid NOT NULL,
    "Name" text NOT NULL,
    "Description" text NOT NULL,
    price double precision NOT NULL,
    "isOutOfStock" boolean NOT NULL,
    "RestaurantId" uuid NOT NULL,
    "CustomerUserId" uuid,
    "OrderId" uuid,
    CONSTRAINT "PK_Items" PRIMARY KEY ("ItemId"),
    CONSTRAINT "FK_Items_Customers_CustomerUserId" FOREIGN KEY ("CustomerUserId") REFERENCES "Customers" ("UserId"),
    CONSTRAINT "FK_Items_Restaurants_RestaurantId" FOREIGN KEY ("RestaurantId") REFERENCES "Restaurants" ("RestaurantId") ON DELETE CASCADE,
    CONSTRAINT "FK_Items_orders_OrderId" FOREIGN KEY ("OrderId") REFERENCES orders ("OrderId")
);
2025-02-10 15:22:23.633 +00:00  INF  Executed DbCommand (11ms) [Parameters=[], CommandType='"Text"', CommandTimeout='30']
CREATE UNIQUE INDEX "IX_Admins_UserEmail" ON "Admins" ("UserEmail");
2025-02-10 15:22:23.645 +00:00  INF  Executed DbCommand (12ms) [Parameters=[], CommandType='"Text"', CommandTimeout='30']
CREATE UNIQUE INDEX "IX_Admins_UserName" ON "Admins" ("UserName");
2025-02-10 15:22:23.656 +00:00  INF  Executed DbCommand (11ms) [Parameters=[], CommandType='"Text"', CommandTimeout='30']
CREATE UNIQUE INDEX "IX_Customers_UserEmail" ON "Customers" ("UserEmail");
2025-02-10 15:22:23.666 +00:00  INF  Executed DbCommand (11ms) [Parameters=[], CommandType='"Text"', CommandTimeout='30']
CREATE UNIQUE INDEX "IX_Customers_UserName" ON "Customers" ("UserName");
2025-02-10 15:22:23.679 +00:00  INF  Executed DbCommand (12ms) [Parameters=[], CommandType='"Text"', CommandTimeout='30']
CREATE UNIQUE INDEX "IX_DeliveryPersons_UserEmail" ON "DeliveryPersons" ("UserEmail");
2025-02-10 15:22:23.689 +00:00  INF  Executed DbCommand (10ms) [Parameters=[], CommandType='"Text"', CommandTimeout='30']
CREATE UNIQUE INDEX "IX_DeliveryPersons_UserName" ON "DeliveryPersons" ("UserName");
2025-02-10 15:22:23.702 +00:00  INF  Executed DbCommand (12ms) [Parameters=[], CommandType='"Text"', CommandTimeout='30']
CREATE INDEX "IX_Items_CustomerUserId" ON "Items" ("CustomerUserId");
2025-02-10 15:22:23.713 +00:00  INF  Executed DbCommand (11ms) [Parameters=[], CommandType='"Text"', CommandTimeout='30']
CREATE INDEX "IX_Items_OrderId" ON "Items" ("OrderId");
2025-02-10 15:22:23.725 +00:00  INF  Executed DbCommand (12ms) [Parameters=[], CommandType='"Text"', CommandTimeout='30']
CREATE INDEX "IX_Items_RestaurantId" ON "Items" ("RestaurantId");
2025-02-10 15:22:23.735 +00:00  INF  Executed DbCommand (10ms) [Parameters=[], CommandType='"Text"', CommandTimeout='30']
CREATE INDEX "IX_orders_CustomerId" ON orders ("CustomerId");
2025-02-10 15:22:23.746 +00:00  INF  Executed DbCommand (10ms) [Parameters=[], CommandType='"Text"', CommandTimeout='30']
CREATE INDEX "IX_orders_DeliveryPersonId" ON orders ("DeliveryPersonId");
2025-02-10 15:22:23.757 +00:00  INF  Executed DbCommand (11ms) [Parameters=[], CommandType='"Text"', CommandTimeout='30']
CREATE INDEX "IX_orders_RestaurantId" ON orders ("RestaurantId");
2025-02-10 15:22:23.764 +00:00  INF  Executed DbCommand (7ms) [Parameters=[], CommandType='"Text"', CommandTimeout='30']
INSERT INTO "__EFMigrationsHistory" ("MigrationId", "ProductVersion")
VALUES ('20250209170817_InitialCreate', '8.0.1');
2025-02-10 15:24:03.352 +00:00  WRN  Storing keys in a directory '/home/codespace/.aspnet/DataProtection-Keys' that may not be persisted outside of the container. Protected data will be unavailable when container is destroyed. For more information go to https://aka.ms/aspnet/dataprotectionwarning
2025-02-10 15:24:03.388 +00:00  INF  User profile is available. Using '/home/codespace/.aspnet/DataProtection-Keys' as key repository; keys will not be encrypted at rest.
2025-02-10 15:24:03.408 +00:00  INF  Creating key {29a9633a-b0a1-4385-9153-624d15f01172} with creation date 2025-02-10 15:24:03Z, activation date 2025-02-10 15:24:03Z, and expiration date 2025-05-11 15:24:03Z.
2025-02-10 15:24:03.419 +00:00  WRN  No XML encryptor configured. Key {29a9633a-b0a1-4385-9153-624d15f01172} may be persisted to storage in unencrypted form.
2025-02-10 15:24:03.424 +00:00  INF  Writing data to file '/home/codespace/.aspnet/DataProtection-Keys/key-29a9633a-b0a1-4385-9153-624d15f01172.xml'.
2025-02-10 15:24:03.500 +00:00  INF  Now listening on: http://localhost:5275
2025-02-10 15:24:03.504 +00:00  INF  Application started. Press Ctrl+C to shut down.
2025-02-10 15:24:03.504 +00:00  INF  Hosting environment: Development
2025-02-10 15:24:03.504 +00:00  INF  Content root path: /workspaces/FoodDeliveryAPI/FoodDeliveryAPI/FoodDeliveryAPI
2025-02-10 15:24:13.939 +00:00  INF  Request starting HTTP/1.1 GET http://localhost:5275/ - null null
2025-02-10 15:24:13.977 +00:00  ERR  HTTP GET / responded 500 in 11.0493 msSystem.ArgumentException: IDX10703: Cannot create a 'Microsoft.IdentityModel.Tokens.SymmetricSecurityKey', key length is zero.
   at Microsoft.IdentityModel.Tokens.SymmetricSecurityKey..ctor(Byte[] key)
   at Program.<>c__DisplayClass0_0.<<Main>$>b__4(JwtBearerOptions item) in /workspaces/FoodDeliveryAPI/FoodDeliveryAPI/FoodDeliveryAPI/Program.cs:line 68
   at Microsoft.Extensions.Options.ConfigureNamedOptions`1.Configure(String name, TOptions options)
   at Microsoft.Extensions.Options.OptionsFactory`1.Create(String name)
   at Microsoft.Extensions.Options.OptionsMonitor`1.<>c.<Get>b__10_0(String name, IOptionsFactory`1 factory)
   at Microsoft.Extensions.Options.OptionsCache`1.<>c__DisplayClass3_1`1.<GetOrAdd>b__2()
   at System.Lazy`1.ViaFactory(LazyThreadSafetyMode mode)
   at System.Lazy`1.ExecutionAndPublication(LazyHelper executionAndPublication, Boolean useDefaultConstructor)
   at System.Lazy`1.CreateValue()
   at Microsoft.Extensions.Options.OptionsCache`1.GetOrAdd[TArg](String name, Func`3 createOptions, TArg factoryArgument)
   at Microsoft.Extensions.Options.OptionsMonitor`1.Get(String name)
   at Microsoft.AspNetCore.Authentication.AuthenticationHandler`1.InitializeAsync(AuthenticationScheme scheme, HttpContext context)
   at Microsoft.AspNetCore.Authentication.AuthenticationHandlerProvider.GetHandlerAsync(HttpContext context, String authenticationScheme)
   at Microsoft.AspNetCore.Authentication.AuthenticationService.AuthenticateAsync(HttpContext context, String scheme)
   at Microsoft.AspNetCore.Authentication.AuthenticationMiddleware.Invoke(HttpContext context)
   at Serilog.AspNetCore.RequestLoggingMiddleware.Invoke(HttpContext httpContext)

2025-02-10 15:24:13.985 +00:00  ERR  An unhandled exception has occurred while executing the request.System.ArgumentException: IDX10703: Cannot create a 'Microsoft.IdentityModel.Tokens.SymmetricSecurityKey', key length is zero.
   at Microsoft.IdentityModel.Tokens.SymmetricSecurityKey..ctor(Byte[] key)
   at Program.<>c__DisplayClass0_0.<<Main>$>b__4(JwtBearerOptions item) in /workspaces/FoodDeliveryAPI/FoodDeliveryAPI/FoodDeliveryAPI/Program.cs:line 68
   at Microsoft.Extensions.Options.ConfigureNamedOptions`1.Configure(String name, TOptions options)
   at Microsoft.Extensions.Options.OptionsFactory`1.Create(String name)
   at Microsoft.Extensions.Options.OptionsMonitor`1.<>c.<Get>b__10_0(String name, IOptionsFactory`1 factory)
   at Microsoft.Extensions.Options.OptionsCache`1.<>c__DisplayClass3_1`1.<GetOrAdd>b__2()
   at System.Lazy`1.ViaFactory(LazyThreadSafetyMode mode)
   at System.Lazy`1.ExecutionAndPublication(LazyHelper executionAndPublication, Boolean useDefaultConstructor)
   at System.Lazy`1.CreateValue()
   at Microsoft.Extensions.Options.OptionsCache`1.GetOrAdd[TArg](String name, Func`3 createOptions, TArg factoryArgument)
   at Microsoft.Extensions.Options.OptionsMonitor`1.Get(String name)
   at Microsoft.AspNetCore.Authentication.AuthenticationHandler`1.InitializeAsync(AuthenticationScheme scheme, HttpContext context)
   at Microsoft.AspNetCore.Authentication.AuthenticationHandlerProvider.GetHandlerAsync(HttpContext context, String authenticationScheme)
   at Microsoft.AspNetCore.Authentication.AuthenticationService.AuthenticateAsync(HttpContext context, String scheme)
   at Microsoft.AspNetCore.Authentication.AuthenticationMiddleware.Invoke(HttpContext context)
   at Serilog.AspNetCore.RequestLoggingMiddleware.Invoke(HttpContext httpContext)
   at Swashbuckle.AspNetCore.SwaggerUI.SwaggerUIMiddleware.Invoke(HttpContext httpContext)
   at Swashbuckle.AspNetCore.Swagger.SwaggerMiddleware.Invoke(HttpContext httpContext, ISwaggerProvider swaggerProvider)
   at Microsoft.AspNetCore.Diagnostics.DeveloperExceptionPageMiddlewareImpl.Invoke(HttpContext context)

2025-02-10 15:24:14.001 +00:00  INF  Request finished HTTP/1.1 GET http://localhost:5275/ - 500 null text/html; charset=utf-8 61.8716ms
2025-02-10 15:24:14.352 +00:00  INF  Request starting HTTP/1.1 GET http://localhost:5275/favicon.ico - null null
2025-02-10 15:24:14.358 +00:00  ERR  HTTP GET /favicon.ico responded 500 in 3.9851 msSystem.ArgumentException: IDX10703: Cannot create a 'Microsoft.IdentityModel.Tokens.SymmetricSecurityKey', key length is zero.
   at Microsoft.IdentityModel.Tokens.SymmetricSecurityKey..ctor(Byte[] key)
   at Program.<>c__DisplayClass0_0.<<Main>$>b__4(JwtBearerOptions item) in /workspaces/FoodDeliveryAPI/FoodDeliveryAPI/FoodDeliveryAPI/Program.cs:line 68
   at Microsoft.Extensions.Options.ConfigureNamedOptions`1.Configure(String name, TOptions options)
   at Microsoft.Extensions.Options.OptionsFactory`1.Create(String name)
   at Microsoft.Extensions.Options.OptionsMonitor`1.<>c.<Get>b__10_0(String name, IOptionsFactory`1 factory)
   at Microsoft.Extensions.Options.OptionsCache`1.<>c__DisplayClass3_1`1.<GetOrAdd>b__2()
   at System.Lazy`1.ViaFactory(LazyThreadSafetyMode mode)
--- End of stack trace from previous location ---
   at System.Lazy`1.CreateValue()
   at Microsoft.Extensions.Options.OptionsCache`1.GetOrAdd[TArg](String name, Func`3 createOptions, TArg factoryArgument)
   at Microsoft.Extensions.Options.OptionsMonitor`1.Get(String name)
   at Microsoft.AspNetCore.Authentication.AuthenticationHandler`1.InitializeAsync(AuthenticationScheme scheme, HttpContext context)
   at Microsoft.AspNetCore.Authentication.AuthenticationHandlerProvider.GetHandlerAsync(HttpContext context, String authenticationScheme)
   at Microsoft.AspNetCore.Authentication.AuthenticationService.AuthenticateAsync(HttpContext context, String scheme)
   at Microsoft.AspNetCore.Authentication.AuthenticationMiddleware.Invoke(HttpContext context)
   at Serilog.AspNetCore.RequestLoggingMiddleware.Invoke(HttpContext httpContext)

2025-02-10 15:24:14.359 +00:00  ERR  An unhandled exception has occurred while executing the request.System.ArgumentException: IDX10703: Cannot create a 'Microsoft.IdentityModel.Tokens.SymmetricSecurityKey', key length is zero.
   at Microsoft.IdentityModel.Tokens.SymmetricSecurityKey..ctor(Byte[] key)
   at Program.<>c__DisplayClass0_0.<<Main>$>b__4(JwtBearerOptions item) in /workspaces/FoodDeliveryAPI/FoodDeliveryAPI/FoodDeliveryAPI/Program.cs:line 68
   at Microsoft.Extensions.Options.ConfigureNamedOptions`1.Configure(String name, TOptions options)
   at Microsoft.Extensions.Options.OptionsFactory`1.Create(String name)
   at Microsoft.Extensions.Options.OptionsMonitor`1.<>c.<Get>b__10_0(String name, IOptionsFactory`1 factory)
   at Microsoft.Extensions.Options.OptionsCache`1.<>c__DisplayClass3_1`1.<GetOrAdd>b__2()
   at System.Lazy`1.ViaFactory(LazyThreadSafetyMode mode)
--- End of stack trace from previous location ---
   at System.Lazy`1.CreateValue()
   at Microsoft.Extensions.Options.OptionsCache`1.GetOrAdd[TArg](String name, Func`3 createOptions, TArg factoryArgument)
   at Microsoft.Extensions.Options.OptionsMonitor`1.Get(String name)
   at Microsoft.AspNetCore.Authentication.AuthenticationHandler`1.InitializeAsync(AuthenticationScheme scheme, HttpContext context)
   at Microsoft.AspNetCore.Authentication.AuthenticationHandlerProvider.GetHandlerAsync(HttpContext context, String authenticationScheme)
   at Microsoft.AspNetCore.Authentication.AuthenticationService.AuthenticateAsync(HttpContext context, String scheme)
   at Microsoft.AspNetCore.Authentication.AuthenticationMiddleware.Invoke(HttpContext context)
   at Serilog.AspNetCore.RequestLoggingMiddleware.Invoke(HttpContext httpContext)
   at Swashbuckle.AspNetCore.SwaggerUI.SwaggerUIMiddleware.Invoke(HttpContext httpContext)
   at Swashbuckle.AspNetCore.Swagger.SwaggerMiddleware.Invoke(HttpContext httpContext, ISwaggerProvider swaggerProvider)
   at Microsoft.AspNetCore.Diagnostics.DeveloperExceptionPageMiddlewareImpl.Invoke(HttpContext context)

2025-02-10 15:24:14.363 +00:00  INF  Request finished HTTP/1.1 GET http://localhost:5275/favicon.ico - 500 null text/plain; charset=utf-8 11.3049ms
2025-02-10 15:27:35.398 +00:00  INF  Application is shutting down...
2025-02-10 15:52:48.253 +00:00  WRN  Storing keys in a directory '/home/codespace/.aspnet/DataProtection-Keys' that may not be persisted outside of the container. Protected data will be unavailable when container is destroyed. For more information go to https://aka.ms/aspnet/dataprotectionwarning
2025-02-10 15:52:48.291 +00:00  INF  User profile is available. Using '/home/codespace/.aspnet/DataProtection-Keys' as key repository; keys will not be encrypted at rest.
2025-02-10 15:52:48.390 +00:00  INF  Now listening on: http://localhost:5275
2025-02-10 15:52:48.394 +00:00  INF  Application started. Press Ctrl+C to shut down.
2025-02-10 15:52:48.394 +00:00  INF  Hosting environment: Development
2025-02-10 15:52:48.394 +00:00  INF  Content root path: /workspaces/FoodDeliveryAPI/FoodDeliveryAPI/FoodDeliveryAPI
2025-02-10 15:53:01.383 +00:00  INF  Request starting HTTP/1.1 GET http://localhost:5275/ - null null
2025-02-10 15:53:01.426 +00:00  WRN  Failed to determine the https port for redirect.
2025-02-10 15:53:01.428 +00:00  INF  HTTP GET / responded 404 in 17.7155 ms
2025-02-10 15:53:01.433 +00:00  INF  Request finished HTTP/1.1 GET http://localhost:5275/ - 404 0 null 50.3138ms
2025-02-10 15:53:01.436 +00:00  INF  Request reached the end of the middleware pipeline without being handled by application code. Request path: GET http://localhost:5275/, Response status code: 404
2025-02-10 15:53:09.270 +00:00  INF  Request starting HTTP/1.1 GET http://localhost:5275/swagger - null null
2025-02-10 15:53:09.275 +00:00  INF  Request finished HTTP/1.1 GET http://localhost:5275/swagger - 301 0 null 4.5315ms
2025-02-10 15:53:09.514 +00:00  INF  Request starting HTTP/1.1 GET http://localhost:5275/swagger/index.html - null null
2025-02-10 15:53:09.556 +00:00  INF  Request finished HTTP/1.1 GET http://localhost:5275/swagger/index.html - 200 null text/html;charset=utf-8 41.8364ms
2025-02-10 15:53:09.694 +00:00  INF  Request starting HTTP/1.1 GET http://localhost:5275/swagger/swagger-ui-standalone-preset.js - null null
2025-02-10 15:53:09.712 +00:00  INF  Sending file. Request path: '/swagger-ui-standalone-preset.js'. Physical path: 'N/A'
2025-02-10 15:53:09.712 +00:00  INF  Request finished HTTP/1.1 GET http://localhost:5275/swagger/swagger-ui-standalone-preset.js - 200 312163 text/javascript 18.8361ms
2025-02-10 15:53:09.947 +00:00  INF  Request starting HTTP/1.1 GET http://localhost:5275/swagger/swagger-ui-bundle.js - null null
2025-02-10 15:53:09.956 +00:00  INF  Sending file. Request path: '/swagger-ui-bundle.js'. Physical path: 'N/A'
2025-02-10 15:53:09.961 +00:00  INF  Request finished HTTP/1.1 GET http://localhost:5275/swagger/swagger-ui-bundle.js - 200 1061536 text/javascript 13.4895ms
2025-02-10 15:53:09.967 +00:00  INF  Request starting HTTP/1.1 GET http://localhost:5275/swagger/swagger-ui.css - null null
2025-02-10 15:53:09.968 +00:00  INF  Sending file. Request path: '/swagger-ui.css'. Physical path: 'N/A'
2025-02-10 15:53:09.968 +00:00  INF  Request finished HTTP/1.1 GET http://localhost:5275/swagger/swagger-ui.css - 200 144929 text/css 0.8987ms
2025-02-10 15:53:10.533 +00:00  INF  Request starting HTTP/1.1 GET http://localhost:5275/swagger/favicon-32x32.png - null null
2025-02-10 15:53:10.534 +00:00  INF  Sending file. Request path: '/favicon-32x32.png'. Physical path: 'N/A'
2025-02-10 15:53:10.534 +00:00  INF  Request finished HTTP/1.1 GET http://localhost:5275/swagger/favicon-32x32.png - 200 628 image/png 0.7534ms
2025-02-10 15:53:10.667 +00:00  INF  Request starting HTTP/1.1 GET http://localhost:5275/swagger/v1/swagger.json - null null
2025-02-10 15:53:10.805 +00:00  INF  Request finished HTTP/1.1 GET http://localhost:5275/swagger/v1/swagger.json - 200 null application/json;charset=utf-8 138.3733ms
2025-02-10 15:54:08.642 +00:00  INF  Request starting HTTP/1.1 POST http://localhost:5275/Customer/signup - application/json 111
2025-02-10 15:54:08.647 +00:00  INF  CORS policy execution successful.
2025-02-10 15:54:08.649 +00:00  INF  Executing endpoint 'FoodDeliveryAPI.Controllers.CustomerController.AddCustomer (FoodDeliveryAPI)'
2025-02-10 15:54:08.667 +00:00  INF  Route matched with {action = "AddCustomer", controller = "Customer"}. Executing controller action with signature System.Threading.Tasks.Task`1[Microsoft.AspNetCore.Mvc.ActionResult`1[FoodDeliveryAPI.Domain.DTO.CustomerDTO]] AddCustomer(FoodDeliveryAPI.Domain.DTO.UserDTO) on controller FoodDeliveryAPI.Controllers.CustomerController (FoodDeliveryAPI).
2025-02-10 15:54:09.804 +00:00  ERR  Failed executing DbCommand (28ms) [Parameters=[@p0='?' (DbType = Guid), @p1='?' (DbType = DateTime), @p2='?', @p3='?', @p4='?', @p5='?'], CommandType='"Text"', CommandTimeout='30']
INSERT INTO "Customers" ("UserId", "CreatedAt", "Password", "Role", "UserEmail", "UserName")
VALUES (@p0, @p1, @p2, @p3, @p4, @p5);
2025-02-10 15:54:09.823 +00:00  ERR  An exception occurred in the database while saving changes for context type 'FoodDeliveryAPI.DataAcces.Data.FoodDeliveryAPIContext'.
Microsoft.EntityFrameworkCore.DbUpdateException: An error occurred while saving the entity changes. See the inner exception for details.
 ---> System.ArgumentException: Cannot write DateTime with Kind=Local to PostgreSQL type 'timestamp with time zone', only UTC is supported. Note that it's not possible to mix DateTimes with different Kinds in an array, range, or multirange. (Parameter 'value')
   at Npgsql.Internal.Converters.DateTimeConverterResolver`1.Get(DateTime value, Nullable`1 expectedPgTypeId, Boolean validateOnly)
   at Npgsql.Internal.Converters.DateTimeConverterResolver.<>c.<CreateResolver>b__0_0(DateTimeConverterResolver`1 resolver, DateTime value, Nullable`1 expectedPgTypeId)
   at Npgsql.Internal.Converters.DateTimeConverterResolver`1.Get(T value, Nullable`1 expectedPgTypeId)
   at Npgsql.Internal.PgConverterResolver`1.GetAsObjectInternal(PgTypeInfo typeInfo, Object value, Nullable`1 expectedPgTypeId)
   at Npgsql.Internal.PgResolverTypeInfo.GetResolutionAsObject(Object value, Nullable`1 expectedPgTypeId)
   at Npgsql.Internal.PgTypeInfo.GetObjectResolution(Object value)
   at Npgsql.NpgsqlParameter.ResolveConverter(PgTypeInfo typeInfo)
   at Npgsql.NpgsqlParameter.ResolveTypeInfo(PgSerializerOptions options)
   at Npgsql.NpgsqlParameterCollection.ProcessParameters(PgSerializerOptions options, Boolean validateValues, CommandType commandType)
   at Npgsql.NpgsqlCommand.ExecuteReader(Boolean async, CommandBehavior behavior, CancellationToken cancellationToken)
   at Npgsql.NpgsqlCommand.ExecuteReader(Boolean async, CommandBehavior behavior, CancellationToken cancellationToken)
   at Npgsql.NpgsqlCommand.ExecuteDbDataReaderAsync(CommandBehavior behavior, CancellationToken cancellationToken)
   at Microsoft.EntityFrameworkCore.Storage.RelationalCommand.ExecuteReaderAsync(RelationalCommandParameterObject parameterObject, CancellationToken cancellationToken)
   at Microsoft.EntityFrameworkCore.Storage.RelationalCommand.ExecuteReaderAsync(RelationalCommandParameterObject parameterObject, CancellationToken cancellationToken)
   at Microsoft.EntityFrameworkCore.Update.ReaderModificationCommandBatch.ExecuteAsync(IRelationalConnection connection, CancellationToken cancellationToken)
   --- End of inner exception stack trace ---
   at Microsoft.EntityFrameworkCore.Update.ReaderModificationCommandBatch.ExecuteAsync(IRelationalConnection connection, CancellationToken cancellationToken)
   at Microsoft.EntityFrameworkCore.Update.Internal.BatchExecutor.ExecuteAsync(IEnumerable`1 commandBatches, IRelationalConnection connection, CancellationToken cancellationToken)
   at Microsoft.EntityFrameworkCore.Update.Internal.BatchExecutor.ExecuteAsync(IEnumerable`1 commandBatches, IRelationalConnection connection, CancellationToken cancellationToken)
   at Microsoft.EntityFrameworkCore.Update.Internal.BatchExecutor.ExecuteAsync(IEnumerable`1 commandBatches, IRelationalConnection connection, CancellationToken cancellationToken)
   at Microsoft.EntityFrameworkCore.ChangeTracking.Internal.StateManager.SaveChangesAsync(IList`1 entriesToSave, CancellationToken cancellationToken)
   at Microsoft.EntityFrameworkCore.ChangeTracking.Internal.StateManager.SaveChangesAsync(StateManager stateManager, Boolean acceptAllChangesOnSuccess, CancellationToken cancellationToken)
   at Npgsql.EntityFrameworkCore.PostgreSQL.Storage.Internal.NpgsqlExecutionStrategy.ExecuteAsync[TState,TResult](TState state, Func`4 operation, Func`4 verifySucceeded, CancellationToken cancellationToken)
   at Microsoft.EntityFrameworkCore.DbContext.SaveChangesAsync(Boolean acceptAllChangesOnSuccess, CancellationToken cancellationToken)Microsoft.EntityFrameworkCore.DbUpdateException: An error occurred while saving the entity changes. See the inner exception for details.
 ---> System.ArgumentException: Cannot write DateTime with Kind=Local to PostgreSQL type 'timestamp with time zone', only UTC is supported. Note that it's not possible to mix DateTimes with different Kinds in an array, range, or multirange. (Parameter 'value')
   at Npgsql.Internal.Converters.DateTimeConverterResolver`1.Get(DateTime value, Nullable`1 expectedPgTypeId, Boolean validateOnly)
   at Npgsql.Internal.Converters.DateTimeConverterResolver.<>c.<CreateResolver>b__0_0(DateTimeConverterResolver`1 resolver, DateTime value, Nullable`1 expectedPgTypeId)
   at Npgsql.Internal.Converters.DateTimeConverterResolver`1.Get(T value, Nullable`1 expectedPgTypeId)
   at Npgsql.Internal.PgConverterResolver`1.GetAsObjectInternal(PgTypeInfo typeInfo, Object value, Nullable`1 expectedPgTypeId)
   at Npgsql.Internal.PgResolverTypeInfo.GetResolutionAsObject(Object value, Nullable`1 expectedPgTypeId)
   at Npgsql.Internal.PgTypeInfo.GetObjectResolution(Object value)
   at Npgsql.NpgsqlParameter.ResolveConverter(PgTypeInfo typeInfo)
   at Npgsql.NpgsqlParameter.ResolveTypeInfo(PgSerializerOptions options)
   at Npgsql.NpgsqlParameterCollection.ProcessParameters(PgSerializerOptions options, Boolean validateValues, CommandType commandType)
   at Npgsql.NpgsqlCommand.ExecuteReader(Boolean async, CommandBehavior behavior, CancellationToken cancellationToken)
   at Npgsql.NpgsqlCommand.ExecuteReader(Boolean async, CommandBehavior behavior, CancellationToken cancellationToken)
   at Npgsql.NpgsqlCommand.ExecuteDbDataReaderAsync(CommandBehavior behavior, CancellationToken cancellationToken)
   at Microsoft.EntityFrameworkCore.Storage.RelationalCommand.ExecuteReaderAsync(RelationalCommandParameterObject parameterObject, CancellationToken cancellationToken)
   at Microsoft.EntityFrameworkCore.Storage.RelationalCommand.ExecuteReaderAsync(RelationalCommandParameterObject parameterObject, CancellationToken cancellationToken)
   at Microsoft.EntityFrameworkCore.Update.ReaderModificationCommandBatch.ExecuteAsync(IRelationalConnection connection, CancellationToken cancellationToken)
   --- End of inner exception stack trace ---
   at Microsoft.EntityFrameworkCore.Update.ReaderModificationCommandBatch.ExecuteAsync(IRelationalConnection connection, CancellationToken cancellationToken)
   at Microsoft.EntityFrameworkCore.Update.Internal.BatchExecutor.ExecuteAsync(IEnumerable`1 commandBatches, IRelationalConnection connection, CancellationToken cancellationToken)
   at Microsoft.EntityFrameworkCore.Update.Internal.BatchExecutor.ExecuteAsync(IEnumerable`1 commandBatches, IRelationalConnection connection, CancellationToken cancellationToken)
   at Microsoft.EntityFrameworkCore.Update.Internal.BatchExecutor.ExecuteAsync(IEnumerable`1 commandBatches, IRelationalConnection connection, CancellationToken cancellationToken)
   at Microsoft.EntityFrameworkCore.ChangeTracking.Internal.StateManager.SaveChangesAsync(IList`1 entriesToSave, CancellationToken cancellationToken)
   at Microsoft.EntityFrameworkCore.ChangeTracking.Internal.StateManager.SaveChangesAsync(StateManager stateManager, Boolean acceptAllChangesOnSuccess, CancellationToken cancellationToken)
   at Npgsql.EntityFrameworkCore.PostgreSQL.Storage.Internal.NpgsqlExecutionStrategy.ExecuteAsync[TState,TResult](TState state, Func`4 operation, Func`4 verifySucceeded, CancellationToken cancellationToken)
   at Microsoft.EntityFrameworkCore.DbContext.SaveChangesAsync(Boolean acceptAllChangesOnSuccess, CancellationToken cancellationToken)

2025-02-10 15:54:09.828 +00:00  INF  Executed action FoodDeliveryAPI.Controllers.CustomerController.AddCustomer (FoodDeliveryAPI) in 1157.829ms
2025-02-10 15:54:09.828 +00:00  INF  Executed endpoint 'FoodDeliveryAPI.Controllers.CustomerController.AddCustomer (FoodDeliveryAPI)'
2025-02-10 15:54:09.829 +00:00  ERR  HTTP POST /Customer/signup responded 500 in 1185.5048 msMicrosoft.EntityFrameworkCore.DbUpdateException: An error occurred while saving the entity changes. See the inner exception for details.
 ---> System.ArgumentException: Cannot write DateTime with Kind=Local to PostgreSQL type 'timestamp with time zone', only UTC is supported. Note that it's not possible to mix DateTimes with different Kinds in an array, range, or multirange. (Parameter 'value')
   at Npgsql.Internal.Converters.DateTimeConverterResolver`1.Get(DateTime value, Nullable`1 expectedPgTypeId, Boolean validateOnly)
   at Npgsql.Internal.Converters.DateTimeConverterResolver.<>c.<CreateResolver>b__0_0(DateTimeConverterResolver`1 resolver, DateTime value, Nullable`1 expectedPgTypeId)
   at Npgsql.Internal.Converters.DateTimeConverterResolver`1.Get(T value, Nullable`1 expectedPgTypeId)
   at Npgsql.Internal.PgConverterResolver`1.GetAsObjectInternal(PgTypeInfo typeInfo, Object value, Nullable`1 expectedPgTypeId)
   at Npgsql.Internal.PgResolverTypeInfo.GetResolutionAsObject(Object value, Nullable`1 expectedPgTypeId)
   at Npgsql.Internal.PgTypeInfo.GetObjectResolution(Object value)
   at Npgsql.NpgsqlParameter.ResolveConverter(PgTypeInfo typeInfo)
   at Npgsql.NpgsqlParameter.ResolveTypeInfo(PgSerializerOptions options)
   at Npgsql.NpgsqlParameterCollection.ProcessParameters(PgSerializerOptions options, Boolean validateValues, CommandType commandType)
   at Npgsql.NpgsqlCommand.ExecuteReader(Boolean async, CommandBehavior behavior, CancellationToken cancellationToken)
   at Npgsql.NpgsqlCommand.ExecuteReader(Boolean async, CommandBehavior behavior, CancellationToken cancellationToken)
   at Npgsql.NpgsqlCommand.ExecuteDbDataReaderAsync(CommandBehavior behavior, CancellationToken cancellationToken)
   at Microsoft.EntityFrameworkCore.Storage.RelationalCommand.ExecuteReaderAsync(RelationalCommandParameterObject parameterObject, CancellationToken cancellationToken)
   at Microsoft.EntityFrameworkCore.Storage.RelationalCommand.ExecuteReaderAsync(RelationalCommandParameterObject parameterObject, CancellationToken cancellationToken)
   at Microsoft.EntityFrameworkCore.Update.ReaderModificationCommandBatch.ExecuteAsync(IRelationalConnection connection, CancellationToken cancellationToken)
   --- End of inner exception stack trace ---
   at Microsoft.EntityFrameworkCore.Update.ReaderModificationCommandBatch.ExecuteAsync(IRelationalConnection connection, CancellationToken cancellationToken)
   at Microsoft.EntityFrameworkCore.Update.Internal.BatchExecutor.ExecuteAsync(IEnumerable`1 commandBatches, IRelationalConnection connection, CancellationToken cancellationToken)
   at Microsoft.EntityFrameworkCore.Update.Internal.BatchExecutor.ExecuteAsync(IEnumerable`1 commandBatches, IRelationalConnection connection, CancellationToken cancellationToken)
   at Microsoft.EntityFrameworkCore.Update.Internal.BatchExecutor.ExecuteAsync(IEnumerable`1 commandBatches, IRelationalConnection connection, CancellationToken cancellationToken)
   at Microsoft.EntityFrameworkCore.ChangeTracking.Internal.StateManager.SaveChangesAsync(IList`1 entriesToSave, CancellationToken cancellationToken)
   at Microsoft.EntityFrameworkCore.ChangeTracking.Internal.StateManager.SaveChangesAsync(StateManager stateManager, Boolean acceptAllChangesOnSuccess, CancellationToken cancellationToken)
   at Npgsql.EntityFrameworkCore.PostgreSQL.Storage.Internal.NpgsqlExecutionStrategy.ExecuteAsync[TState,TResult](TState state, Func`4 operation, Func`4 verifySucceeded, CancellationToken cancellationToken)
   at Microsoft.EntityFrameworkCore.DbContext.SaveChangesAsync(Boolean acceptAllChangesOnSuccess, CancellationToken cancellationToken)
   at Microsoft.EntityFrameworkCore.DbContext.SaveChangesAsync(Boolean acceptAllChangesOnSuccess, CancellationToken cancellationToken)
   at FoodDeliveryAPI.Domain.Service.CustomerService.AddCustomer(Customer customer) in /workspaces/FoodDeliveryAPI/FoodDeliveryAPI/FoodDeliveryAPI.Domain/Service/CustomerService.cs:line 31
   at FoodDeliveryAPI.Controllers.CustomerController.AddCustomer(UserDTO user) in /workspaces/FoodDeliveryAPI/FoodDeliveryAPI/FoodDeliveryAPI/Controllers/CustomerController.cs:line 76
   at lambda_method6(Closure, Object)
   at Microsoft.AspNetCore.Mvc.Infrastructure.ActionMethodExecutor.AwaitableObjectResultExecutor.Execute(ActionContext actionContext, IActionResultTypeMapper mapper, ObjectMethodExecutor executor, Object controller, Object[] arguments)
   at Microsoft.AspNetCore.Mvc.Infrastructure.ControllerActionInvoker.<InvokeActionMethodAsync>g__Awaited|12_0(ControllerActionInvoker invoker, ValueTask`1 actionResultValueTask)
   at Microsoft.AspNetCore.Mvc.Infrastructure.ControllerActionInvoker.<InvokeNextActionFilterAsync>g__Awaited|10_0(ControllerActionInvoker invoker, Task lastTask, State next, Scope scope, Object state, Boolean isCompleted)
   at Microsoft.AspNetCore.Mvc.Infrastructure.ControllerActionInvoker.Rethrow(ActionExecutedContextSealed context)
   at Microsoft.AspNetCore.Mvc.Infrastructure.ControllerActionInvoker.Next(State& next, Scope& scope, Object& state, Boolean& isCompleted)
   at Microsoft.AspNetCore.Mvc.Infrastructure.ControllerActionInvoker.<InvokeInnerFilterAsync>g__Awaited|13_0(ControllerActionInvoker invoker, Task lastTask, State next, Scope scope, Object state, Boolean isCompleted)
   at Microsoft.AspNetCore.Mvc.Infrastructure.ResourceInvoker.<InvokeFilterPipelineAsync>g__Awaited|20_0(ResourceInvoker invoker, Task lastTask, State next, Scope scope, Object state, Boolean isCompleted)
   at Microsoft.AspNetCore.Mvc.Infrastructure.ResourceInvoker.<InvokeAsync>g__Logged|17_1(ResourceInvoker invoker)
   at Microsoft.AspNetCore.Mvc.Infrastructure.ResourceInvoker.<InvokeAsync>g__Logged|17_1(ResourceInvoker invoker)
   at Microsoft.AspNetCore.Routing.EndpointMiddleware.<Invoke>g__AwaitRequestTask|7_0(Endpoint endpoint, Task requestTask, ILogger logger)
   at Microsoft.AspNetCore.Authorization.AuthorizationMiddleware.Invoke(HttpContext context)
   at Microsoft.AspNetCore.Authorization.AuthorizationMiddleware.Invoke(HttpContext context)
   at Microsoft.AspNetCore.Authentication.AuthenticationMiddleware.Invoke(HttpContext context)
   at Serilog.AspNetCore.RequestLoggingMiddleware.Invoke(HttpContext httpContext)

2025-02-10 15:54:09.832 +00:00  ERR  An unhandled exception has occurred while executing the request.Microsoft.EntityFrameworkCore.DbUpdateException: An error occurred while saving the entity changes. See the inner exception for details.
 ---> System.ArgumentException: Cannot write DateTime with Kind=Local to PostgreSQL type 'timestamp with time zone', only UTC is supported. Note that it's not possible to mix DateTimes with different Kinds in an array, range, or multirange. (Parameter 'value')
   at Npgsql.Internal.Converters.DateTimeConverterResolver`1.Get(DateTime value, Nullable`1 expectedPgTypeId, Boolean validateOnly)
   at Npgsql.Internal.Converters.DateTimeConverterResolver.<>c.<CreateResolver>b__0_0(DateTimeConverterResolver`1 resolver, DateTime value, Nullable`1 expectedPgTypeId)
   at Npgsql.Internal.Converters.DateTimeConverterResolver`1.Get(T value, Nullable`1 expectedPgTypeId)
   at Npgsql.Internal.PgConverterResolver`1.GetAsObjectInternal(PgTypeInfo typeInfo, Object value, Nullable`1 expectedPgTypeId)
   at Npgsql.Internal.PgResolverTypeInfo.GetResolutionAsObject(Object value, Nullable`1 expectedPgTypeId)
   at Npgsql.Internal.PgTypeInfo.GetObjectResolution(Object value)
   at Npgsql.NpgsqlParameter.ResolveConverter(PgTypeInfo typeInfo)
   at Npgsql.NpgsqlParameter.ResolveTypeInfo(PgSerializerOptions options)
   at Npgsql.NpgsqlParameterCollection.ProcessParameters(PgSerializerOptions options, Boolean validateValues, CommandType commandType)
   at Npgsql.NpgsqlCommand.ExecuteReader(Boolean async, CommandBehavior behavior, CancellationToken cancellationToken)
   at Npgsql.NpgsqlCommand.ExecuteReader(Boolean async, CommandBehavior behavior, CancellationToken cancellationToken)
   at Npgsql.NpgsqlCommand.ExecuteDbDataReaderAsync(CommandBehavior behavior, CancellationToken cancellationToken)
   at Microsoft.EntityFrameworkCore.Storage.RelationalCommand.ExecuteReaderAsync(RelationalCommandParameterObject parameterObject, CancellationToken cancellationToken)
   at Microsoft.EntityFrameworkCore.Storage.RelationalCommand.ExecuteReaderAsync(RelationalCommandParameterObject parameterObject, CancellationToken cancellationToken)
   at Microsoft.EntityFrameworkCore.Update.ReaderModificationCommandBatch.ExecuteAsync(IRelationalConnection connection, CancellationToken cancellationToken)
   --- End of inner exception stack trace ---
   at Microsoft.EntityFrameworkCore.Update.ReaderModificationCommandBatch.ExecuteAsync(IRelationalConnection connection, CancellationToken cancellationToken)
   at Microsoft.EntityFrameworkCore.Update.Internal.BatchExecutor.ExecuteAsync(IEnumerable`1 commandBatches, IRelationalConnection connection, CancellationToken cancellationToken)
   at Microsoft.EntityFrameworkCore.Update.Internal.BatchExecutor.ExecuteAsync(IEnumerable`1 commandBatches, IRelationalConnection connection, CancellationToken cancellationToken)
   at Microsoft.EntityFrameworkCore.Update.Internal.BatchExecutor.ExecuteAsync(IEnumerable`1 commandBatches, IRelationalConnection connection, CancellationToken cancellationToken)
   at Microsoft.EntityFrameworkCore.ChangeTracking.Internal.StateManager.SaveChangesAsync(IList`1 entriesToSave, CancellationToken cancellationToken)
   at Microsoft.EntityFrameworkCore.ChangeTracking.Internal.StateManager.SaveChangesAsync(StateManager stateManager, Boolean acceptAllChangesOnSuccess, CancellationToken cancellationToken)
   at Npgsql.EntityFrameworkCore.PostgreSQL.Storage.Internal.NpgsqlExecutionStrategy.ExecuteAsync[TState,TResult](TState state, Func`4 operation, Func`4 verifySucceeded, CancellationToken cancellationToken)
   at Microsoft.EntityFrameworkCore.DbContext.SaveChangesAsync(Boolean acceptAllChangesOnSuccess, CancellationToken cancellationToken)
   at Microsoft.EntityFrameworkCore.DbContext.SaveChangesAsync(Boolean acceptAllChangesOnSuccess, CancellationToken cancellationToken)
   at FoodDeliveryAPI.Domain.Service.CustomerService.AddCustomer(Customer customer) in /workspaces/FoodDeliveryAPI/FoodDeliveryAPI/FoodDeliveryAPI.Domain/Service/CustomerService.cs:line 31
   at FoodDeliveryAPI.Controllers.CustomerController.AddCustomer(UserDTO user) in /workspaces/FoodDeliveryAPI/FoodDeliveryAPI/FoodDeliveryAPI/Controllers/CustomerController.cs:line 76
   at lambda_method6(Closure, Object)
   at Microsoft.AspNetCore.Mvc.Infrastructure.ActionMethodExecutor.AwaitableObjectResultExecutor.Execute(ActionContext actionContext, IActionResultTypeMapper mapper, ObjectMethodExecutor executor, Object controller, Object[] arguments)
   at Microsoft.AspNetCore.Mvc.Infrastructure.ControllerActionInvoker.<InvokeActionMethodAsync>g__Awaited|12_0(ControllerActionInvoker invoker, ValueTask`1 actionResultValueTask)
   at Microsoft.AspNetCore.Mvc.Infrastructure.ControllerActionInvoker.<InvokeNextActionFilterAsync>g__Awaited|10_0(ControllerActionInvoker invoker, Task lastTask, State next, Scope scope, Object state, Boolean isCompleted)
   at Microsoft.AspNetCore.Mvc.Infrastructure.ControllerActionInvoker.Rethrow(ActionExecutedContextSealed context)
   at Microsoft.AspNetCore.Mvc.Infrastructure.ControllerActionInvoker.Next(State& next, Scope& scope, Object& state, Boolean& isCompleted)
   at Microsoft.AspNetCore.Mvc.Infrastructure.ControllerActionInvoker.<InvokeInnerFilterAsync>g__Awaited|13_0(ControllerActionInvoker invoker, Task lastTask, State next, Scope scope, Object state, Boolean isCompleted)
   at Microsoft.AspNetCore.Mvc.Infrastructure.ResourceInvoker.<InvokeFilterPipelineAsync>g__Awaited|20_0(ResourceInvoker invoker, Task lastTask, State next, Scope scope, Object state, Boolean isCompleted)
   at Microsoft.AspNetCore.Mvc.Infrastructure.ResourceInvoker.<InvokeAsync>g__Logged|17_1(ResourceInvoker invoker)
   at Microsoft.AspNetCore.Mvc.Infrastructure.ResourceInvoker.<InvokeAsync>g__Logged|17_1(ResourceInvoker invoker)
   at Microsoft.AspNetCore.Routing.EndpointMiddleware.<Invoke>g__AwaitRequestTask|7_0(Endpoint endpoint, Task requestTask, ILogger logger)
   at Microsoft.AspNetCore.Authorization.AuthorizationMiddleware.Invoke(HttpContext context)
   at Microsoft.AspNetCore.Authorization.AuthorizationMiddleware.Invoke(HttpContext context)
   at Microsoft.AspNetCore.Authentication.AuthenticationMiddleware.Invoke(HttpContext context)
   at Serilog.AspNetCore.RequestLoggingMiddleware.Invoke(HttpContext httpContext)
   at Swashbuckle.AspNetCore.SwaggerUI.SwaggerUIMiddleware.Invoke(HttpContext httpContext)
   at Swashbuckle.AspNetCore.Swagger.SwaggerMiddleware.Invoke(HttpContext httpContext, ISwaggerProvider swaggerProvider)
   at Microsoft.AspNetCore.Diagnostics.DeveloperExceptionPageMiddlewareImpl.Invoke(HttpContext context)

2025-02-10 15:54:09.842 +00:00  INF  Request finished HTTP/1.1 POST http://localhost:5275/Customer/signup - 500 null text/plain; charset=utf-8 1199.6522ms
2025-02-10 15:59:41.156 +00:00  INF  Application is shutting down...
2025-02-10 15:59:51.391 +00:00  WRN  Storing keys in a directory '/home/codespace/.aspnet/DataProtection-Keys' that may not be persisted outside of the container. Protected data will be unavailable when container is destroyed. For more information go to https://aka.ms/aspnet/dataprotectionwarning
2025-02-10 15:59:51.427 +00:00  INF  User profile is available. Using '/home/codespace/.aspnet/DataProtection-Keys' as key repository; keys will not be encrypted at rest.
2025-02-10 15:59:51.570 +00:00  INF  Now listening on: http://localhost:5275
2025-02-10 15:59:51.573 +00:00  INF  Application started. Press Ctrl+C to shut down.
2025-02-10 15:59:51.575 +00:00  INF  Hosting environment: Development
2025-02-10 15:59:51.575 +00:00  INF  Content root path: /workspaces/FoodDeliveryAPI/FoodDeliveryAPI/FoodDeliveryAPI
2025-02-10 15:59:59.417 +00:00  INF  Request starting HTTP/1.1 GET http://localhost:5275/swagger/v1/swagger.json - null null
2025-02-10 15:59:59.547 +00:00  INF  Request finished HTTP/1.1 GET http://localhost:5275/swagger/v1/swagger.json - 200 null application/json;charset=utf-8 130.5087ms
2025-02-10 16:00:00.101 +00:00  INF  Request starting HTTP/1.1 GET http://localhost:5275/favicon.ico - null null
2025-02-10 16:00:00.124 +00:00  WRN  Failed to determine the https port for redirect.
2025-02-10 16:00:00.125 +00:00  INF  HTTP GET /favicon.ico responded 404 in 18.7194 ms
2025-02-10 16:00:00.126 +00:00  INF  Request finished HTTP/1.1 GET http://localhost:5275/favicon.ico - 404 0 null 24.6882ms
2025-02-10 16:00:00.128 +00:00  INF  Request reached the end of the middleware pipeline without being handled by application code. Request path: GET http://localhost:5275/favicon.ico, Response status code: 404
2025-02-10 16:00:14.523 +00:00  INF  Request starting HTTP/1.1 GET http://localhost:5275/ - null null
2025-02-10 16:00:14.525 +00:00  INF  HTTP GET / responded 404 in 1.1229 ms
2025-02-10 16:00:14.526 +00:00  INF  Request finished HTTP/1.1 GET http://localhost:5275/ - 404 0 null 2.1269ms
2025-02-10 16:00:14.526 +00:00  INF  Request reached the end of the middleware pipeline without being handled by application code. Request path: GET http://localhost:5275/, Response status code: 404
2025-02-10 16:00:19.307 +00:00  INF  Request starting HTTP/1.1 GET http://localhost:5275/swagger/index.html - null null
2025-02-10 16:00:19.341 +00:00  INF  Request finished HTTP/1.1 GET http://localhost:5275/swagger/index.html - 200 null text/html;charset=utf-8 33.8603ms
2025-02-10 16:00:19.654 +00:00  INF  Request starting HTTP/1.1 GET http://localhost:5275/swagger/v1/swagger.json - null null
2025-02-10 16:00:19.673 +00:00  INF  Request finished HTTP/1.1 GET http://localhost:5275/swagger/v1/swagger.json - 200 null application/json;charset=utf-8 18.9738ms
2025-02-10 16:00:47.198 +00:00  INF  Request starting HTTP/1.1 POST http://localhost:5275/Customer/signup - application/json 111
2025-02-10 16:00:47.202 +00:00  INF  CORS policy execution successful.
2025-02-10 16:00:47.203 +00:00  INF  Executing endpoint 'FoodDeliveryAPI.Controllers.CustomerController.AddCustomer (FoodDeliveryAPI)'
2025-02-10 16:00:47.223 +00:00  INF  Route matched with {action = "AddCustomer", controller = "Customer"}. Executing controller action with signature System.Threading.Tasks.Task`1[Microsoft.AspNetCore.Mvc.ActionResult`1[FoodDeliveryAPI.Domain.DTO.CustomerDTO]] AddCustomer(FoodDeliveryAPI.Domain.DTO.UserDTO) on controller FoodDeliveryAPI.Controllers.CustomerController (FoodDeliveryAPI).
2025-02-10 16:00:48.242 +00:00  INF  Executed DbCommand (48ms) [Parameters=[@p0='?' (DbType = Guid), @p1='?' (DbType = DateTime), @p2='?', @p3='?', @p4='?', @p5='?'], CommandType='"Text"', CommandTimeout='30']
INSERT INTO "Customers" ("UserId", "CreatedAt", "Password", "Role", "UserEmail", "UserName")
VALUES (@p0, @p1, @p2, @p3, @p4, @p5);
2025-02-10 16:00:48.268 +00:00  INF  Executing AcceptedResult, writing value of type 'FoodDeliveryAPI.Domain.DTO.CustomerDTO'.
2025-02-10 16:00:48.281 +00:00  INF  Executed action FoodDeliveryAPI.Controllers.CustomerController.AddCustomer (FoodDeliveryAPI) in 1055.3993ms
2025-02-10 16:00:48.281 +00:00  INF  Executed endpoint 'FoodDeliveryAPI.Controllers.CustomerController.AddCustomer (FoodDeliveryAPI)'
2025-02-10 16:00:48.282 +00:00  INF  HTTP POST /Customer/signup responded 202 in 1082.8050 ms
2025-02-10 16:00:48.288 +00:00  INF  Request finished HTTP/1.1 POST http://localhost:5275/Customer/signup - 202 null application/json; charset=utf-8 1089.5837ms
2025-02-10 16:01:25.902 +00:00  INF  Request starting HTTP/1.1 GET http://localhost:5275/Customer/97221983-894a-4bd5-8815-909c8cde067d - null null
2025-02-10 16:01:25.907 +00:00  INF  Authorization failed. These requirements were not met:
RolesAuthorizationRequirement:User.IsInRole must be true for one of the following roles: (ADMIN|SUPER_ADMIN)
2025-02-10 16:01:25.910 +00:00  INF  AuthenticationScheme: Bearer was challenged.
2025-02-10 16:01:25.910 +00:00  INF  HTTP GET /Customer/97221983-894a-4bd5-8815-909c8cde067d responded 401 in 7.7759 ms
2025-02-10 16:01:25.910 +00:00  INF  Request finished HTTP/1.1 GET http://localhost:5275/Customer/97221983-894a-4bd5-8815-909c8cde067d - 401 0 null 8.4858ms
2025-02-10 16:02:02.241 +00:00  INF  Request starting HTTP/1.1 POST http://localhost:5275/Authentication/customer - application/json 65
2025-02-10 16:02:02.242 +00:00  INF  CORS policy execution successful.
2025-02-10 16:02:02.242 +00:00  INF  Executing endpoint 'FoodDeliveryAPI.Controllers.AuthenticationController.AuthenticateCustomer (FoodDeliveryAPI)'
2025-02-10 16:02:02.244 +00:00  INF  Route matched with {action = "AuthenticateCustomer", controller = "Authentication"}. Executing controller action with signature Microsoft.AspNetCore.Mvc.ActionResult AuthenticateCustomer(FoodDeliveryAPI.Domain.DTO.UserCredentials) on controller FoodDeliveryAPI.Controllers.AuthenticationController (FoodDeliveryAPI).
2025-02-10 16:02:02.453 +00:00  ERR  Failed executing DbCommand (11ms) [Parameters=[@__credentials_Username_0='?', @__credentials_Password_1='?'], CommandType='"Text"', CommandTimeout='30']
SELECT c."UserId", c."CreatedAt", c."Password", c."Role", c."UserEmail", c."UserName"
FROM "Customers" AS c
WHERE c."UserName" = @__credentials_Username_0 AND c."Password" = @__credentials_Password_1
LIMIT 1
2025-02-10 16:02:02.463 +00:00  ERR  An exception occurred while iterating over the results of a query for context type 'FoodDeliveryAPI.DataAcces.Data.FoodDeliveryAPIContext'.
System.InvalidOperationException: An exception has been raised that is likely due to a transient failure.
 ---> Npgsql.NpgsqlException (0x80004005): Exception while reading from stream
 ---> System.IO.IOException: Unable to read data from the transport connection: Connection reset by peer.
 ---> System.Net.Sockets.SocketException (104): Connection reset by peer
   at System.Net.Sockets.NetworkStream.Read(Span`1 buffer)
   --- End of inner exception stack trace ---
   at System.Net.Sockets.NetworkStream.Read(Span`1 buffer)
   at System.Net.Security.SyncReadWriteAdapter.ReadAsync(Stream stream, Memory`1 buffer, CancellationToken cancellationToken)
   at System.Net.Security.SslStream.EnsureFullTlsFrameAsync[TIOAdapter](CancellationToken cancellationToken, Int32 estimatedSize)
   at System.Runtime.CompilerServices.PoolingAsyncValueTaskMethodBuilder`1.StateMachineBox`1.System.Threading.Tasks.Sources.IValueTaskSource<TResult>.GetResult(Int16 token)
   at System.Net.Security.SslStream.ReadAsyncInternal[TIOAdapter](Memory`1 buffer, CancellationToken cancellationToken)
   at System.Runtime.CompilerServices.PoolingAsyncValueTaskMethodBuilder`1.StateMachineBox`1.System.Threading.Tasks.Sources.IValueTaskSource<TResult>.GetResult(Int16 token)
   at System.Net.Security.SslStream.Read(Byte[] buffer, Int32 offset, Int32 count)
   at Npgsql.Internal.NpgsqlReadBuffer.<Ensure>g__EnsureLong|55_0(NpgsqlReadBuffer buffer, Int32 count, Boolean async, Boolean readingNotifications)
   at Npgsql.Internal.NpgsqlReadBuffer.<Ensure>g__EnsureLong|55_0(NpgsqlReadBuffer buffer, Int32 count, Boolean async, Boolean readingNotifications)
   at System.Runtime.CompilerServices.PoolingAsyncValueTaskMethodBuilder`1.StateMachineBox`1.System.Threading.Tasks.Sources.IValueTaskSource.GetResult(Int16 token)
   at Npgsql.Internal.NpgsqlConnector.ReadMessageLong(Boolean async, DataRowLoadingMode dataRowLoadingMode, Boolean readingNotifications, Boolean isReadingPrependedMessage)
   at System.Runtime.CompilerServices.PoolingAsyncValueTaskMethodBuilder`1.StateMachineBox`1.System.Threading.Tasks.Sources.IValueTaskSource<TResult>.GetResult(Int16 token)
   at Npgsql.Internal.NpgsqlConnector.ReadMessageLong(Boolean async, DataRowLoadingMode dataRowLoadingMode, Boolean readingNotifications, Boolean isReadingPrependedMessage)
   at System.Runtime.CompilerServices.PoolingAsyncValueTaskMethodBuilder`1.StateMachineBox`1.System.Threading.Tasks.Sources.IValueTaskSource<TResult>.GetResult(Int16 token)
   at Npgsql.NpgsqlDataReader.NextResult(Boolean async, Boolean isConsuming, CancellationToken cancellationToken)
   at Npgsql.NpgsqlDataReader.NextResult(Boolean async, Boolean isConsuming, CancellationToken cancellationToken)
   at Npgsql.NpgsqlDataReader.NextResult()
   at Npgsql.NpgsqlCommand.ExecuteReader(Boolean async, CommandBehavior behavior, CancellationToken cancellationToken)
   at Npgsql.NpgsqlCommand.ExecuteReader(Boolean async, CommandBehavior behavior, CancellationToken cancellationToken)
   at Npgsql.NpgsqlCommand.ExecuteReader(CommandBehavior behavior)
   at Npgsql.NpgsqlCommand.ExecuteDbDataReader(CommandBehavior behavior)
   at Microsoft.EntityFrameworkCore.Storage.RelationalCommand.ExecuteReader(RelationalCommandParameterObject parameterObject)
   at Microsoft.EntityFrameworkCore.Query.Internal.SingleQueryingEnumerable`1.Enumerator.InitializeReader(Enumerator enumerator)
   at Microsoft.EntityFrameworkCore.Query.Internal.SingleQueryingEnumerable`1.Enumerator.<>c.<MoveNext>b__21_0(DbContext _, Enumerator enumerator)
   at Npgsql.EntityFrameworkCore.PostgreSQL.Storage.Internal.NpgsqlExecutionStrategy.Execute[TState,TResult](TState state, Func`3 operation, Func`3 verifySucceeded)
   --- End of inner exception stack trace ---
   at Npgsql.EntityFrameworkCore.PostgreSQL.Storage.Internal.NpgsqlExecutionStrategy.Execute[TState,TResult](TState state, Func`3 operation, Func`3 verifySucceeded)
   at Microsoft.EntityFrameworkCore.Query.Internal.SingleQueryingEnumerable`1.Enumerator.MoveNext()System.InvalidOperationException: An exception has been raised that is likely due to a transient failure.
 ---> Npgsql.NpgsqlException (0x80004005): Exception while reading from stream
 ---> System.IO.IOException: Unable to read data from the transport connection: Connection reset by peer.
 ---> System.Net.Sockets.SocketException (104): Connection reset by peer
   at System.Net.Sockets.NetworkStream.Read(Span`1 buffer)
   --- End of inner exception stack trace ---
   at System.Net.Sockets.NetworkStream.Read(Span`1 buffer)
   at System.Net.Security.SyncReadWriteAdapter.ReadAsync(Stream stream, Memory`1 buffer, CancellationToken cancellationToken)
   at System.Net.Security.SslStream.EnsureFullTlsFrameAsync[TIOAdapter](CancellationToken cancellationToken, Int32 estimatedSize)
   at System.Runtime.CompilerServices.PoolingAsyncValueTaskMethodBuilder`1.StateMachineBox`1.System.Threading.Tasks.Sources.IValueTaskSource<TResult>.GetResult(Int16 token)
   at System.Net.Security.SslStream.ReadAsyncInternal[TIOAdapter](Memory`1 buffer, CancellationToken cancellationToken)
   at System.Runtime.CompilerServices.PoolingAsyncValueTaskMethodBuilder`1.StateMachineBox`1.System.Threading.Tasks.Sources.IValueTaskSource<TResult>.GetResult(Int16 token)
   at System.Net.Security.SslStream.Read(Byte[] buffer, Int32 offset, Int32 count)
   at Npgsql.Internal.NpgsqlReadBuffer.<Ensure>g__EnsureLong|55_0(NpgsqlReadBuffer buffer, Int32 count, Boolean async, Boolean readingNotifications)
   at Npgsql.Internal.NpgsqlReadBuffer.<Ensure>g__EnsureLong|55_0(NpgsqlReadBuffer buffer, Int32 count, Boolean async, Boolean readingNotifications)
   at System.Runtime.CompilerServices.PoolingAsyncValueTaskMethodBuilder`1.StateMachineBox`1.System.Threading.Tasks.Sources.IValueTaskSource.GetResult(Int16 token)
   at Npgsql.Internal.NpgsqlConnector.ReadMessageLong(Boolean async, DataRowLoadingMode dataRowLoadingMode, Boolean readingNotifications, Boolean isReadingPrependedMessage)
   at System.Runtime.CompilerServices.PoolingAsyncValueTaskMethodBuilder`1.StateMachineBox`1.System.Threading.Tasks.Sources.IValueTaskSource<TResult>.GetResult(Int16 token)
   at Npgsql.Internal.NpgsqlConnector.ReadMessageLong(Boolean async, DataRowLoadingMode dataRowLoadingMode, Boolean readingNotifications, Boolean isReadingPrependedMessage)
   at System.Runtime.CompilerServices.PoolingAsyncValueTaskMethodBuilder`1.StateMachineBox`1.System.Threading.Tasks.Sources.IValueTaskSource<TResult>.GetResult(Int16 token)
   at Npgsql.NpgsqlDataReader.NextResult(Boolean async, Boolean isConsuming, CancellationToken cancellationToken)
   at Npgsql.NpgsqlDataReader.NextResult(Boolean async, Boolean isConsuming, CancellationToken cancellationToken)
   at Npgsql.NpgsqlDataReader.NextResult()
   at Npgsql.NpgsqlCommand.ExecuteReader(Boolean async, CommandBehavior behavior, CancellationToken cancellationToken)
   at Npgsql.NpgsqlCommand.ExecuteReader(Boolean async, CommandBehavior behavior, CancellationToken cancellationToken)
   at Npgsql.NpgsqlCommand.ExecuteReader(CommandBehavior behavior)
   at Npgsql.NpgsqlCommand.ExecuteDbDataReader(CommandBehavior behavior)
   at Microsoft.EntityFrameworkCore.Storage.RelationalCommand.ExecuteReader(RelationalCommandParameterObject parameterObject)
   at Microsoft.EntityFrameworkCore.Query.Internal.SingleQueryingEnumerable`1.Enumerator.InitializeReader(Enumerator enumerator)
   at Microsoft.EntityFrameworkCore.Query.Internal.SingleQueryingEnumerable`1.Enumerator.<>c.<MoveNext>b__21_0(DbContext _, Enumerator enumerator)
   at Npgsql.EntityFrameworkCore.PostgreSQL.Storage.Internal.NpgsqlExecutionStrategy.Execute[TState,TResult](TState state, Func`3 operation, Func`3 verifySucceeded)
   --- End of inner exception stack trace ---
   at Npgsql.EntityFrameworkCore.PostgreSQL.Storage.Internal.NpgsqlExecutionStrategy.Execute[TState,TResult](TState state, Func`3 operation, Func`3 verifySucceeded)
   at Microsoft.EntityFrameworkCore.Query.Internal.SingleQueryingEnumerable`1.Enumerator.MoveNext()

2025-02-10 16:02:02.470 +00:00  ERR  {"TargetSite":"TResult Execute[TState,TResult](TState, System.Func`3[Microsoft.EntityFrameworkCore.DbContext,TState,TResult], System.Func`3[Microsoft.EntityFrameworkCore.DbContext,TState,Microsoft.EntityFrameworkCore.Storage.ExecutionResult`1[TResult]])","Message":"An exception has been raised that is likely due to a transient failure.","Data":[],"InnerException":{"IsTransient":true,"BatchCommand":null,"SqlState":null,"ErrorCode":-2147467259,"TargetSite":"Void MoveNext()","Message":"Exception while reading from stream","Data":[],"InnerException":{"TargetSite":"Int32 Read(System.Span`1[System.Byte])","Message":"Unable to read data from the transport connection: Connection reset by peer.","Data":[],"InnerException":{"Message":"Connection reset by peer","SocketErrorCode":"ConnectionReset","ErrorCode":104,"NativeErrorCode":104,"TargetSite":"Int32 Read(System.Span`1[System.Byte])","Data":[],"InnerException":null,"HelpLink":null,"Source":"System.Net.Sockets","HResult":-2147467259,"StackTrace":"   at System.Net.Sockets.NetworkStream.Read(Span`1 buffer)","$type":"SocketException"},"HelpLink":null,"Source":"System.Net.Sockets","HResult":-2146232800,"StackTrace":"   at System.Net.Sockets.NetworkStream.Read(Span`1 buffer)\n   at System.Net.Security.SyncReadWriteAdapter.ReadAsync(Stream stream, Memory`1 buffer, CancellationToken cancellationToken)\n   at System.Net.Security.SslStream.EnsureFullTlsFrameAsync[TIOAdapter](CancellationToken cancellationToken, Int32 estimatedSize)\n   at System.Runtime.CompilerServices.PoolingAsyncValueTaskMethodBuilder`1.StateMachineBox`1.System.Threading.Tasks.Sources.IValueTaskSource<TResult>.GetResult(Int16 token)\n   at System.Net.Security.SslStream.ReadAsyncInternal[TIOAdapter](Memory`1 buffer, CancellationToken cancellationToken)\n   at System.Runtime.CompilerServices.PoolingAsyncValueTaskMethodBuilder`1.StateMachineBox`1.System.Threading.Tasks.Sources.IValueTaskSource<TResult>.GetResult(Int16 token)\n   at System.Net.Security.SslStream.Read(Byte[] buffer, Int32 offset, Int32 count)\n   at Npgsql.Internal.NpgsqlReadBuffer.<Ensure>g__EnsureLong|55_0(NpgsqlReadBuffer buffer, Int32 count, Boolean async, Boolean readingNotifications)","$type":"IOException"},"HelpLink":null,"Source":"Npgsql","HResult":-2147467259,"StackTrace":"   at Npgsql.Internal.NpgsqlReadBuffer.<Ensure>g__EnsureLong|55_0(NpgsqlReadBuffer buffer, Int32 count, Boolean async, Boolean readingNotifications)\n   at System.Runtime.CompilerServices.PoolingAsyncValueTaskMethodBuilder`1.StateMachineBox`1.System.Threading.Tasks.Sources.IValueTaskSource.GetResult(Int16 token)\n   at Npgsql.Internal.NpgsqlConnector.ReadMessageLong(Boolean async, DataRowLoadingMode dataRowLoadingMode, Boolean readingNotifications, Boolean isReadingPrependedMessage)\n   at System.Runtime.CompilerServices.PoolingAsyncValueTaskMethodBuilder`1.StateMachineBox`1.System.Threading.Tasks.Sources.IValueTaskSource<TResult>.GetResult(Int16 token)\n   at Npgsql.Internal.NpgsqlConnector.ReadMessageLong(Boolean async, DataRowLoadingMode dataRowLoadingMode, Boolean readingNotifications, Boolean isReadingPrependedMessage)\n   at System.Runtime.CompilerServices.PoolingAsyncValueTaskMethodBuilder`1.StateMachineBox`1.System.Threading.Tasks.Sources.IValueTaskSource<TResult>.GetResult(Int16 token)\n   at Npgsql.NpgsqlDataReader.NextResult(Boolean async, Boolean isConsuming, CancellationToken cancellationToken)\n   at Npgsql.NpgsqlDataReader.NextResult(Boolean async, Boolean isConsuming, CancellationToken cancellationToken)\n   at Npgsql.NpgsqlDataReader.NextResult()\n   at Npgsql.NpgsqlCommand.ExecuteReader(Boolean async, CommandBehavior behavior, CancellationToken cancellationToken)\n   at Npgsql.NpgsqlCommand.ExecuteReader(Boolean async, CommandBehavior behavior, CancellationToken cancellationToken)\n   at Npgsql.NpgsqlCommand.ExecuteReader(CommandBehavior behavior)\n   at Npgsql.NpgsqlCommand.ExecuteDbDataReader(CommandBehavior behavior)\n   at Microsoft.EntityFrameworkCore.Storage.RelationalCommand.ExecuteReader(RelationalCommandParameterObject parameterObject)\n   at Microsoft.EntityFrameworkCore.Query.Internal.SingleQueryingEnumerable`1.Enumerator.InitializeReader(Enumerator enumerator)\n   at Microsoft.EntityFrameworkCore.Query.Internal.SingleQueryingEnumerable`1.Enumerator.<>c.<MoveNext>b__21_0(DbContext _, Enumerator enumerator)\n   at Npgsql.EntityFrameworkCore.PostgreSQL.Storage.Internal.NpgsqlExecutionStrategy.Execute[TState,TResult](TState state, Func`3 operation, Func`3 verifySucceeded)","$type":"NpgsqlException"},"HelpLink":null,"Source":"Npgsql.EntityFrameworkCore.PostgreSQL","HResult":-2146233079,"StackTrace":"   at Npgsql.EntityFrameworkCore.PostgreSQL.Storage.Internal.NpgsqlExecutionStrategy.Execute[TState,TResult](TState state, Func`3 operation, Func`3 verifySucceeded)\n   at Microsoft.EntityFrameworkCore.Query.Internal.SingleQueryingEnumerable`1.Enumerator.MoveNext()\n   at System.Linq.Enumerable.TryGetSingle[TSource](IEnumerable`1 source, Boolean& found)\n   at lambda_method108(Closure, QueryContext)\n   at Microsoft.EntityFrameworkCore.Query.Internal.QueryCompiler.Execute[TResult](Expression query)\n   at Microsoft.EntityFrameworkCore.Query.Internal.EntityQueryProvider.Execute[TResult](Expression expression)\n   at FoodDeliveryAPI.Domain.Service.AuthenticationService.AuthenticateCustomer(UserCredentials credentials) in /workspaces/FoodDeliveryAPI/FoodDeliveryAPI/FoodDeliveryAPI.Domain/Service/AuthenticationService.cs:line 57\n   at FoodDeliveryAPI.Controllers.AuthenticationController.AuthenticateCustomer(UserCredentials userCredentials) in /workspaces/FoodDeliveryAPI/FoodDeliveryAPI/FoodDeliveryAPI/Controllers/AuthenticationController.cs:line 36","$type":"InvalidOperationException"}
2025-02-10 16:02:02.473 +00:00  INF  Executing UnauthorizedObjectResult, writing value of type 'System.String'.
2025-02-10 16:02:02.474 +00:00  INF  Executed action FoodDeliveryAPI.Controllers.AuthenticationController.AuthenticateCustomer (FoodDeliveryAPI) in 229.3353ms
2025-02-10 16:02:02.474 +00:00  INF  Executed endpoint 'FoodDeliveryAPI.Controllers.AuthenticationController.AuthenticateCustomer (FoodDeliveryAPI)'
2025-02-10 16:02:02.474 +00:00  INF  HTTP POST /Authentication/customer responded 401 in 232.5724 ms
2025-02-10 16:02:02.474 +00:00  INF  Request finished HTTP/1.1 POST http://localhost:5275/Authentication/customer - 401 null text/plain; charset=utf-8 233.2317ms
2025-02-10 16:02:14.243 +00:00  INF  Request starting HTTP/1.1 POST http://localhost:5275/Authentication/customer - application/json 65
2025-02-10 16:02:14.244 +00:00  INF  CORS policy execution successful.
2025-02-10 16:02:14.245 +00:00  INF  Executing endpoint 'FoodDeliveryAPI.Controllers.AuthenticationController.AuthenticateCustomer (FoodDeliveryAPI)'
2025-02-10 16:02:14.245 +00:00  INF  Route matched with {action = "AuthenticateCustomer", controller = "Authentication"}. Executing controller action with signature Microsoft.AspNetCore.Mvc.ActionResult AuthenticateCustomer(FoodDeliveryAPI.Domain.DTO.UserCredentials) on controller FoodDeliveryAPI.Controllers.AuthenticationController (FoodDeliveryAPI).
2025-02-10 16:02:14.406 +00:00  INF  Executed DbCommand (8ms) [Parameters=[@__credentials_Username_0='?', @__credentials_Password_1='?'], CommandType='"Text"', CommandTimeout='30']
SELECT c."UserId", c."CreatedAt", c."Password", c."Role", c."UserEmail", c."UserName"
FROM "Customers" AS c
WHERE c."UserName" = @__credentials_Username_0 AND c."Password" = @__credentials_Password_1
LIMIT 1
2025-02-10 16:02:14.430 +00:00  INF  Executing OkObjectResult, writing value of type 'FoodDeliveryAPI.Domain.DTO.Token'.
2025-02-10 16:02:14.435 +00:00  INF  Executed action FoodDeliveryAPI.Controllers.AuthenticationController.AuthenticateCustomer (FoodDeliveryAPI) in 189.8261ms
2025-02-10 16:02:14.435 +00:00  INF  Executed endpoint 'FoodDeliveryAPI.Controllers.AuthenticationController.AuthenticateCustomer (FoodDeliveryAPI)'
2025-02-10 16:02:14.435 +00:00  INF  HTTP POST /Authentication/customer responded 200 in 191.1830 ms
2025-02-10 16:02:14.435 +00:00  INF  Request finished HTTP/1.1 POST http://localhost:5275/Authentication/customer - 200 null application/json; charset=utf-8 192.1985ms
2025-02-10 16:02:52.693 +00:00  INF  Request starting HTTP/1.1 GET http://localhost:5275/Customer/97221983-894a-4bd5-8815-909c8cde067d - null null
2025-02-10 16:02:52.720 +00:00  INF  Authorization failed. These requirements were not met:
RolesAuthorizationRequirement:User.IsInRole must be true for one of the following roles: (ADMIN|SUPER_ADMIN)
2025-02-10 16:02:52.722 +00:00  INF  AuthenticationScheme: Bearer was forbidden.
2025-02-10 16:02:52.722 +00:00  INF  HTTP GET /Customer/97221983-894a-4bd5-8815-909c8cde067d responded 403 in 29.0503 ms
2025-02-10 16:02:52.722 +00:00  INF  Request finished HTTP/1.1 GET http://localhost:5275/Customer/97221983-894a-4bd5-8815-909c8cde067d - 403 0 null 29.5186ms
2025-02-10 16:03:01.244 +00:00  INF  Request starting HTTP/1.1 GET http://localhost:5275/Item - null null
2025-02-10 16:03:01.245 +00:00  INF  Executing endpoint 'FoodDeliveryAPI.Controllers.ItemController.getAllItems (FoodDeliveryAPI)'
2025-02-10 16:03:01.249 +00:00  INF  Route matched with {action = "getAllItems", controller = "Item"}. Executing controller action with signature System.Threading.Tasks.Task`1[Microsoft.AspNetCore.Mvc.ActionResult`1[FoodDeliveryAPI.Domain.DTO.ItemDTO]] getAllItems() on controller FoodDeliveryAPI.Controllers.ItemController (FoodDeliveryAPI).
2025-02-10 16:03:01.283 +00:00  INF  Executed DbCommand (7ms) [Parameters=[], CommandType='"Text"', CommandTimeout='30']
SELECT i."ItemId", i."CustomerUserId", i."Description", i."Name", i."OrderId", i."RestaurantId", i."isOutOfStock", i.price
FROM "Items" AS i
2025-02-10 16:03:01.285 +00:00  INF  Executing OkObjectResult, writing value of type 'System.Collections.Generic.List`1[[FoodDeliveryAPI.Domain.DTO.ItemDTO, FoodDeliveryAPI.Domain, Version=1.0.0.0, Culture=neutral, PublicKeyToken=null]]'.
2025-02-10 16:03:01.288 +00:00  INF  Executed action FoodDeliveryAPI.Controllers.ItemController.getAllItems (FoodDeliveryAPI) in 39.0228ms
2025-02-10 16:03:01.288 +00:00  INF  Executed endpoint 'FoodDeliveryAPI.Controllers.ItemController.getAllItems (FoodDeliveryAPI)'
2025-02-10 16:03:01.288 +00:00  INF  HTTP GET /Item responded 200 in 43.8503 ms
2025-02-10 16:03:01.289 +00:00  INF  Request finished HTTP/1.1 GET http://localhost:5275/Item - 200 null application/json; charset=utf-8 44.3416ms
2025-02-10 16:14:18.427 +00:00  INF  Application is shutting down...
2025-02-10 16:50:15.825 +00:00  WRN  Storing keys in a directory '/home/codespace/.aspnet/DataProtection-Keys' that may not be persisted outside of the container. Protected data will be unavailable when container is destroyed. For more information go to https://aka.ms/aspnet/dataprotectionwarning
2025-02-10 16:50:15.864 +00:00  INF  User profile is available. Using '/home/codespace/.aspnet/DataProtection-Keys' as key repository; keys will not be encrypted at rest.
2025-02-10 16:50:15.963 +00:00  INF  Now listening on: http://localhost:5275
2025-02-10 16:50:15.968 +00:00  INF  Application started. Press Ctrl+C to shut down.
2025-02-10 16:50:15.968 +00:00  INF  Hosting environment: Development
2025-02-10 16:50:15.969 +00:00  INF  Content root path: /workspaces/FoodDeliveryAPI/FoodDeliveryAPI/FoodDeliveryAPI
