2024-02-14 13:36:09.020 +05:30  INF  Executed DbCommand (9ms) [Parameters=[], CommandType='"Text"', CommandTimeout='30']
SELECT 1
2024-02-14 13:36:09.062 +05:30  INF  Executed DbCommand (16ms) [Parameters=[], CommandType='"Text"', CommandTimeout='30']
SELECT OBJECT_ID(N'[__EFMigrationsHistory]');
2024-02-14 13:36:09.091 +05:30  INF  Executed DbCommand (23ms) [Parameters=[], CommandType='"Text"', CommandTimeout='30']
SELECT [MigrationId], [ProductVersion]
FROM [__EFMigrationsHistory]
ORDER BY [MigrationId];
2024-02-14 13:38:07.774 +05:30  INF  User profile is available. Using 'C:\Users\AnuragChoudhary\AppData\Local\ASP.NET\DataProtection-Keys' as key repository and Windows DPAPI to encrypt keys at rest.
2024-02-14 13:38:07.892 +05:30  INF  Now listening on: https://localhost:7146
2024-02-14 13:38:07.893 +05:30  INF  Now listening on: http://localhost:5275
2024-02-14 13:38:07.894 +05:30  INF  Application started. Press Ctrl+C to shut down.
2024-02-14 13:38:07.894 +05:30  INF  Hosting environment: Development
2024-02-14 13:38:07.894 +05:30  INF  Content root path: C:\Users\AnuragChoudhary\Downloads\FoodDeliveryAPI\FoodDeliveryAPI\FoodDeliveryAPI
2024-02-14 13:38:08.217 +05:30  INF  Request starting HTTP/2 GET https://localhost:7146/swagger/index.html - null null
2024-02-14 13:38:08.387 +05:30  INF  Request finished HTTP/2 GET https://localhost:7146/swagger/index.html - 200 null text/html;charset=utf-8 170.722ms
2024-02-14 13:38:08.389 +05:30  INF  Request starting HTTP/2 GET https://localhost:7146/_vs/browserLink - null null
2024-02-14 13:38:08.387 +05:30  INF  Request starting HTTP/2 GET https://localhost:7146/swagger/swagger-ui.css - null null
2024-02-14 13:38:08.390 +05:30  INF  Request starting HTTP/2 GET https://localhost:7146/_framework/aspnetcore-browser-refresh.js - null null
2024-02-14 13:38:08.394 +05:30  INF  Request finished HTTP/2 GET https://localhost:7146/_framework/aspnetcore-browser-refresh.js - 200 13766 application/javascript; charset=utf-8 3.5314ms
2024-02-14 13:38:08.404 +05:30  INF  Sending file. Request path: '/swagger-ui.css'. Physical path: 'N/A'
2024-02-14 13:38:08.405 +05:30  INF  Request finished HTTP/2 GET https://localhost:7146/swagger/swagger-ui.css - 200 144929 text/css 18.0404ms
2024-02-14 13:38:08.412 +05:30  INF  Request finished HTTP/2 GET https://localhost:7146/_vs/browserLink - 200 null text/javascript; charset=UTF-8 23.6906ms
2024-02-14 13:38:08.619 +05:30  INF  Request starting HTTP/2 GET https://localhost:7146/swagger/v1/swagger.json - null null
2024-02-14 13:38:08.627 +05:30  INF  Request starting HTTP/2 GET https://localhost:7146/swagger/favicon-32x32.png - null null
2024-02-14 13:38:08.627 +05:30  INF  Sending file. Request path: '/favicon-32x32.png'. Physical path: 'N/A'
2024-02-14 13:38:08.628 +05:30  INF  Request finished HTTP/2 GET https://localhost:7146/swagger/favicon-32x32.png - 200 628 image/png 0.8873ms
2024-02-14 13:38:08.719 +05:30  INF  Request finished HTTP/2 GET https://localhost:7146/swagger/v1/swagger.json - 200 null application/json;charset=utf-8 99.5851ms
2024-02-14 13:38:25.452 +05:30  INF  User profile is available. Using 'C:\Users\AnuragChoudhary\AppData\Local\ASP.NET\DataProtection-Keys' as key repository and Windows DPAPI to encrypt keys at rest.
2024-02-14 13:38:25.605 +05:30  INF  Now listening on: https://localhost:7146
2024-02-14 13:38:25.605 +05:30  INF  Now listening on: http://localhost:5275
2024-02-14 13:38:25.606 +05:30  INF  Application started. Press Ctrl+C to shut down.
2024-02-14 13:38:25.607 +05:30  INF  Hosting environment: Development
2024-02-14 13:38:25.607 +05:30  INF  Content root path: C:\Users\AnuragChoudhary\Downloads\FoodDeliveryAPI\FoodDeliveryAPI\FoodDeliveryAPI
2024-02-14 13:38:25.930 +05:30  INF  Request starting HTTP/2 GET https://localhost:7146/swagger/index.html - null null
2024-02-14 13:38:26.091 +05:30  INF  Request finished HTTP/2 GET https://localhost:7146/swagger/index.html - 200 null text/html;charset=utf-8 164.0822ms
2024-02-14 13:38:26.092 +05:30  INF  Request starting HTTP/2 GET https://localhost:7146/swagger/swagger-ui.css - null null
2024-02-14 13:38:26.094 +05:30  INF  Request starting HTTP/2 GET https://localhost:7146/_vs/browserLink - null null
2024-02-14 13:38:26.096 +05:30  INF  Request starting HTTP/2 GET https://localhost:7146/_framework/aspnetcore-browser-refresh.js - null null
2024-02-14 13:38:26.100 +05:30  INF  Request finished HTTP/2 GET https://localhost:7146/_framework/aspnetcore-browser-refresh.js - 200 13766 application/javascript; charset=utf-8 4.0448ms
2024-02-14 13:38:26.111 +05:30  INF  Sending file. Request path: '/swagger-ui.css'. Physical path: 'N/A'
2024-02-14 13:38:26.113 +05:30  INF  Request finished HTTP/2 GET https://localhost:7146/swagger/swagger-ui.css - 200 144929 text/css 20.4007ms
2024-02-14 13:38:26.125 +05:30  INF  Request finished HTTP/2 GET https://localhost:7146/_vs/browserLink - 200 null text/javascript; charset=UTF-8 31.352ms
2024-02-14 13:38:26.227 +05:30  INF  Request starting HTTP/2 GET https://localhost:7146/swagger/v1/swagger.json - null null
2024-02-14 13:38:26.243 +05:30  INF  Request starting HTTP/2 GET https://localhost:7146/swagger/favicon-32x32.png - null null
2024-02-14 13:38:26.244 +05:30  INF  Sending file. Request path: '/favicon-32x32.png'. Physical path: 'N/A'
2024-02-14 13:38:26.244 +05:30  INF  Request finished HTTP/2 GET https://localhost:7146/swagger/favicon-32x32.png - 200 628 image/png 1.0814ms
2024-02-14 13:38:26.317 +05:30  INF  Request finished HTTP/2 GET https://localhost:7146/swagger/v1/swagger.json - 200 null application/json;charset=utf-8 90.4904ms
2024-02-14 13:38:52.040 +05:30  INF  Request starting HTTP/2 GET https://localhost:7146/swagger/index.html - null null
2024-02-14 13:38:52.050 +05:30  INF  Request finished HTTP/2 GET https://localhost:7146/swagger/index.html - 200 null text/html;charset=utf-8 9.4072ms
2024-02-14 13:38:52.059 +05:30  INF  Request starting HTTP/2 GET https://localhost:7146/swagger/swagger-ui.css - null null
2024-02-14 13:38:52.060 +05:30  INF  Request starting HTTP/2 GET https://localhost:7146/_vs/browserLink - null null
2024-02-14 13:38:52.060 +05:30  INF  Request starting HTTP/2 GET https://localhost:7146/_framework/aspnetcore-browser-refresh.js - null null
2024-02-14 13:38:52.063 +05:30  INF  Request finished HTTP/2 GET https://localhost:7146/_framework/aspnetcore-browser-refresh.js - 200 13766 application/javascript; charset=utf-8 2.8322ms
2024-02-14 13:38:52.065 +05:30  INF  Sending file. Request path: '/swagger-ui.css'. Physical path: 'N/A'
2024-02-14 13:38:52.065 +05:30  INF  Request finished HTTP/2 GET https://localhost:7146/swagger/swagger-ui.css - 200 144929 text/css 5.9145ms
2024-02-14 13:38:52.074 +05:30  INF  Request finished HTTP/2 GET https://localhost:7146/_vs/browserLink - 200 null text/javascript; charset=UTF-8 13.2424ms
2024-02-14 13:38:52.154 +05:30  INF  Request starting HTTP/2 GET https://localhost:7146/swagger/v1/swagger.json - null null
2024-02-14 13:38:52.161 +05:30  INF  Request starting HTTP/2 GET https://localhost:7146/swagger/favicon-32x32.png - null null
2024-02-14 13:38:52.162 +05:30  INF  Sending file. Request path: '/favicon-32x32.png'. Physical path: 'N/A'
2024-02-14 13:38:52.162 +05:30  INF  Request finished HTTP/2 GET https://localhost:7146/swagger/favicon-32x32.png - 200 628 image/png 0.644ms
2024-02-14 13:38:52.184 +05:30  INF  Request finished HTTP/2 GET https://localhost:7146/swagger/v1/swagger.json - 200 null application/json;charset=utf-8 30.3014ms
2024-02-14 13:39:12.253 +05:30  INF  Request starting HTTP/2 GET https://localhost:7146/swagger/index.html - null null
2024-02-14 13:39:12.256 +05:30  INF  Request finished HTTP/2 GET https://localhost:7146/swagger/index.html - 200 null text/html;charset=utf-8 2.7872ms
2024-02-14 13:39:12.268 +05:30  INF  Request starting HTTP/2 GET https://localhost:7146/swagger/swagger-ui.css - null null
2024-02-14 13:39:12.268 +05:30  INF  Request starting HTTP/2 GET https://localhost:7146/_framework/aspnetcore-browser-refresh.js - null null
2024-02-14 13:39:12.268 +05:30  INF  Request starting HTTP/2 GET https://localhost:7146/_vs/browserLink - null null
2024-02-14 13:39:12.270 +05:30  INF  Request finished HTTP/2 GET https://localhost:7146/_framework/aspnetcore-browser-refresh.js - 200 13766 application/javascript; charset=utf-8 1.2558ms
2024-02-14 13:39:12.270 +05:30  INF  Sending file. Request path: '/swagger-ui.css'. Physical path: 'N/A'
2024-02-14 13:39:12.270 +05:30  INF  Request finished HTTP/2 GET https://localhost:7146/swagger/swagger-ui.css - 200 144929 text/css 2.6869ms
2024-02-14 13:39:12.275 +05:30  INF  Request finished HTTP/2 GET https://localhost:7146/_vs/browserLink - 200 null text/javascript; charset=UTF-8 6.3108ms
2024-02-14 13:39:12.314 +05:30  INF  Request starting HTTP/2 GET https://localhost:7146/swagger/v1/swagger.json - null null
2024-02-14 13:39:12.320 +05:30  INF  Request starting HTTP/2 GET https://localhost:7146/swagger/favicon-32x32.png - null null
2024-02-14 13:39:12.321 +05:30  INF  Sending file. Request path: '/favicon-32x32.png'. Physical path: 'N/A'
2024-02-14 13:39:12.321 +05:30  INF  Request finished HTTP/2 GET https://localhost:7146/swagger/favicon-32x32.png - 200 628 image/png 0.8091ms
2024-02-14 13:39:12.331 +05:30  INF  Request finished HTTP/2 GET https://localhost:7146/swagger/v1/swagger.json - 200 null application/json;charset=utf-8 16.4213ms
2024-02-14 13:39:19.704 +05:30  INF  Request starting HTTP/2 OPTIONS https://localhost:7146/Customer//cart/add - null null
2024-02-14 13:39:19.771 +05:30  INF  CORS policy execution successful.
2024-02-14 13:39:19.774 +05:30  INF  HTTP OPTIONS /Customer//cart/add responded 204 in 65.6920 ms
2024-02-14 13:39:19.775 +05:30  INF  Request finished HTTP/2 OPTIONS https://localhost:7146/Customer//cart/add - 204 null null 70.4264ms
2024-02-14 13:39:19.778 +05:30  INF  Request starting HTTP/2 POST https://localhost:7146/Customer//cart/add - application/json 224
2024-02-14 13:39:19.779 +05:30  INF  CORS policy execution successful.
2024-02-14 13:39:19.781 +05:30  INF  HTTP POST /Customer//cart/add responded 404 in 2.8247 ms
2024-02-14 13:39:19.781 +05:30  INF  Request finished HTTP/2 POST https://localhost:7146/Customer//cart/add - 404 0 null 3.8358ms
2024-02-14 13:39:19.783 +05:30  INF  Request reached the end of the middleware pipeline without being handled by application code. Request path: POST https://localhost:7146/Customer//cart/add, Response status code: 404
2024-02-14 13:39:24.267 +05:30  INF  Request starting HTTP/2 GET https://localhost:7146/item - null null
2024-02-14 13:39:24.271 +05:30  INF  CORS policy execution successful.
2024-02-14 13:39:24.273 +05:30  INF  Executing endpoint 'FoodDeliveryAPI.Controllers.ItemController.getAllItems (FoodDeliveryAPI)'
2024-02-14 13:39:24.296 +05:30  INF  Route matched with {action = "getAllItems", controller = "Item"}. Executing controller action with signature System.Threading.Tasks.Task`1[Microsoft.AspNetCore.Mvc.ActionResult`1[FoodDeliveryAPI.Domain.DTO.ItemDTO]] getAllItems() on controller FoodDeliveryAPI.Controllers.ItemController (FoodDeliveryAPI).
2024-02-14 13:39:26.204 +05:30  INF  Executed DbCommand (52ms) [Parameters=[], CommandType='"Text"', CommandTimeout='30']
SELECT [i].[ItemId], [i].[CustomerId], [i].[Description], [i].[Name], [i].[OrderId], [i].[RestaurantId], [i].[isOutOfStock], [i].[price]
FROM [Items] AS [i]
2024-02-14 13:39:26.315 +05:30  INF  Executing OkObjectResult, writing value of type 'System.Collections.Generic.List`1[[FoodDeliveryAPI.Domain.DTO.ItemDTO, FoodDeliveryAPI.Domain, Version=1.0.0.0, Culture=neutral, PublicKeyToken=null]]'.
2024-02-14 13:39:26.331 +05:30  INF  Executed action FoodDeliveryAPI.Controllers.ItemController.getAllItems (FoodDeliveryAPI) in 2030.6259ms
2024-02-14 13:39:26.331 +05:30  INF  Executed endpoint 'FoodDeliveryAPI.Controllers.ItemController.getAllItems (FoodDeliveryAPI)'
2024-02-14 13:39:26.332 +05:30  INF  HTTP GET /item responded 200 in 2064.2141 ms
2024-02-14 13:39:26.339 +05:30  INF  Request finished HTTP/2 GET https://localhost:7146/item - 200 null application/json; charset=utf-8 2072.2622ms
2024-02-14 13:39:27.182 +05:30  INF  Request starting HTTP/2 GET https://localhost:7146/item - null null
2024-02-14 13:39:27.184 +05:30  INF  CORS policy execution successful.
2024-02-14 13:39:27.184 +05:30  INF  Executing endpoint 'FoodDeliveryAPI.Controllers.ItemController.getAllItems (FoodDeliveryAPI)'
2024-02-14 13:39:27.185 +05:30  INF  Route matched with {action = "getAllItems", controller = "Item"}. Executing controller action with signature System.Threading.Tasks.Task`1[Microsoft.AspNetCore.Mvc.ActionResult`1[FoodDeliveryAPI.Domain.DTO.ItemDTO]] getAllItems() on controller FoodDeliveryAPI.Controllers.ItemController (FoodDeliveryAPI).
2024-02-14 13:39:27.275 +05:30  INF  Executed DbCommand (61ms) [Parameters=[], CommandType='"Text"', CommandTimeout='30']
SELECT [i].[ItemId], [i].[CustomerId], [i].[Description], [i].[Name], [i].[OrderId], [i].[RestaurantId], [i].[isOutOfStock], [i].[price]
FROM [Items] AS [i]
2024-02-14 13:39:27.278 +05:30  INF  Executing OkObjectResult, writing value of type 'System.Collections.Generic.List`1[[FoodDeliveryAPI.Domain.DTO.ItemDTO, FoodDeliveryAPI.Domain, Version=1.0.0.0, Culture=neutral, PublicKeyToken=null]]'.
2024-02-14 13:39:27.279 +05:30  INF  Executed action FoodDeliveryAPI.Controllers.ItemController.getAllItems (FoodDeliveryAPI) in 93.4684ms
2024-02-14 13:39:27.279 +05:30  INF  Executed endpoint 'FoodDeliveryAPI.Controllers.ItemController.getAllItems (FoodDeliveryAPI)'
2024-02-14 13:39:27.279 +05:30  INF  HTTP GET /item responded 200 in 95.0155 ms
2024-02-14 13:39:27.279 +05:30  INF  Request finished HTTP/2 GET https://localhost:7146/item - 200 null application/json; charset=utf-8 96.9967ms
2024-02-14 13:39:36.611 +05:30  INF  Request starting HTTP/2 OPTIONS https://localhost:7146/Customer/967f1d90-8664-4e24-6d33-08dc2d15c8c6/cart/add - null null
2024-02-14 13:39:36.613 +05:30  INF  CORS policy execution successful.
2024-02-14 13:39:36.613 +05:30  INF  HTTP OPTIONS /Customer/967f1d90-8664-4e24-6d33-08dc2d15c8c6/cart/add responded 204 in 0.3507 ms
2024-02-14 13:39:36.613 +05:30  INF  Request finished HTTP/2 OPTIONS https://localhost:7146/Customer/967f1d90-8664-4e24-6d33-08dc2d15c8c6/cart/add - 204 null null 1.9811ms
2024-02-14 13:39:36.615 +05:30  INF  Request starting HTTP/2 POST https://localhost:7146/Customer/967f1d90-8664-4e24-6d33-08dc2d15c8c6/cart/add - application/json 224
2024-02-14 13:39:36.677 +05:30  INF  CORS policy execution successful.
2024-02-14 13:39:36.677 +05:30  INF  Executing endpoint 'FoodDeliveryAPI.Controllers.CustomerController.AddItemsToCart (FoodDeliveryAPI)'
2024-02-14 13:39:36.688 +05:30  INF  Route matched with {action = "AddItemsToCart", controller = "Customer"}. Executing controller action with signature System.Threading.Tasks.Task`1[Microsoft.AspNetCore.Mvc.ActionResult`1[System.Collections.Generic.List`1[FoodDeliveryAPI.Domain.DTO.ItemDTO]]] AddItemsToCart(FoodDeliveryAPI.Domain.DTO.ItemDTO, System.Guid) on controller FoodDeliveryAPI.Controllers.CustomerController (FoodDeliveryAPI).
2024-02-14 13:39:36.867 +05:30  INF  Executed DbCommand (33ms) [Parameters=[@__item_ItemId_0='?' (DbType = Guid)], CommandType='"Text"', CommandTimeout='30']
SELECT TOP(1) [i].[ItemId], [i].[CustomerId], [i].[Description], [i].[Name], [i].[OrderId], [i].[RestaurantId], [i].[isOutOfStock], [i].[price]
FROM [Items] AS [i]
WHERE [i].[ItemId] = @__item_ItemId_0
2024-02-14 13:39:36.886 +05:30  INF  Executed DbCommand (6ms) [Parameters=[@__userid_0='?' (DbType = Guid)], CommandType='"Text"', CommandTimeout='30']
SELECT TOP(1) [c].[UserId], [c].[CreatedAt], [c].[Password], [c].[Role], [c].[UserEmail], [c].[UserName]
FROM [Customers] AS [c]
WHERE [c].[UserId] = @__userid_0
2024-02-14 13:39:36.962 +05:30  INF  Executing CreatedResult, writing value of type 'System.Collections.Generic.List`1[[FoodDeliveryAPI.Domain.DTO.ItemDTO, FoodDeliveryAPI.Domain, Version=1.0.0.0, Culture=neutral, PublicKeyToken=null]]'.
2024-02-14 13:39:36.963 +05:30  INF  Executed action FoodDeliveryAPI.Controllers.CustomerController.AddItemsToCart (FoodDeliveryAPI) in 275.1299ms
2024-02-14 13:39:36.963 +05:30  INF  Executed endpoint 'FoodDeliveryAPI.Controllers.CustomerController.AddItemsToCart (FoodDeliveryAPI)'
2024-02-14 13:39:36.963 +05:30  INF  HTTP POST /Customer/967f1d90-8664-4e24-6d33-08dc2d15c8c6/cart/add responded 201 in 348.2016 ms
2024-02-14 13:39:36.964 +05:30  INF  Request finished HTTP/2 POST https://localhost:7146/Customer/967f1d90-8664-4e24-6d33-08dc2d15c8c6/cart/add - 201 null application/json; charset=utf-8 348.6171ms
2024-02-14 13:39:53.198 +05:30  INF  Request starting HTTP/2 OPTIONS https://localhost:7146/Customer/967f1d90-8664-4e24-6d33-08dc2d15c8c6/cart/add - null null
2024-02-14 13:39:53.198 +05:30  INF  CORS policy execution successful.
2024-02-14 13:39:53.198 +05:30  INF  HTTP OPTIONS /Customer/967f1d90-8664-4e24-6d33-08dc2d15c8c6/cart/add responded 204 in 0.2832 ms
2024-02-14 13:39:53.199 +05:30  INF  Request finished HTTP/2 OPTIONS https://localhost:7146/Customer/967f1d90-8664-4e24-6d33-08dc2d15c8c6/cart/add - 204 null null 0.9591ms
2024-02-14 13:39:53.201 +05:30  INF  Request starting HTTP/2 POST https://localhost:7146/Customer/967f1d90-8664-4e24-6d33-08dc2d15c8c6/cart/add - application/json 239
2024-02-14 13:39:53.202 +05:30  INF  CORS policy execution successful.
2024-02-14 13:39:53.203 +05:30  INF  Executing endpoint 'FoodDeliveryAPI.Controllers.CustomerController.AddItemsToCart (FoodDeliveryAPI)'
2024-02-14 13:39:53.203 +05:30  INF  Route matched with {action = "AddItemsToCart", controller = "Customer"}. Executing controller action with signature System.Threading.Tasks.Task`1[Microsoft.AspNetCore.Mvc.ActionResult`1[System.Collections.Generic.List`1[FoodDeliveryAPI.Domain.DTO.ItemDTO]]] AddItemsToCart(FoodDeliveryAPI.Domain.DTO.ItemDTO, System.Guid) on controller FoodDeliveryAPI.Controllers.CustomerController (FoodDeliveryAPI).
2024-02-14 13:39:53.229 +05:30  INF  Executed DbCommand (21ms) [Parameters=[@__item_ItemId_0='?' (DbType = Guid)], CommandType='"Text"', CommandTimeout='30']
SELECT TOP(1) [i].[ItemId], [i].[CustomerId], [i].[Description], [i].[Name], [i].[OrderId], [i].[RestaurantId], [i].[isOutOfStock], [i].[price]
FROM [Items] AS [i]
WHERE [i].[ItemId] = @__item_ItemId_0
2024-02-14 13:39:53.236 +05:30  INF  Executed DbCommand (6ms) [Parameters=[@__userid_0='?' (DbType = Guid)], CommandType='"Text"', CommandTimeout='30']
SELECT TOP(1) [c].[UserId], [c].[CreatedAt], [c].[Password], [c].[Role], [c].[UserEmail], [c].[UserName]
FROM [Customers] AS [c]
WHERE [c].[UserId] = @__userid_0
2024-02-14 13:39:53.238 +05:30  INF  Executing CreatedResult, writing value of type 'System.Collections.Generic.List`1[[FoodDeliveryAPI.Domain.DTO.ItemDTO, FoodDeliveryAPI.Domain, Version=1.0.0.0, Culture=neutral, PublicKeyToken=null]]'.
2024-02-14 13:39:53.238 +05:30  INF  Executed action FoodDeliveryAPI.Controllers.CustomerController.AddItemsToCart (FoodDeliveryAPI) in 35.3595ms
2024-02-14 13:39:53.238 +05:30  INF  Executed endpoint 'FoodDeliveryAPI.Controllers.CustomerController.AddItemsToCart (FoodDeliveryAPI)'
2024-02-14 13:39:53.238 +05:30  INF  HTTP POST /Customer/967f1d90-8664-4e24-6d33-08dc2d15c8c6/cart/add responded 201 in 37.2062 ms
2024-02-14 13:39:53.238 +05:30  INF  Request finished HTTP/2 POST https://localhost:7146/Customer/967f1d90-8664-4e24-6d33-08dc2d15c8c6/cart/add - 201 null application/json; charset=utf-8 37.6401ms
