2024-02-08 15:05:22.704 +05:30  INF  User profile is available. Using 'C:\Users\AnuragChoudhary\AppData\Local\ASP.NET\DataProtection-Keys' as key repository and Windows DPAPI to encrypt keys at rest.
2024-02-08 15:05:22.781 +05:30  INF  Now listening on: http://localhost:5275
2024-02-08 15:05:22.782 +05:30  INF  Application started. Press Ctrl+C to shut down.
2024-02-08 15:05:22.783 +05:30  INF  Hosting environment: Development
2024-02-08 15:05:22.783 +05:30  INF  Content root path: C:\Users\AnuragChoudhary\Downloads\FoodDeliveryAPI\FoodDeliveryAPI\FoodDeliveryAPI
2024-02-08 15:07:03.081 +05:30  INF  Request starting HTTP/1.1 GET http://localhost:5275/ - null null
2024-02-08 15:07:03.150 +05:30  WRN  Failed to determine the https port for redirect.
2024-02-08 15:07:03.151 +05:30  INF  HTTP GET / responded 404 in 50.5689 ms
2024-02-08 15:07:03.164 +05:30  INF  Request finished HTTP/1.1 GET http://localhost:5275/ - 404 0 null 85.7417ms
2024-02-08 15:07:03.167 +05:30  INF  Request reached the end of the middleware pipeline without being handled by application code. Request path: GET http://localhost:5275/, Response status code: 404
2024-02-08 15:07:15.748 +05:30  INF  Request starting HTTP/1.1 GET http://localhost:5275//swagger/index.html - null null
2024-02-08 15:07:15.750 +05:30  INF  HTTP GET //swagger/index.html responded 404 in 0.7191 ms
2024-02-08 15:07:15.751 +05:30  INF  Request finished HTTP/1.1 GET http://localhost:5275//swagger/index.html - 404 0 null 2.6393ms
2024-02-08 15:07:15.751 +05:30  INF  Request reached the end of the middleware pipeline without being handled by application code. Request path: GET http://localhost:5275//swagger/index.html, Response status code: 404
2024-02-08 15:07:21.306 +05:30  INF  Request starting HTTP/1.1 GET http://localhost:5275/swagger/index.html - null null
2024-02-08 15:07:21.353 +05:30  INF  Request finished HTTP/1.1 GET http://localhost:5275/swagger/index.html - 200 null text/html;charset=utf-8 47.9312ms
2024-02-08 15:07:21.367 +05:30  INF  Request starting HTTP/1.1 GET http://localhost:5275/swagger/swagger-ui.css - null null
2024-02-08 15:07:21.367 +05:30  INF  Request starting HTTP/1.1 GET http://localhost:5275/swagger/swagger-ui-bundle.js - null null
2024-02-08 15:07:21.368 +05:30  INF  Request starting HTTP/1.1 GET http://localhost:5275/swagger/swagger-ui-standalone-preset.js - null null
2024-02-08 15:07:21.390 +05:30  INF  Sending file. Request path: '/swagger-ui.css'. Physical path: 'N/A'
2024-02-08 15:07:21.390 +05:30  INF  Sending file. Request path: '/swagger-ui-standalone-preset.js'. Physical path: 'N/A'
2024-02-08 15:07:21.392 +05:30  INF  Request finished HTTP/1.1 GET http://localhost:5275/swagger/swagger-ui.css - 200 144929 text/css 25.0284ms
2024-02-08 15:07:21.392 +05:30  INF  Request finished HTTP/1.1 GET http://localhost:5275/swagger/swagger-ui-standalone-preset.js - 200 312163 text/javascript 24.4942ms
2024-02-08 15:07:21.413 +05:30  INF  Sending file. Request path: '/swagger-ui-bundle.js'. Physical path: 'N/A'
2024-02-08 15:07:21.414 +05:30  INF  Request finished HTTP/1.1 GET http://localhost:5275/swagger/swagger-ui-bundle.js - 200 1061536 text/javascript 46.2255ms
2024-02-08 15:07:21.547 +05:30  INF  Request starting HTTP/1.1 GET http://localhost:5275/swagger/v1/swagger.json - null null
2024-02-08 15:07:21.561 +05:30  INF  Request starting HTTP/1.1 GET http://localhost:5275/swagger/favicon-32x32.png - null null
2024-02-08 15:07:21.562 +05:30  INF  Sending file. Request path: '/favicon-32x32.png'. Physical path: 'N/A'
2024-02-08 15:07:21.562 +05:30  INF  Request finished HTTP/1.1 GET http://localhost:5275/swagger/favicon-32x32.png - 200 628 image/png 0.7584ms
2024-02-08 15:07:21.628 +05:30  INF  Request finished HTTP/1.1 GET http://localhost:5275/swagger/v1/swagger.json - 200 null application/json;charset=utf-8 80.7513ms
2024-02-08 15:44:45.098 +05:30  INF  User profile is available. Using 'C:\Users\AnuragChoudhary\AppData\Local\ASP.NET\DataProtection-Keys' as key repository and Windows DPAPI to encrypt keys at rest.
2024-02-08 15:44:45.269 +05:30  INF  Now listening on: https://localhost:7146
2024-02-08 15:44:45.269 +05:30  INF  Now listening on: http://localhost:5275
2024-02-08 15:44:45.270 +05:30  INF  Application started. Press Ctrl+C to shut down.
2024-02-08 15:44:45.271 +05:30  INF  Hosting environment: Development
2024-02-08 15:44:45.271 +05:30  INF  Content root path: C:\Users\AnuragChoudhary\Downloads\FoodDeliveryAPI\FoodDeliveryAPI\FoodDeliveryAPI
2024-02-08 15:44:45.914 +05:30  INF  Request starting HTTP/2 GET https://localhost:7146/swagger/index.html - null null
2024-02-08 15:44:46.163 +05:30  INF  Request finished HTTP/2 GET https://localhost:7146/swagger/index.html - 200 null text/html;charset=utf-8 250.4253ms
2024-02-08 15:44:46.167 +05:30  INF  Request starting HTTP/2 GET https://localhost:7146/_framework/aspnetcore-browser-refresh.js - null null
2024-02-08 15:44:46.170 +05:30  INF  Request starting HTTP/2 GET https://localhost:7146/_vs/browserLink - null null
2024-02-08 15:44:46.174 +05:30  INF  Request finished HTTP/2 GET https://localhost:7146/_framework/aspnetcore-browser-refresh.js - 200 13766 application/javascript; charset=utf-8 6.3962ms
2024-02-08 15:44:46.226 +05:30  INF  Request finished HTTP/2 GET https://localhost:7146/_vs/browserLink - 200 null text/javascript; charset=UTF-8 56.0029ms
2024-02-08 15:44:46.444 +05:30  INF  Request starting HTTP/2 GET https://localhost:7146/swagger/v1/swagger.json - null null
2024-02-08 15:44:46.535 +05:30  INF  Request finished HTTP/2 GET https://localhost:7146/swagger/v1/swagger.json - 200 null application/json;charset=utf-8 90.3855ms
2024-02-08 15:45:28.372 +05:30  INF  Request starting HTTP/2 GET https://localhost:7146/api/Item - null null
2024-02-08 15:45:28.416 +05:30  INF  Executing endpoint 'FoodDeliveryAPI.Controllers.ItemController.getAllItems (FoodDeliveryAPI)'
2024-02-08 15:45:28.429 +05:30  INF  Route matched with {action = "getAllItems", controller = "Item"}. Executing controller action with signature Microsoft.AspNetCore.Mvc.ActionResult`1[FoodDeliveryAPI.Domain.DTO.ItemDTO] getAllItems() on controller FoodDeliveryAPI.Controllers.ItemController (FoodDeliveryAPI).
2024-02-08 15:45:29.083 +05:30  INF  Executing OkObjectResult, writing value of type 'System.Runtime.CompilerServices.AsyncTaskMethodBuilder`1+AsyncStateMachineBox`1[[System.Collections.Generic.List`1[[FoodDeliveryAPI.Domain.DTO.ItemDTO, FoodDeliveryAPI.Domain, Version=1.0.0.0, Culture=neutral, PublicKeyToken=null]], System.Private.CoreLib, Version=8.0.0.0, Culture=neutral, PublicKeyToken=7cec85d7bea7798e],[Microsoft.EntityFrameworkCore.EntityFrameworkQueryableExtensions+<ToListAsync>d__67`1[[FoodDeliveryAPI.Domain.DTO.ItemDTO, FoodDeliveryAPI.Domain, Version=1.0.0.0, Culture=neutral, PublicKeyToken=null]], Microsoft.EntityFrameworkCore, Version=8.0.1.0, Culture=neutral, PublicKeyToken=adb9793829ddae60]]'.
2024-02-08 15:45:29.090 +05:30  INF  Executed action FoodDeliveryAPI.Controllers.ItemController.getAllItems (FoodDeliveryAPI) in 657.9068ms
2024-02-08 15:45:29.090 +05:30  INF  Executed endpoint 'FoodDeliveryAPI.Controllers.ItemController.getAllItems (FoodDeliveryAPI)'
2024-02-08 15:45:29.091 +05:30  ERR  HTTP GET /api/Item responded 500 in 716.2093 msSystem.InvalidOperationException: The type 'System.Threading.ExecutionContext&' of property 'Context' on type 'System.Runtime.CompilerServices.AsyncTaskMethodBuilder`1+AsyncStateMachineBox`1[System.Collections.Generic.List`1[FoodDeliveryAPI.Domain.DTO.ItemDTO],Microsoft.EntityFrameworkCore.EntityFrameworkQueryableExtensions+<ToListAsync>d__67`1[FoodDeliveryAPI.Domain.DTO.ItemDTO]]' is invalid for serialization or deserialization because it is a pointer type, is a ref struct, or contains generic parameters that have not been replaced by specific types.
   at System.Text.Json.ThrowHelper.ThrowInvalidOperationException_CannotSerializeInvalidType(Type typeToConvert, Type declaringType, MemberInfo memberInfo)
   at System.Text.Json.Serialization.Metadata.DefaultJsonTypeInfoResolver.CreatePropertyInfo(JsonTypeInfo typeInfo, Type typeToConvert, MemberInfo memberInfo, JsonSerializerOptions options, Boolean shouldCheckForRequiredKeyword, Boolean hasJsonIncludeAttribute)
   at System.Text.Json.Serialization.Metadata.DefaultJsonTypeInfoResolver.AddMembersDeclaredBySuperType(JsonTypeInfo typeInfo, Type currentType, Boolean constructorHasSetsRequiredMembersAttribute, PropertyHierarchyResolutionState& state)
   at System.Text.Json.Serialization.Metadata.DefaultJsonTypeInfoResolver.PopulateProperties(JsonTypeInfo typeInfo)
   at System.Text.Json.Serialization.Metadata.DefaultJsonTypeInfoResolver.CreateTypeInfoCore(Type type, JsonConverter converter, JsonSerializerOptions options)
   at System.Text.Json.Serialization.Metadata.DefaultJsonTypeInfoResolver.GetTypeInfo(Type type, JsonSerializerOptions options)
   at System.Text.Json.JsonSerializerOptions.GetTypeInfoNoCaching(Type type)
   at System.Text.Json.JsonSerializerOptions.CachingContext.CreateCacheEntry(Type type, CachingContext context)
--- End of stack trace from previous location ---
   at System.Text.Json.JsonSerializerOptions.GetTypeInfoInternal(Type type, Boolean ensureConfigured, Nullable`1 ensureNotNull, Boolean resolveIfMutable, Boolean fallBackToNearestAncestorType)
   at System.Text.Json.JsonSerializerOptions.GetTypeInfo(Type type)
   at Microsoft.AspNetCore.Mvc.Formatters.SystemTextJsonOutputFormatter.WriteResponseBodyAsync(OutputFormatterWriteContext context, Encoding selectedEncoding)
   at Microsoft.AspNetCore.Mvc.Infrastructure.ResourceInvoker.<InvokeNextResultFilterAsync>g__Awaited|30_0[TFilter,TFilterAsync](ResourceInvoker invoker, Task lastTask, State next, Scope scope, Object state, Boolean isCompleted)
   at Microsoft.AspNetCore.Mvc.Infrastructure.ResourceInvoker.Rethrow(ResultExecutedContextSealed context)
   at Microsoft.AspNetCore.Mvc.Infrastructure.ResourceInvoker.ResultNext[TFilter,TFilterAsync](State& next, Scope& scope, Object& state, Boolean& isCompleted)
   at Microsoft.AspNetCore.Mvc.Infrastructure.ResourceInvoker.InvokeResultFilters()
--- End of stack trace from previous location ---
   at Microsoft.AspNetCore.Mvc.Infrastructure.ResourceInvoker.<InvokeFilterPipelineAsync>g__Awaited|20_0(ResourceInvoker invoker, Task lastTask, State next, Scope scope, Object state, Boolean isCompleted)
   at Microsoft.AspNetCore.Mvc.Infrastructure.ResourceInvoker.<InvokeAsync>g__Logged|17_1(ResourceInvoker invoker)
   at Microsoft.AspNetCore.Mvc.Infrastructure.ResourceInvoker.<InvokeAsync>g__Logged|17_1(ResourceInvoker invoker)
   at Microsoft.AspNetCore.Routing.EndpointMiddleware.<Invoke>g__AwaitRequestTask|7_0(Endpoint endpoint, Task requestTask, ILogger logger)
   at Microsoft.AspNetCore.Authorization.AuthorizationMiddleware.Invoke(HttpContext context)
   at Microsoft.AspNetCore.Authorization.AuthorizationMiddleware.Invoke(HttpContext context)
   at Microsoft.AspNetCore.Authentication.AuthenticationMiddleware.Invoke(HttpContext context)
   at Serilog.AspNetCore.RequestLoggingMiddleware.Invoke(HttpContext httpContext)

2024-02-08 15:45:29.099 +05:30  ERR  An unhandled exception has occurred while executing the request.System.InvalidOperationException: The type 'System.Threading.ExecutionContext&' of property 'Context' on type 'System.Runtime.CompilerServices.AsyncTaskMethodBuilder`1+AsyncStateMachineBox`1[System.Collections.Generic.List`1[FoodDeliveryAPI.Domain.DTO.ItemDTO],Microsoft.EntityFrameworkCore.EntityFrameworkQueryableExtensions+<ToListAsync>d__67`1[FoodDeliveryAPI.Domain.DTO.ItemDTO]]' is invalid for serialization or deserialization because it is a pointer type, is a ref struct, or contains generic parameters that have not been replaced by specific types.
   at System.Text.Json.ThrowHelper.ThrowInvalidOperationException_CannotSerializeInvalidType(Type typeToConvert, Type declaringType, MemberInfo memberInfo)
   at System.Text.Json.Serialization.Metadata.DefaultJsonTypeInfoResolver.CreatePropertyInfo(JsonTypeInfo typeInfo, Type typeToConvert, MemberInfo memberInfo, JsonSerializerOptions options, Boolean shouldCheckForRequiredKeyword, Boolean hasJsonIncludeAttribute)
   at System.Text.Json.Serialization.Metadata.DefaultJsonTypeInfoResolver.AddMembersDeclaredBySuperType(JsonTypeInfo typeInfo, Type currentType, Boolean constructorHasSetsRequiredMembersAttribute, PropertyHierarchyResolutionState& state)
   at System.Text.Json.Serialization.Metadata.DefaultJsonTypeInfoResolver.PopulateProperties(JsonTypeInfo typeInfo)
   at System.Text.Json.Serialization.Metadata.DefaultJsonTypeInfoResolver.CreateTypeInfoCore(Type type, JsonConverter converter, JsonSerializerOptions options)
   at System.Text.Json.Serialization.Metadata.DefaultJsonTypeInfoResolver.GetTypeInfo(Type type, JsonSerializerOptions options)
   at System.Text.Json.JsonSerializerOptions.GetTypeInfoNoCaching(Type type)
   at System.Text.Json.JsonSerializerOptions.CachingContext.CreateCacheEntry(Type type, CachingContext context)
--- End of stack trace from previous location ---
   at System.Text.Json.JsonSerializerOptions.GetTypeInfoInternal(Type type, Boolean ensureConfigured, Nullable`1 ensureNotNull, Boolean resolveIfMutable, Boolean fallBackToNearestAncestorType)
   at System.Text.Json.JsonSerializerOptions.GetTypeInfo(Type type)
   at Microsoft.AspNetCore.Mvc.Formatters.SystemTextJsonOutputFormatter.WriteResponseBodyAsync(OutputFormatterWriteContext context, Encoding selectedEncoding)
   at Microsoft.AspNetCore.Mvc.Infrastructure.ResourceInvoker.<InvokeNextResultFilterAsync>g__Awaited|30_0[TFilter,TFilterAsync](ResourceInvoker invoker, Task lastTask, State next, Scope scope, Object state, Boolean isCompleted)
   at Microsoft.AspNetCore.Mvc.Infrastructure.ResourceInvoker.Rethrow(ResultExecutedContextSealed context)
   at Microsoft.AspNetCore.Mvc.Infrastructure.ResourceInvoker.ResultNext[TFilter,TFilterAsync](State& next, Scope& scope, Object& state, Boolean& isCompleted)
   at Microsoft.AspNetCore.Mvc.Infrastructure.ResourceInvoker.InvokeResultFilters()
--- End of stack trace from previous location ---
   at Microsoft.AspNetCore.Mvc.Infrastructure.ResourceInvoker.<InvokeFilterPipelineAsync>g__Awaited|20_0(ResourceInvoker invoker, Task lastTask, State next, Scope scope, Object state, Boolean isCompleted)
   at Microsoft.AspNetCore.Mvc.Infrastructure.ResourceInvoker.<InvokeAsync>g__Logged|17_1(ResourceInvoker invoker)
   at Microsoft.AspNetCore.Mvc.Infrastructure.ResourceInvoker.<InvokeAsync>g__Logged|17_1(ResourceInvoker invoker)
   at Microsoft.AspNetCore.Routing.EndpointMiddleware.<Invoke>g__AwaitRequestTask|7_0(Endpoint endpoint, Task requestTask, ILogger logger)
   at Microsoft.AspNetCore.Authorization.AuthorizationMiddleware.Invoke(HttpContext context)
   at Microsoft.AspNetCore.Authorization.AuthorizationMiddleware.Invoke(HttpContext context)
   at Microsoft.AspNetCore.Authentication.AuthenticationMiddleware.Invoke(HttpContext context)
   at Serilog.AspNetCore.RequestLoggingMiddleware.Invoke(HttpContext httpContext)
   at Swashbuckle.AspNetCore.SwaggerUI.SwaggerUIMiddleware.Invoke(HttpContext httpContext)
   at Swashbuckle.AspNetCore.Swagger.SwaggerMiddleware.Invoke(HttpContext httpContext, ISwaggerProvider swaggerProvider)
   at Microsoft.AspNetCore.Diagnostics.DeveloperExceptionPageMiddlewareImpl.Invoke(HttpContext context)

2024-02-08 15:45:29.122 +05:30  ERR  An error occurred using the connection to database 'foodDelivery' on server 'BPKLAP-EI0309'.
2024-02-08 15:45:29.123 +05:30  INF  Request finished HTTP/2 GET https://localhost:7146/api/Item - 500 null text/plain; charset=utf-8 751.1985ms
2024-02-08 15:46:36.335 +05:30  INF  Request starting HTTP/2 GET https://localhost:7146/swagger/index.html - null null
2024-02-08 15:46:36.340 +05:30  INF  Request finished HTTP/2 GET https://localhost:7146/swagger/index.html - 200 null text/html;charset=utf-8 5.1382ms
2024-02-08 15:46:36.357 +05:30  INF  Request starting HTTP/2 GET https://localhost:7146/_vs/browserLink - null null
2024-02-08 15:46:36.357 +05:30  INF  Request starting HTTP/2 GET https://localhost:7146/_framework/aspnetcore-browser-refresh.js - null null
2024-02-08 15:46:36.358 +05:30  INF  Request finished HTTP/2 GET https://localhost:7146/_framework/aspnetcore-browser-refresh.js - 200 13766 application/javascript; charset=utf-8 0.7555ms
2024-02-08 15:46:36.363 +05:30  INF  Request finished HTTP/2 GET https://localhost:7146/_vs/browserLink - 200 null text/javascript; charset=UTF-8 5.7749ms
2024-02-08 15:46:36.480 +05:30  INF  Request starting HTTP/2 GET https://localhost:7146/swagger/v1/swagger.json - null null
2024-02-08 15:46:36.494 +05:30  INF  Request finished HTTP/2 GET https://localhost:7146/swagger/v1/swagger.json - 200 null application/json;charset=utf-8 14.4406ms
2024-02-08 15:46:40.785 +05:30  INF  Request starting HTTP/2 GET https://localhost:7146/api/Item - null null
2024-02-08 15:46:40.787 +05:30  INF  Executing endpoint 'FoodDeliveryAPI.Controllers.ItemController.getAllItems (FoodDeliveryAPI)'
2024-02-08 15:46:40.787 +05:30  INF  Route matched with {action = "getAllItems", controller = "Item"}. Executing controller action with signature Microsoft.AspNetCore.Mvc.ActionResult`1[FoodDeliveryAPI.Domain.DTO.ItemDTO] getAllItems() on controller FoodDeliveryAPI.Controllers.ItemController (FoodDeliveryAPI).
2024-02-08 15:46:40.813 +05:30  INF  Executing OkObjectResult, writing value of type 'System.Runtime.CompilerServices.AsyncTaskMethodBuilder`1+AsyncStateMachineBox`1[[System.Collections.Generic.List`1[[FoodDeliveryAPI.Domain.DTO.ItemDTO, FoodDeliveryAPI.Domain, Version=1.0.0.0, Culture=neutral, PublicKeyToken=null]], System.Private.CoreLib, Version=8.0.0.0, Culture=neutral, PublicKeyToken=7cec85d7bea7798e],[Microsoft.EntityFrameworkCore.EntityFrameworkQueryableExtensions+<ToListAsync>d__67`1[[FoodDeliveryAPI.Domain.DTO.ItemDTO, FoodDeliveryAPI.Domain, Version=1.0.0.0, Culture=neutral, PublicKeyToken=null]], Microsoft.EntityFrameworkCore, Version=8.0.1.0, Culture=neutral, PublicKeyToken=adb9793829ddae60]]'.
2024-02-08 15:46:40.813 +05:30  INF  Executed action FoodDeliveryAPI.Controllers.ItemController.getAllItems (FoodDeliveryAPI) in 25.8612ms
2024-02-08 15:46:40.813 +05:30  INF  Executed endpoint 'FoodDeliveryAPI.Controllers.ItemController.getAllItems (FoodDeliveryAPI)'
2024-02-08 15:46:40.813 +05:30  ERR  HTTP GET /api/Item responded 500 in 27.8413 msSystem.InvalidOperationException: The type 'System.Threading.ExecutionContext&' of property 'Context' on type 'System.Runtime.CompilerServices.AsyncTaskMethodBuilder`1+AsyncStateMachineBox`1[System.Collections.Generic.List`1[FoodDeliveryAPI.Domain.DTO.ItemDTO],Microsoft.EntityFrameworkCore.EntityFrameworkQueryableExtensions+<ToListAsync>d__67`1[FoodDeliveryAPI.Domain.DTO.ItemDTO]]' is invalid for serialization or deserialization because it is a pointer type, is a ref struct, or contains generic parameters that have not been replaced by specific types.
   at System.Text.Json.ThrowHelper.ThrowInvalidOperationException_CannotSerializeInvalidType(Type typeToConvert, Type declaringType, MemberInfo memberInfo)
   at System.Text.Json.Serialization.Metadata.DefaultJsonTypeInfoResolver.CreatePropertyInfo(JsonTypeInfo typeInfo, Type typeToConvert, MemberInfo memberInfo, JsonSerializerOptions options, Boolean shouldCheckForRequiredKeyword, Boolean hasJsonIncludeAttribute)
   at System.Text.Json.Serialization.Metadata.DefaultJsonTypeInfoResolver.AddMembersDeclaredBySuperType(JsonTypeInfo typeInfo, Type currentType, Boolean constructorHasSetsRequiredMembersAttribute, PropertyHierarchyResolutionState& state)
   at System.Text.Json.Serialization.Metadata.DefaultJsonTypeInfoResolver.PopulateProperties(JsonTypeInfo typeInfo)
   at System.Text.Json.Serialization.Metadata.DefaultJsonTypeInfoResolver.CreateTypeInfoCore(Type type, JsonConverter converter, JsonSerializerOptions options)
   at System.Text.Json.Serialization.Metadata.DefaultJsonTypeInfoResolver.GetTypeInfo(Type type, JsonSerializerOptions options)
   at System.Text.Json.JsonSerializerOptions.GetTypeInfoNoCaching(Type type)
   at System.Text.Json.JsonSerializerOptions.CachingContext.CreateCacheEntry(Type type, CachingContext context)
--- End of stack trace from previous location ---
   at System.Text.Json.JsonSerializerOptions.GetTypeInfoInternal(Type type, Boolean ensureConfigured, Nullable`1 ensureNotNull, Boolean resolveIfMutable, Boolean fallBackToNearestAncestorType)
   at System.Text.Json.JsonSerializerOptions.GetTypeInfo(Type type)
   at Microsoft.AspNetCore.Mvc.Formatters.SystemTextJsonOutputFormatter.WriteResponseBodyAsync(OutputFormatterWriteContext context, Encoding selectedEncoding)
   at Microsoft.AspNetCore.Mvc.Infrastructure.ResourceInvoker.<InvokeNextResultFilterAsync>g__Awaited|30_0[TFilter,TFilterAsync](ResourceInvoker invoker, Task lastTask, State next, Scope scope, Object state, Boolean isCompleted)
   at Microsoft.AspNetCore.Mvc.Infrastructure.ResourceInvoker.Rethrow(ResultExecutedContextSealed context)
   at Microsoft.AspNetCore.Mvc.Infrastructure.ResourceInvoker.ResultNext[TFilter,TFilterAsync](State& next, Scope& scope, Object& state, Boolean& isCompleted)
   at Microsoft.AspNetCore.Mvc.Infrastructure.ResourceInvoker.InvokeResultFilters()
--- End of stack trace from previous location ---
   at Microsoft.AspNetCore.Mvc.Infrastructure.ResourceInvoker.<InvokeFilterPipelineAsync>g__Awaited|20_0(ResourceInvoker invoker, Task lastTask, State next, Scope scope, Object state, Boolean isCompleted)
   at Microsoft.AspNetCore.Mvc.Infrastructure.ResourceInvoker.<InvokeAsync>g__Logged|17_1(ResourceInvoker invoker)
   at Microsoft.AspNetCore.Mvc.Infrastructure.ResourceInvoker.<InvokeAsync>g__Logged|17_1(ResourceInvoker invoker)
   at Microsoft.AspNetCore.Routing.EndpointMiddleware.<Invoke>g__AwaitRequestTask|7_0(Endpoint endpoint, Task requestTask, ILogger logger)
   at Microsoft.AspNetCore.Authorization.AuthorizationMiddleware.Invoke(HttpContext context)
   at Microsoft.AspNetCore.Authorization.AuthorizationMiddleware.Invoke(HttpContext context)
   at Microsoft.AspNetCore.Authentication.AuthenticationMiddleware.Invoke(HttpContext context)
   at Serilog.AspNetCore.RequestLoggingMiddleware.Invoke(HttpContext httpContext)

2024-02-08 15:46:40.814 +05:30  ERR  An unhandled exception has occurred while executing the request.System.InvalidOperationException: The type 'System.Threading.ExecutionContext&' of property 'Context' on type 'System.Runtime.CompilerServices.AsyncTaskMethodBuilder`1+AsyncStateMachineBox`1[System.Collections.Generic.List`1[FoodDeliveryAPI.Domain.DTO.ItemDTO],Microsoft.EntityFrameworkCore.EntityFrameworkQueryableExtensions+<ToListAsync>d__67`1[FoodDeliveryAPI.Domain.DTO.ItemDTO]]' is invalid for serialization or deserialization because it is a pointer type, is a ref struct, or contains generic parameters that have not been replaced by specific types.
   at System.Text.Json.ThrowHelper.ThrowInvalidOperationException_CannotSerializeInvalidType(Type typeToConvert, Type declaringType, MemberInfo memberInfo)
   at System.Text.Json.Serialization.Metadata.DefaultJsonTypeInfoResolver.CreatePropertyInfo(JsonTypeInfo typeInfo, Type typeToConvert, MemberInfo memberInfo, JsonSerializerOptions options, Boolean shouldCheckForRequiredKeyword, Boolean hasJsonIncludeAttribute)
   at System.Text.Json.Serialization.Metadata.DefaultJsonTypeInfoResolver.AddMembersDeclaredBySuperType(JsonTypeInfo typeInfo, Type currentType, Boolean constructorHasSetsRequiredMembersAttribute, PropertyHierarchyResolutionState& state)
   at System.Text.Json.Serialization.Metadata.DefaultJsonTypeInfoResolver.PopulateProperties(JsonTypeInfo typeInfo)
   at System.Text.Json.Serialization.Metadata.DefaultJsonTypeInfoResolver.CreateTypeInfoCore(Type type, JsonConverter converter, JsonSerializerOptions options)
   at System.Text.Json.Serialization.Metadata.DefaultJsonTypeInfoResolver.GetTypeInfo(Type type, JsonSerializerOptions options)
   at System.Text.Json.JsonSerializerOptions.GetTypeInfoNoCaching(Type type)
   at System.Text.Json.JsonSerializerOptions.CachingContext.CreateCacheEntry(Type type, CachingContext context)
--- End of stack trace from previous location ---
   at System.Text.Json.JsonSerializerOptions.GetTypeInfoInternal(Type type, Boolean ensureConfigured, Nullable`1 ensureNotNull, Boolean resolveIfMutable, Boolean fallBackToNearestAncestorType)
   at System.Text.Json.JsonSerializerOptions.GetTypeInfo(Type type)
   at Microsoft.AspNetCore.Mvc.Formatters.SystemTextJsonOutputFormatter.WriteResponseBodyAsync(OutputFormatterWriteContext context, Encoding selectedEncoding)
   at Microsoft.AspNetCore.Mvc.Infrastructure.ResourceInvoker.<InvokeNextResultFilterAsync>g__Awaited|30_0[TFilter,TFilterAsync](ResourceInvoker invoker, Task lastTask, State next, Scope scope, Object state, Boolean isCompleted)
   at Microsoft.AspNetCore.Mvc.Infrastructure.ResourceInvoker.Rethrow(ResultExecutedContextSealed context)
   at Microsoft.AspNetCore.Mvc.Infrastructure.ResourceInvoker.ResultNext[TFilter,TFilterAsync](State& next, Scope& scope, Object& state, Boolean& isCompleted)
   at Microsoft.AspNetCore.Mvc.Infrastructure.ResourceInvoker.InvokeResultFilters()
--- End of stack trace from previous location ---
   at Microsoft.AspNetCore.Mvc.Infrastructure.ResourceInvoker.<InvokeFilterPipelineAsync>g__Awaited|20_0(ResourceInvoker invoker, Task lastTask, State next, Scope scope, Object state, Boolean isCompleted)
   at Microsoft.AspNetCore.Mvc.Infrastructure.ResourceInvoker.<InvokeAsync>g__Logged|17_1(ResourceInvoker invoker)
   at Microsoft.AspNetCore.Mvc.Infrastructure.ResourceInvoker.<InvokeAsync>g__Logged|17_1(ResourceInvoker invoker)
   at Microsoft.AspNetCore.Routing.EndpointMiddleware.<Invoke>g__AwaitRequestTask|7_0(Endpoint endpoint, Task requestTask, ILogger logger)
   at Microsoft.AspNetCore.Authorization.AuthorizationMiddleware.Invoke(HttpContext context)
   at Microsoft.AspNetCore.Authorization.AuthorizationMiddleware.Invoke(HttpContext context)
   at Microsoft.AspNetCore.Authentication.AuthenticationMiddleware.Invoke(HttpContext context)
   at Serilog.AspNetCore.RequestLoggingMiddleware.Invoke(HttpContext httpContext)
   at Swashbuckle.AspNetCore.SwaggerUI.SwaggerUIMiddleware.Invoke(HttpContext httpContext)
   at Swashbuckle.AspNetCore.Swagger.SwaggerMiddleware.Invoke(HttpContext httpContext, ISwaggerProvider swaggerProvider)
   at Microsoft.AspNetCore.Diagnostics.DeveloperExceptionPageMiddlewareImpl.Invoke(HttpContext context)

2024-02-08 15:46:40.818 +05:30  INF  Request finished HTTP/2 GET https://localhost:7146/api/Item - 500 null text/plain; charset=utf-8 33.3971ms
2024-02-08 15:46:40.824 +05:30  ERR  Failed executing DbCommand (16ms) [Parameters=[], CommandType='"Text"', CommandTimeout='30']
SELECT [i].[ItemId], [i].[Description], [i].[Name], [i].[OrderId], [i].[RestaurantId], [i].[isOutOfStock], [i].[price]
FROM [Items] AS [i]
2024-02-08 15:46:40.831 +05:30  ERR  An exception occurred while iterating over the results of a query for context type 'FoodDeliveryAPI.DataAcces.Data.FoodDeliveryAPIContext'.
System.InvalidOperationException: Invalid operation. The connection is closed.
   at Microsoft.Data.SqlClient.SqlCommand.<>c.<ExecuteDbDataReaderAsync>b__209_0(Task`1 result)
   at System.Threading.Tasks.ContinuationResultTaskFromResultTask`2.InnerInvoke()
   at System.Threading.ExecutionContext.RunInternal(ExecutionContext executionContext, ContextCallback callback, Object state)
--- End of stack trace from previous location ---
   at System.Threading.ExecutionContext.RunInternal(ExecutionContext executionContext, ContextCallback callback, Object state)
   at System.Threading.Tasks.Task.ExecuteWithThreadLocal(Task& currentTaskSlot, Thread threadPoolThread)
--- End of stack trace from previous location ---
   at Microsoft.EntityFrameworkCore.Storage.RelationalCommand.ExecuteReaderAsync(RelationalCommandParameterObject parameterObject, CancellationToken cancellationToken)
   at Microsoft.EntityFrameworkCore.Storage.RelationalCommand.ExecuteReaderAsync(RelationalCommandParameterObject parameterObject, CancellationToken cancellationToken)
   at Microsoft.EntityFrameworkCore.Query.Internal.SingleQueryingEnumerable`1.AsyncEnumerator.InitializeReaderAsync(AsyncEnumerator enumerator, CancellationToken cancellationToken)
   at Microsoft.EntityFrameworkCore.SqlServer.Storage.Internal.SqlServerExecutionStrategy.ExecuteAsync[TState,TResult](TState state, Func`4 operation, Func`4 verifySucceeded, CancellationToken cancellationToken)
   at Microsoft.EntityFrameworkCore.Query.Internal.SingleQueryingEnumerable`1.AsyncEnumerator.MoveNextAsync()System.InvalidOperationException: Invalid operation. The connection is closed.
   at Microsoft.Data.SqlClient.SqlCommand.<>c.<ExecuteDbDataReaderAsync>b__209_0(Task`1 result)
   at System.Threading.Tasks.ContinuationResultTaskFromResultTask`2.InnerInvoke()
   at System.Threading.ExecutionContext.RunInternal(ExecutionContext executionContext, ContextCallback callback, Object state)
--- End of stack trace from previous location ---
   at System.Threading.ExecutionContext.RunInternal(ExecutionContext executionContext, ContextCallback callback, Object state)
   at System.Threading.Tasks.Task.ExecuteWithThreadLocal(Task& currentTaskSlot, Thread threadPoolThread)
--- End of stack trace from previous location ---
   at Microsoft.EntityFrameworkCore.Storage.RelationalCommand.ExecuteReaderAsync(RelationalCommandParameterObject parameterObject, CancellationToken cancellationToken)
   at Microsoft.EntityFrameworkCore.Storage.RelationalCommand.ExecuteReaderAsync(RelationalCommandParameterObject parameterObject, CancellationToken cancellationToken)
   at Microsoft.EntityFrameworkCore.Query.Internal.SingleQueryingEnumerable`1.AsyncEnumerator.InitializeReaderAsync(AsyncEnumerator enumerator, CancellationToken cancellationToken)
   at Microsoft.EntityFrameworkCore.SqlServer.Storage.Internal.SqlServerExecutionStrategy.ExecuteAsync[TState,TResult](TState state, Func`4 operation, Func`4 verifySucceeded, CancellationToken cancellationToken)
   at Microsoft.EntityFrameworkCore.Query.Internal.SingleQueryingEnumerable`1.AsyncEnumerator.MoveNextAsync()

2024-02-08 15:47:08.440 +05:30  INF  User profile is available. Using 'C:\Users\AnuragChoudhary\AppData\Local\ASP.NET\DataProtection-Keys' as key repository and Windows DPAPI to encrypt keys at rest.
2024-02-08 15:47:08.570 +05:30  INF  Now listening on: https://localhost:7146
2024-02-08 15:47:08.570 +05:30  INF  Now listening on: http://localhost:5275
2024-02-08 15:47:08.572 +05:30  INF  Application started. Press Ctrl+C to shut down.
2024-02-08 15:47:08.572 +05:30  INF  Hosting environment: Development
2024-02-08 15:47:08.572 +05:30  INF  Content root path: C:\Users\AnuragChoudhary\Downloads\FoodDeliveryAPI\FoodDeliveryAPI\FoodDeliveryAPI
2024-02-08 15:47:08.680 +05:30  INF  Request starting HTTP/2 GET https://localhost:7146/swagger/index.html - null null
2024-02-08 15:47:08.818 +05:30  INF  Request finished HTTP/2 GET https://localhost:7146/swagger/index.html - 200 null text/html;charset=utf-8 137.9238ms
2024-02-08 15:47:08.829 +05:30  INF  Request starting HTTP/2 GET https://localhost:7146/_framework/aspnetcore-browser-refresh.js - null null
2024-02-08 15:47:08.829 +05:30  INF  Request starting HTTP/2 GET https://localhost:7146/_vs/browserLink - null null
2024-02-08 15:47:08.831 +05:30  INF  Request finished HTTP/2 GET https://localhost:7146/_framework/aspnetcore-browser-refresh.js - 200 13766 application/javascript; charset=utf-8 2.1331ms
2024-02-08 15:47:08.848 +05:30  INF  Request finished HTTP/2 GET https://localhost:7146/_vs/browserLink - 200 null text/javascript; charset=UTF-8 19.6087ms
2024-02-08 15:47:08.873 +05:30  INF  Request starting HTTP/2 GET https://localhost:7146/swagger/v1/swagger.json - null null
2024-02-08 15:47:08.944 +05:30  INF  Request finished HTTP/2 GET https://localhost:7146/swagger/v1/swagger.json - 200 null application/json;charset=utf-8 71.1545ms
2024-02-08 15:47:15.306 +05:30  INF  Request starting HTTP/2 GET https://localhost:7146/api/Item - null null
2024-02-08 15:47:15.355 +05:30  INF  Executing endpoint 'FoodDeliveryAPI.Controllers.ItemController.getAllItems (FoodDeliveryAPI)'
2024-02-08 15:47:15.374 +05:30  INF  Route matched with {action = "getAllItems", controller = "Item"}. Executing controller action with signature System.Threading.Tasks.Task`1[Microsoft.AspNetCore.Mvc.ActionResult`1[FoodDeliveryAPI.Domain.DTO.ItemDTO]] getAllItems() on controller FoodDeliveryAPI.Controllers.ItemController (FoodDeliveryAPI).
2024-02-08 15:47:17.225 +05:30  INF  Executed DbCommand (62ms) [Parameters=[], CommandType='"Text"', CommandTimeout='30']
SELECT [i].[ItemId], [i].[Description], [i].[Name], [i].[OrderId], [i].[RestaurantId], [i].[isOutOfStock], [i].[price]
FROM [Items] AS [i]
2024-02-08 15:47:17.341 +05:30  INF  Executing OkObjectResult, writing value of type 'System.Collections.Generic.List`1[[FoodDeliveryAPI.Domain.DTO.ItemDTO, FoodDeliveryAPI.Domain, Version=1.0.0.0, Culture=neutral, PublicKeyToken=null]]'.
2024-02-08 15:47:17.361 +05:30  INF  Executed action FoodDeliveryAPI.Controllers.ItemController.getAllItems (FoodDeliveryAPI) in 1982.5472ms
2024-02-08 15:47:17.362 +05:30  INF  Executed endpoint 'FoodDeliveryAPI.Controllers.ItemController.getAllItems (FoodDeliveryAPI)'
2024-02-08 15:47:17.364 +05:30  INF  HTTP GET /api/Item responded 200 in 2053.0629 ms
2024-02-08 15:47:17.374 +05:30  INF  Request finished HTTP/2 GET https://localhost:7146/api/Item - 200 null application/json; charset=utf-8 2067.306ms
2024-02-08 16:41:50.821 +05:30  INF  User profile is available. Using 'C:\Users\AnuragChoudhary\AppData\Local\ASP.NET\DataProtection-Keys' as key repository and Windows DPAPI to encrypt keys at rest.
2024-02-08 16:41:50.959 +05:30  INF  Now listening on: https://localhost:7146
2024-02-08 16:41:50.960 +05:30  INF  Now listening on: http://localhost:5275
2024-02-08 16:41:50.961 +05:30  INF  Application started. Press Ctrl+C to shut down.
2024-02-08 16:41:50.962 +05:30  INF  Hosting environment: Development
2024-02-08 16:41:50.962 +05:30  INF  Content root path: C:\Users\AnuragChoudhary\Downloads\FoodDeliveryAPI\FoodDeliveryAPI\FoodDeliveryAPI
2024-02-08 16:41:51.606 +05:30  INF  Request starting HTTP/2 GET https://localhost:7146/swagger/index.html - null null
2024-02-08 16:41:51.815 +05:30  INF  Request finished HTTP/2 GET https://localhost:7146/swagger/index.html - 200 null text/html;charset=utf-8 209.8614ms
2024-02-08 16:41:51.823 +05:30  INF  Request starting HTTP/2 GET https://localhost:7146/_framework/aspnetcore-browser-refresh.js - null null
2024-02-08 16:41:51.825 +05:30  INF  Request starting HTTP/2 GET https://localhost:7146/_vs/browserLink - null null
2024-02-08 16:41:51.827 +05:30  INF  Request finished HTTP/2 GET https://localhost:7146/_framework/aspnetcore-browser-refresh.js - 200 13766 application/javascript; charset=utf-8 3.626ms
2024-02-08 16:41:51.852 +05:30  INF  Request finished HTTP/2 GET https://localhost:7146/_vs/browserLink - 200 null text/javascript; charset=UTF-8 27.0471ms
2024-02-08 16:41:51.909 +05:30  INF  Request starting HTTP/2 GET https://localhost:7146/swagger/v1/swagger.json - null null
2024-02-08 16:41:51.983 +05:30  INF  Request finished HTTP/2 GET https://localhost:7146/swagger/v1/swagger.json - 200 null application/json;charset=utf-8 74.4098ms
2024-02-08 16:42:01.116 +05:30  INF  Request starting HTTP/2 GET https://localhost:7146/api/Item - null null
2024-02-08 16:42:01.156 +05:30  INF  Executing endpoint 'FoodDeliveryAPI.Controllers.ItemController.getAllItems (FoodDeliveryAPI)'
2024-02-08 16:42:01.164 +05:30  INF  Route matched with {action = "getAllItems", controller = "Item"}. Executing controller action with signature System.Threading.Tasks.Task`1[Microsoft.AspNetCore.Mvc.ActionResult`1[FoodDeliveryAPI.Domain.DTO.ItemDTO]] getAllItems() on controller FoodDeliveryAPI.Controllers.ItemController (FoodDeliveryAPI).
2024-02-08 16:42:01.923 +05:30  INF  Executed DbCommand (22ms) [Parameters=[], CommandType='"Text"', CommandTimeout='30']
SELECT [i].[ItemId], [i].[Description], [i].[Name], [i].[OrderId], [i].[RestaurantId], [i].[isOutOfStock], [i].[price]
FROM [Items] AS [i]
2024-02-08 16:42:01.972 +05:30  INF  Executing OkObjectResult, writing value of type 'System.Collections.Generic.List`1[[FoodDeliveryAPI.Domain.DTO.ItemDTO, FoodDeliveryAPI.Domain, Version=1.0.0.0, Culture=neutral, PublicKeyToken=null]]'.
2024-02-08 16:42:01.979 +05:30  INF  Executed action FoodDeliveryAPI.Controllers.ItemController.getAllItems (FoodDeliveryAPI) in 813.6872ms
2024-02-08 16:42:01.979 +05:30  INF  Executed endpoint 'FoodDeliveryAPI.Controllers.ItemController.getAllItems (FoodDeliveryAPI)'
2024-02-08 16:42:01.981 +05:30  INF  HTTP GET /api/Item responded 200 in 861.1506 ms
2024-02-08 16:42:01.984 +05:30  INF  Request finished HTTP/2 GET https://localhost:7146/api/Item - 200 null application/json; charset=utf-8 867.3491ms
2024-02-08 16:50:24.362 +05:30  INF  Application is shutting down...
2024-02-08 17:15:39.652 +05:30  INF  User profile is available. Using 'C:\Users\AnuragChoudhary\AppData\Local\ASP.NET\DataProtection-Keys' as key repository and Windows DPAPI to encrypt keys at rest.
2024-02-08 17:15:39.769 +05:30  INF  Now listening on: https://localhost:7146
2024-02-08 17:15:39.769 +05:30  INF  Now listening on: http://localhost:5275
2024-02-08 17:15:39.770 +05:30  INF  Application started. Press Ctrl+C to shut down.
2024-02-08 17:15:39.770 +05:30  INF  Hosting environment: Development
2024-02-08 17:15:39.771 +05:30  INF  Content root path: C:\Users\AnuragChoudhary\Downloads\FoodDeliveryAPI\FoodDeliveryAPI\FoodDeliveryAPI
2024-02-08 17:15:39.929 +05:30  INF  Request starting HTTP/2 GET https://localhost:7146/swagger/index.html - null null
2024-02-08 17:15:40.077 +05:30  INF  Request finished HTTP/2 GET https://localhost:7146/swagger/index.html - 200 null text/html;charset=utf-8 149.6018ms
2024-02-08 17:15:40.089 +05:30  INF  Request starting HTTP/2 GET https://localhost:7146/_vs/browserLink - null null
2024-02-08 17:15:40.089 +05:30  INF  Request starting HTTP/2 GET https://localhost:7146/_framework/aspnetcore-browser-refresh.js - null null
2024-02-08 17:15:40.092 +05:30  INF  Request finished HTTP/2 GET https://localhost:7146/_framework/aspnetcore-browser-refresh.js - 200 13766 application/javascript; charset=utf-8 3.3881ms
2024-02-08 17:15:40.112 +05:30  INF  Request finished HTTP/2 GET https://localhost:7146/_vs/browserLink - 200 null text/javascript; charset=UTF-8 23.2531ms
2024-02-08 17:15:40.172 +05:30  INF  Request starting HTTP/2 GET https://localhost:7146/swagger/v1/swagger.json - null null
2024-02-08 17:15:40.255 +05:30  INF  Request finished HTTP/2 GET https://localhost:7146/swagger/v1/swagger.json - 200 null application/json;charset=utf-8 82.6799ms
2024-02-08 17:22:53.834 +05:30  INF  Request starting HTTP/2 GET https://localhost:7146/item - null null
2024-02-08 17:22:53.881 +05:30  INF  CORS policy execution successful.
2024-02-08 17:22:53.886 +05:30  INF  Executing endpoint 'FoodDeliveryAPI.Controllers.ItemController.getAllItems (FoodDeliveryAPI)'
2024-02-08 17:22:53.916 +05:30  INF  Route matched with {action = "getAllItems", controller = "Item"}. Executing controller action with signature System.Threading.Tasks.Task`1[Microsoft.AspNetCore.Mvc.ActionResult`1[FoodDeliveryAPI.Domain.DTO.ItemDTO]] getAllItems() on controller FoodDeliveryAPI.Controllers.ItemController (FoodDeliveryAPI).
2024-02-08 17:22:55.839 +05:30  INF  Executed DbCommand (44ms) [Parameters=[], CommandType='"Text"', CommandTimeout='30']
SELECT [i].[ItemId], [i].[Description], [i].[Name], [i].[OrderId], [i].[RestaurantId], [i].[isOutOfStock], [i].[price]
FROM [Items] AS [i]
2024-02-08 17:22:55.963 +05:30  INF  Executing OkObjectResult, writing value of type 'System.Collections.Generic.List`1[[FoodDeliveryAPI.Domain.DTO.ItemDTO, FoodDeliveryAPI.Domain, Version=1.0.0.0, Culture=neutral, PublicKeyToken=null]]'.
2024-02-08 17:22:55.982 +05:30  INF  Executed action FoodDeliveryAPI.Controllers.ItemController.getAllItems (FoodDeliveryAPI) in 2061.6549ms
2024-02-08 17:22:55.983 +05:30  INF  Executed endpoint 'FoodDeliveryAPI.Controllers.ItemController.getAllItems (FoodDeliveryAPI)'
2024-02-08 17:22:55.985 +05:30  INF  HTTP GET /item responded 200 in 2146.8814 ms
2024-02-08 17:22:55.992 +05:30  INF  Request finished HTTP/2 GET https://localhost:7146/item - 200 null application/json; charset=utf-8 2158.0987ms
2024-02-08 17:23:57.339 +05:30  INF  Request starting HTTP/2 GET https://localhost:7146/item - null null
2024-02-08 17:23:57.341 +05:30  INF  CORS policy execution successful.
2024-02-08 17:23:57.342 +05:30  INF  Executing endpoint 'FoodDeliveryAPI.Controllers.ItemController.getAllItems (FoodDeliveryAPI)'
2024-02-08 17:23:57.342 +05:30  INF  Route matched with {action = "getAllItems", controller = "Item"}. Executing controller action with signature System.Threading.Tasks.Task`1[Microsoft.AspNetCore.Mvc.ActionResult`1[FoodDeliveryAPI.Domain.DTO.ItemDTO]] getAllItems() on controller FoodDeliveryAPI.Controllers.ItemController (FoodDeliveryAPI).
2024-02-08 17:23:57.380 +05:30  INF  Executed DbCommand (5ms) [Parameters=[], CommandType='"Text"', CommandTimeout='30']
SELECT [i].[ItemId], [i].[Description], [i].[Name], [i].[OrderId], [i].[RestaurantId], [i].[isOutOfStock], [i].[price]
FROM [Items] AS [i]
2024-02-08 17:23:57.382 +05:30  INF  Executing OkObjectResult, writing value of type 'System.Collections.Generic.List`1[[FoodDeliveryAPI.Domain.DTO.ItemDTO, FoodDeliveryAPI.Domain, Version=1.0.0.0, Culture=neutral, PublicKeyToken=null]]'.
2024-02-08 17:23:57.383 +05:30  INF  Executed action FoodDeliveryAPI.Controllers.ItemController.getAllItems (FoodDeliveryAPI) in 40.8447ms
2024-02-08 17:23:57.383 +05:30  INF  Executed endpoint 'FoodDeliveryAPI.Controllers.ItemController.getAllItems (FoodDeliveryAPI)'
2024-02-08 17:23:57.383 +05:30  INF  HTTP GET /item responded 200 in 43.8001 ms
2024-02-08 17:23:57.384 +05:30  INF  Request finished HTTP/2 GET https://localhost:7146/item - 200 null application/json; charset=utf-8 45.0043ms
2024-02-08 17:27:46.601 +05:30  INF  Request starting HTTP/2 GET https://localhost:7146/item - null null
2024-02-08 17:27:46.607 +05:30  INF  CORS policy execution successful.
2024-02-08 17:27:46.607 +05:30  INF  Executing endpoint 'FoodDeliveryAPI.Controllers.ItemController.getAllItems (FoodDeliveryAPI)'
2024-02-08 17:27:46.608 +05:30  INF  Route matched with {action = "getAllItems", controller = "Item"}. Executing controller action with signature System.Threading.Tasks.Task`1[Microsoft.AspNetCore.Mvc.ActionResult`1[FoodDeliveryAPI.Domain.DTO.ItemDTO]] getAllItems() on controller FoodDeliveryAPI.Controllers.ItemController (FoodDeliveryAPI).
2024-02-08 17:27:46.733 +05:30  INF  Executed DbCommand (3ms) [Parameters=[], CommandType='"Text"', CommandTimeout='30']
SELECT [i].[ItemId], [i].[Description], [i].[Name], [i].[OrderId], [i].[RestaurantId], [i].[isOutOfStock], [i].[price]
FROM [Items] AS [i]
2024-02-08 17:27:46.734 +05:30  INF  Executing OkObjectResult, writing value of type 'System.Collections.Generic.List`1[[FoodDeliveryAPI.Domain.DTO.ItemDTO, FoodDeliveryAPI.Domain, Version=1.0.0.0, Culture=neutral, PublicKeyToken=null]]'.
2024-02-08 17:27:46.734 +05:30  INF  Executed action FoodDeliveryAPI.Controllers.ItemController.getAllItems (FoodDeliveryAPI) in 126.3926ms
2024-02-08 17:27:46.734 +05:30  INF  Executed endpoint 'FoodDeliveryAPI.Controllers.ItemController.getAllItems (FoodDeliveryAPI)'
2024-02-08 17:27:46.734 +05:30  INF  HTTP GET /item responded 200 in 132.2805 ms
2024-02-08 17:27:46.735 +05:30  INF  Request finished HTTP/2 GET https://localhost:7146/item - 200 null application/json; charset=utf-8 133.3363ms
2024-02-08 18:21:58.280 +05:30  INF  User profile is available. Using 'C:\Users\AnuragChoudhary\AppData\Local\ASP.NET\DataProtection-Keys' as key repository and Windows DPAPI to encrypt keys at rest.
2024-02-08 18:21:59.149 +05:30  INF  Now listening on: https://localhost:7146
2024-02-08 18:21:59.150 +05:30  INF  Now listening on: http://localhost:5275
2024-02-08 18:21:59.152 +05:30  INF  Application started. Press Ctrl+C to shut down.
2024-02-08 18:21:59.153 +05:30  INF  Hosting environment: Development
2024-02-08 18:21:59.153 +05:30  INF  Content root path: C:\Users\AnuragChoudhary\Downloads\FoodDeliveryAPI\FoodDeliveryAPI\FoodDeliveryAPI
2024-02-08 18:21:59.409 +05:30  INF  Request starting HTTP/2 GET https://localhost:7146/item - null null
2024-02-08 18:21:59.643 +05:30  INF  CORS policy execution successful.
2024-02-08 18:21:59.656 +05:30  INF  Executing endpoint 'FoodDeliveryAPI.Controllers.ItemController.getAllItems (FoodDeliveryAPI)'
2024-02-08 18:21:59.706 +05:30  INF  Route matched with {action = "getAllItems", controller = "Item"}. Executing controller action with signature System.Threading.Tasks.Task`1[Microsoft.AspNetCore.Mvc.ActionResult`1[FoodDeliveryAPI.Domain.DTO.ItemDTO]] getAllItems() on controller FoodDeliveryAPI.Controllers.ItemController (FoodDeliveryAPI).
2024-02-08 18:21:59.726 +05:30  INF  Request starting HTTP/2 GET https://localhost:7146/swagger - null null
2024-02-08 18:22:00.295 +05:30  INF  Request finished HTTP/2 GET https://localhost:7146/swagger - 301 0 null 569.022ms
2024-02-08 18:22:00.302 +05:30  INF  Request starting HTTP/2 GET https://localhost:7146/swagger/index.html - null null
2024-02-08 18:22:00.484 +05:30  INF  Request starting HTTP/2 GET https://localhost:7146/swagger/swagger-ui.css - null null
2024-02-08 18:22:00.484 +05:30  INF  Request finished HTTP/2 GET https://localhost:7146/swagger/index.html - 200 null text/html;charset=utf-8 181.8707ms
2024-02-08 18:22:00.485 +05:30  INF  Request starting HTTP/2 GET https://localhost:7146/swagger/swagger-ui-bundle.js - null null
2024-02-08 18:22:00.491 +05:30  INF  Request starting HTTP/2 GET https://localhost:7146/swagger/swagger-ui-standalone-preset.js - null null
2024-02-08 18:22:00.495 +05:30  INF  Request starting HTTP/2 GET https://localhost:7146/_vs/browserLink - null null
2024-02-08 18:22:00.498 +05:30  INF  Request starting HTTP/2 GET https://localhost:7146/_framework/aspnetcore-browser-refresh.js - null null
2024-02-08 18:22:00.513 +05:30  INF  Request finished HTTP/2 GET https://localhost:7146/_framework/aspnetcore-browser-refresh.js - 200 13766 application/javascript; charset=utf-8 15.4978ms
2024-02-08 18:22:00.528 +05:30  INF  Sending file. Request path: '/swagger-ui.css'. Physical path: 'N/A'
2024-02-08 18:22:00.529 +05:30  INF  Request finished HTTP/2 GET https://localhost:7146/swagger/swagger-ui.css - 200 144929 text/css 45.0605ms
2024-02-08 18:22:00.547 +05:30  INF  Sending file. Request path: '/swagger-ui-standalone-preset.js'. Physical path: 'N/A'
2024-02-08 18:22:00.547 +05:30  INF  Request finished HTTP/2 GET https://localhost:7146/swagger/swagger-ui-standalone-preset.js - 200 312163 text/javascript 56.0515ms
2024-02-08 18:22:00.585 +05:30  INF  Sending file. Request path: '/swagger-ui-bundle.js'. Physical path: 'N/A'
2024-02-08 18:22:00.589 +05:30  INF  Request finished HTTP/2 GET https://localhost:7146/swagger/swagger-ui-bundle.js - 200 1061536 text/javascript 103.6559ms
2024-02-08 18:22:00.609 +05:30  INF  Request finished HTTP/2 GET https://localhost:7146/_vs/browserLink - 200 null text/javascript; charset=UTF-8 114.417ms
2024-02-08 18:22:00.940 +05:30  INF  Request starting HTTP/2 GET https://localhost:7146/swagger/v1/swagger.json - null null
2024-02-08 18:22:00.983 +05:30  INF  Request starting HTTP/2 GET https://localhost:7146/swagger/favicon-32x32.png - null null
2024-02-08 18:22:00.984 +05:30  INF  Sending file. Request path: '/favicon-32x32.png'. Physical path: 'N/A'
2024-02-08 18:22:00.984 +05:30  INF  Request finished HTTP/2 GET https://localhost:7146/swagger/favicon-32x32.png - 200 628 image/png 1.5343ms
2024-02-08 18:22:01.168 +05:30  INF  Request finished HTTP/2 GET https://localhost:7146/swagger/v1/swagger.json - 200 null application/json;charset=utf-8 228.5334ms
2024-02-08 18:22:02.486 +05:30  INF  Executed DbCommand (38ms) [Parameters=[], CommandType='"Text"', CommandTimeout='30']
SELECT [i].[ItemId], [i].[Description], [i].[Name], [i].[OrderId], [i].[RestaurantId], [i].[isOutOfStock], [i].[price]
FROM [Items] AS [i]
2024-02-08 18:22:02.567 +05:30  INF  Executing OkObjectResult, writing value of type 'System.Collections.Generic.List`1[[FoodDeliveryAPI.Domain.DTO.ItemDTO, FoodDeliveryAPI.Domain, Version=1.0.0.0, Culture=neutral, PublicKeyToken=null]]'.
2024-02-08 18:22:02.583 +05:30  INF  Executed action FoodDeliveryAPI.Controllers.ItemController.getAllItems (FoodDeliveryAPI) in 2873.1015ms
2024-02-08 18:22:02.583 +05:30  INF  Executed endpoint 'FoodDeliveryAPI.Controllers.ItemController.getAllItems (FoodDeliveryAPI)'
2024-02-08 18:22:02.586 +05:30  INF  HTTP GET /item responded 200 in 3059.5537 ms
2024-02-08 18:22:02.592 +05:30  INF  Request finished HTTP/2 GET https://localhost:7146/item - 200 null application/json; charset=utf-8 3187.6826ms
2024-02-08 18:22:23.650 +05:30  INF  Request starting HTTP/2 GET https://localhost:7146/item - null null
2024-02-08 18:22:23.652 +05:30  INF  CORS policy execution successful.
2024-02-08 18:22:23.653 +05:30  INF  Executing endpoint 'FoodDeliveryAPI.Controllers.ItemController.getAllItems (FoodDeliveryAPI)'
2024-02-08 18:22:23.653 +05:30  INF  Route matched with {action = "getAllItems", controller = "Item"}. Executing controller action with signature System.Threading.Tasks.Task`1[Microsoft.AspNetCore.Mvc.ActionResult`1[FoodDeliveryAPI.Domain.DTO.ItemDTO]] getAllItems() on controller FoodDeliveryAPI.Controllers.ItemController (FoodDeliveryAPI).
2024-02-08 18:22:23.685 +05:30  INF  Executed DbCommand (3ms) [Parameters=[], CommandType='"Text"', CommandTimeout='30']
SELECT [i].[ItemId], [i].[Description], [i].[Name], [i].[OrderId], [i].[RestaurantId], [i].[isOutOfStock], [i].[price]
FROM [Items] AS [i]
2024-02-08 18:22:23.688 +05:30  INF  Executing OkObjectResult, writing value of type 'System.Collections.Generic.List`1[[FoodDeliveryAPI.Domain.DTO.ItemDTO, FoodDeliveryAPI.Domain, Version=1.0.0.0, Culture=neutral, PublicKeyToken=null]]'.
2024-02-08 18:22:23.689 +05:30  INF  Executed action FoodDeliveryAPI.Controllers.ItemController.getAllItems (FoodDeliveryAPI) in 34.7896ms
2024-02-08 18:22:23.689 +05:30  INF  Executed endpoint 'FoodDeliveryAPI.Controllers.ItemController.getAllItems (FoodDeliveryAPI)'
2024-02-08 18:22:23.689 +05:30  INF  HTTP GET /item responded 200 in 38.4845 ms
2024-02-08 18:22:23.689 +05:30  INF  Request finished HTTP/2 GET https://localhost:7146/item - 200 null application/json; charset=utf-8 39.4268ms
2024-02-08 18:22:48.693 +05:30  INF  Request starting HTTP/2 GET https://localhost:7146/item - null null
2024-02-08 18:22:48.703 +05:30  INF  CORS policy execution successful.
2024-02-08 18:22:48.704 +05:30  INF  Executing endpoint 'FoodDeliveryAPI.Controllers.ItemController.getAllItems (FoodDeliveryAPI)'
2024-02-08 18:22:48.704 +05:30  INF  Route matched with {action = "getAllItems", controller = "Item"}. Executing controller action with signature System.Threading.Tasks.Task`1[Microsoft.AspNetCore.Mvc.ActionResult`1[FoodDeliveryAPI.Domain.DTO.ItemDTO]] getAllItems() on controller FoodDeliveryAPI.Controllers.ItemController (FoodDeliveryAPI).
2024-02-08 18:22:48.838 +05:30  INF  Executed DbCommand (1ms) [Parameters=[], CommandType='"Text"', CommandTimeout='30']
SELECT [i].[ItemId], [i].[Description], [i].[Name], [i].[OrderId], [i].[RestaurantId], [i].[isOutOfStock], [i].[price]
FROM [Items] AS [i]
2024-02-08 18:22:48.838 +05:30  INF  Executing OkObjectResult, writing value of type 'System.Collections.Generic.List`1[[FoodDeliveryAPI.Domain.DTO.ItemDTO, FoodDeliveryAPI.Domain, Version=1.0.0.0, Culture=neutral, PublicKeyToken=null]]'.
2024-02-08 18:22:48.839 +05:30  INF  Executed action FoodDeliveryAPI.Controllers.ItemController.getAllItems (FoodDeliveryAPI) in 134.495ms
2024-02-08 18:22:48.839 +05:30  INF  Executed endpoint 'FoodDeliveryAPI.Controllers.ItemController.getAllItems (FoodDeliveryAPI)'
2024-02-08 18:22:48.839 +05:30  INF  HTTP GET /item responded 200 in 143.0203 ms
2024-02-08 18:22:48.839 +05:30  INF  Request finished HTTP/2 GET https://localhost:7146/item - 200 null application/json; charset=utf-8 146.6573ms
2024-02-08 18:22:57.551 +05:30  INF  Request starting HTTP/2 GET https://localhost:7146/item - null null
2024-02-08 18:22:57.551 +05:30  INF  CORS policy execution successful.
2024-02-08 18:22:57.552 +05:30  INF  Executing endpoint 'FoodDeliveryAPI.Controllers.ItemController.getAllItems (FoodDeliveryAPI)'
2024-02-08 18:22:57.552 +05:30  INF  Route matched with {action = "getAllItems", controller = "Item"}. Executing controller action with signature System.Threading.Tasks.Task`1[Microsoft.AspNetCore.Mvc.ActionResult`1[FoodDeliveryAPI.Domain.DTO.ItemDTO]] getAllItems() on controller FoodDeliveryAPI.Controllers.ItemController (FoodDeliveryAPI).
2024-02-08 18:22:57.554 +05:30  INF  Executed DbCommand (1ms) [Parameters=[], CommandType='"Text"', CommandTimeout='30']
SELECT [i].[ItemId], [i].[Description], [i].[Name], [i].[OrderId], [i].[RestaurantId], [i].[isOutOfStock], [i].[price]
FROM [Items] AS [i]
2024-02-08 18:22:57.555 +05:30  INF  Executing OkObjectResult, writing value of type 'System.Collections.Generic.List`1[[FoodDeliveryAPI.Domain.DTO.ItemDTO, FoodDeliveryAPI.Domain, Version=1.0.0.0, Culture=neutral, PublicKeyToken=null]]'.
2024-02-08 18:22:57.555 +05:30  INF  Executed action FoodDeliveryAPI.Controllers.ItemController.getAllItems (FoodDeliveryAPI) in 3.6893ms
2024-02-08 18:22:57.556 +05:30  INF  Executed endpoint 'FoodDeliveryAPI.Controllers.ItemController.getAllItems (FoodDeliveryAPI)'
2024-02-08 18:22:57.556 +05:30  INF  HTTP GET /item responded 200 in 4.4440 ms
2024-02-08 18:22:57.556 +05:30  INF  Request finished HTTP/2 GET https://localhost:7146/item - 200 null application/json; charset=utf-8 5.2361ms
2024-02-08 18:23:02.758 +05:30  INF  Request starting HTTP/2 GET https://localhost:7146/item - null null
2024-02-08 18:23:02.762 +05:30  INF  CORS policy execution successful.
2024-02-08 18:23:02.763 +05:30  INF  Executing endpoint 'FoodDeliveryAPI.Controllers.ItemController.getAllItems (FoodDeliveryAPI)'
2024-02-08 18:23:02.764 +05:30  INF  Route matched with {action = "getAllItems", controller = "Item"}. Executing controller action with signature System.Threading.Tasks.Task`1[Microsoft.AspNetCore.Mvc.ActionResult`1[FoodDeliveryAPI.Domain.DTO.ItemDTO]] getAllItems() on controller FoodDeliveryAPI.Controllers.ItemController (FoodDeliveryAPI).
2024-02-08 18:23:02.767 +05:30  INF  Executed DbCommand (1ms) [Parameters=[], CommandType='"Text"', CommandTimeout='30']
SELECT [i].[ItemId], [i].[Description], [i].[Name], [i].[OrderId], [i].[RestaurantId], [i].[isOutOfStock], [i].[price]
FROM [Items] AS [i]
2024-02-08 18:23:02.767 +05:30  INF  Executing OkObjectResult, writing value of type 'System.Collections.Generic.List`1[[FoodDeliveryAPI.Domain.DTO.ItemDTO, FoodDeliveryAPI.Domain, Version=1.0.0.0, Culture=neutral, PublicKeyToken=null]]'.
2024-02-08 18:23:02.768 +05:30  INF  Executed action FoodDeliveryAPI.Controllers.ItemController.getAllItems (FoodDeliveryAPI) in 4.0208ms
2024-02-08 18:23:02.768 +05:30  INF  Executed endpoint 'FoodDeliveryAPI.Controllers.ItemController.getAllItems (FoodDeliveryAPI)'
2024-02-08 18:23:02.768 +05:30  INF  HTTP GET /item responded 200 in 6.3448 ms
2024-02-08 18:23:02.768 +05:30  INF  Request finished HTTP/2 GET https://localhost:7146/item - 200 null application/json; charset=utf-8 9.7335ms
2024-02-08 18:23:10.970 +05:30  INF  Request starting HTTP/2 GET https://localhost:7146/item - null null
2024-02-08 18:23:10.971 +05:30  INF  CORS policy execution successful.
2024-02-08 18:23:10.971 +05:30  INF  Executing endpoint 'FoodDeliveryAPI.Controllers.ItemController.getAllItems (FoodDeliveryAPI)'
2024-02-08 18:23:10.971 +05:30  INF  Route matched with {action = "getAllItems", controller = "Item"}. Executing controller action with signature System.Threading.Tasks.Task`1[Microsoft.AspNetCore.Mvc.ActionResult`1[FoodDeliveryAPI.Domain.DTO.ItemDTO]] getAllItems() on controller FoodDeliveryAPI.Controllers.ItemController (FoodDeliveryAPI).
2024-02-08 18:23:10.976 +05:30  INF  Executed DbCommand (3ms) [Parameters=[], CommandType='"Text"', CommandTimeout='30']
SELECT [i].[ItemId], [i].[Description], [i].[Name], [i].[OrderId], [i].[RestaurantId], [i].[isOutOfStock], [i].[price]
FROM [Items] AS [i]
2024-02-08 18:23:10.977 +05:30  INF  Executing OkObjectResult, writing value of type 'System.Collections.Generic.List`1[[FoodDeliveryAPI.Domain.DTO.ItemDTO, FoodDeliveryAPI.Domain, Version=1.0.0.0, Culture=neutral, PublicKeyToken=null]]'.
2024-02-08 18:23:10.977 +05:30  INF  Executed action FoodDeliveryAPI.Controllers.ItemController.getAllItems (FoodDeliveryAPI) in 5.9646ms
2024-02-08 18:23:10.977 +05:30  INF  Executed endpoint 'FoodDeliveryAPI.Controllers.ItemController.getAllItems (FoodDeliveryAPI)'
2024-02-08 18:23:10.978 +05:30  INF  HTTP GET /item responded 200 in 6.9654 ms
2024-02-08 18:23:10.978 +05:30  INF  Request finished HTTP/2 GET https://localhost:7146/item - 200 null application/json; charset=utf-8 7.8514ms
2024-02-08 18:23:19.163 +05:30  INF  Request starting HTTP/2 GET https://localhost:7146/item - null null
2024-02-08 18:23:19.163 +05:30  INF  CORS policy execution successful.
2024-02-08 18:23:19.163 +05:30  INF  Executing endpoint 'FoodDeliveryAPI.Controllers.ItemController.getAllItems (FoodDeliveryAPI)'
2024-02-08 18:23:19.164 +05:30  INF  Route matched with {action = "getAllItems", controller = "Item"}. Executing controller action with signature System.Threading.Tasks.Task`1[Microsoft.AspNetCore.Mvc.ActionResult`1[FoodDeliveryAPI.Domain.DTO.ItemDTO]] getAllItems() on controller FoodDeliveryAPI.Controllers.ItemController (FoodDeliveryAPI).
2024-02-08 18:23:19.167 +05:30  INF  Executed DbCommand (1ms) [Parameters=[], CommandType='"Text"', CommandTimeout='30']
SELECT [i].[ItemId], [i].[Description], [i].[Name], [i].[OrderId], [i].[RestaurantId], [i].[isOutOfStock], [i].[price]
FROM [Items] AS [i]
2024-02-08 18:23:19.168 +05:30  INF  Executing OkObjectResult, writing value of type 'System.Collections.Generic.List`1[[FoodDeliveryAPI.Domain.DTO.ItemDTO, FoodDeliveryAPI.Domain, Version=1.0.0.0, Culture=neutral, PublicKeyToken=null]]'.
2024-02-08 18:23:19.168 +05:30  INF  Executed action FoodDeliveryAPI.Controllers.ItemController.getAllItems (FoodDeliveryAPI) in 4.8938ms
2024-02-08 18:23:19.169 +05:30  INF  Executed endpoint 'FoodDeliveryAPI.Controllers.ItemController.getAllItems (FoodDeliveryAPI)'
2024-02-08 18:23:19.169 +05:30  INF  HTTP GET /item responded 200 in 5.5783 ms
2024-02-08 18:23:19.170 +05:30  INF  Request finished HTTP/2 GET https://localhost:7146/item - 200 null application/json; charset=utf-8 6.7189ms
2024-02-08 18:23:29.939 +05:30  INF  Request starting HTTP/2 GET https://localhost:7146/item - null null
2024-02-08 18:23:29.939 +05:30  INF  CORS policy execution successful.
2024-02-08 18:23:29.939 +05:30  INF  Executing endpoint 'FoodDeliveryAPI.Controllers.ItemController.getAllItems (FoodDeliveryAPI)'
2024-02-08 18:23:29.939 +05:30  INF  Route matched with {action = "getAllItems", controller = "Item"}. Executing controller action with signature System.Threading.Tasks.Task`1[Microsoft.AspNetCore.Mvc.ActionResult`1[FoodDeliveryAPI.Domain.DTO.ItemDTO]] getAllItems() on controller FoodDeliveryAPI.Controllers.ItemController (FoodDeliveryAPI).
2024-02-08 18:23:29.943 +05:30  INF  Executed DbCommand (1ms) [Parameters=[], CommandType='"Text"', CommandTimeout='30']
SELECT [i].[ItemId], [i].[Description], [i].[Name], [i].[OrderId], [i].[RestaurantId], [i].[isOutOfStock], [i].[price]
FROM [Items] AS [i]
2024-02-08 18:23:29.943 +05:30  INF  Executing OkObjectResult, writing value of type 'System.Collections.Generic.List`1[[FoodDeliveryAPI.Domain.DTO.ItemDTO, FoodDeliveryAPI.Domain, Version=1.0.0.0, Culture=neutral, PublicKeyToken=null]]'.
2024-02-08 18:23:29.943 +05:30  INF  Executed action FoodDeliveryAPI.Controllers.ItemController.getAllItems (FoodDeliveryAPI) in 4.0996ms
2024-02-08 18:23:29.944 +05:30  INF  Executed endpoint 'FoodDeliveryAPI.Controllers.ItemController.getAllItems (FoodDeliveryAPI)'
2024-02-08 18:23:29.944 +05:30  INF  HTTP GET /item responded 200 in 4.6247 ms
2024-02-08 18:23:29.944 +05:30  INF  Request finished HTTP/2 GET https://localhost:7146/item - 200 null application/json; charset=utf-8 5.6072ms
2024-02-08 18:23:33.583 +05:30  INF  Request starting HTTP/2 GET https://localhost:7146/item - null null
2024-02-08 18:23:33.584 +05:30  INF  CORS policy execution successful.
2024-02-08 18:23:33.584 +05:30  INF  Executing endpoint 'FoodDeliveryAPI.Controllers.ItemController.getAllItems (FoodDeliveryAPI)'
2024-02-08 18:23:33.584 +05:30  INF  Route matched with {action = "getAllItems", controller = "Item"}. Executing controller action with signature System.Threading.Tasks.Task`1[Microsoft.AspNetCore.Mvc.ActionResult`1[FoodDeliveryAPI.Domain.DTO.ItemDTO]] getAllItems() on controller FoodDeliveryAPI.Controllers.ItemController (FoodDeliveryAPI).
2024-02-08 18:23:33.588 +05:30  INF  Executed DbCommand (2ms) [Parameters=[], CommandType='"Text"', CommandTimeout='30']
SELECT [i].[ItemId], [i].[Description], [i].[Name], [i].[OrderId], [i].[RestaurantId], [i].[isOutOfStock], [i].[price]
FROM [Items] AS [i]
2024-02-08 18:23:33.589 +05:30  INF  Executing OkObjectResult, writing value of type 'System.Collections.Generic.List`1[[FoodDeliveryAPI.Domain.DTO.ItemDTO, FoodDeliveryAPI.Domain, Version=1.0.0.0, Culture=neutral, PublicKeyToken=null]]'.
2024-02-08 18:23:33.589 +05:30  INF  Executed action FoodDeliveryAPI.Controllers.ItemController.getAllItems (FoodDeliveryAPI) in 5.2112ms
2024-02-08 18:23:33.589 +05:30  INF  Executed endpoint 'FoodDeliveryAPI.Controllers.ItemController.getAllItems (FoodDeliveryAPI)'
2024-02-08 18:23:33.589 +05:30  INF  HTTP GET /item responded 200 in 5.8311 ms
2024-02-08 18:23:33.590 +05:30  INF  Request finished HTTP/2 GET https://localhost:7146/item - 200 null application/json; charset=utf-8 6.2803ms
2024-02-08 18:23:37.895 +05:30  INF  Request starting HTTP/2 GET https://localhost:7146/item - null null
2024-02-08 18:23:37.896 +05:30  INF  CORS policy execution successful.
2024-02-08 18:23:37.896 +05:30  INF  Executing endpoint 'FoodDeliveryAPI.Controllers.ItemController.getAllItems (FoodDeliveryAPI)'
2024-02-08 18:23:37.896 +05:30  INF  Route matched with {action = "getAllItems", controller = "Item"}. Executing controller action with signature System.Threading.Tasks.Task`1[Microsoft.AspNetCore.Mvc.ActionResult`1[FoodDeliveryAPI.Domain.DTO.ItemDTO]] getAllItems() on controller FoodDeliveryAPI.Controllers.ItemController (FoodDeliveryAPI).
2024-02-08 18:23:37.904 +05:30  INF  Executed DbCommand (4ms) [Parameters=[], CommandType='"Text"', CommandTimeout='30']
SELECT [i].[ItemId], [i].[Description], [i].[Name], [i].[OrderId], [i].[RestaurantId], [i].[isOutOfStock], [i].[price]
FROM [Items] AS [i]
2024-02-08 18:23:37.906 +05:30  INF  Executing OkObjectResult, writing value of type 'System.Collections.Generic.List`1[[FoodDeliveryAPI.Domain.DTO.ItemDTO, FoodDeliveryAPI.Domain, Version=1.0.0.0, Culture=neutral, PublicKeyToken=null]]'.
2024-02-08 18:23:37.907 +05:30  INF  Executed action FoodDeliveryAPI.Controllers.ItemController.getAllItems (FoodDeliveryAPI) in 9.9801ms
2024-02-08 18:23:37.907 +05:30  INF  Executed endpoint 'FoodDeliveryAPI.Controllers.ItemController.getAllItems (FoodDeliveryAPI)'
2024-02-08 18:23:37.907 +05:30  INF  HTTP GET /item responded 200 in 11.7775 ms
2024-02-08 18:23:37.908 +05:30  INF  Request finished HTTP/2 GET https://localhost:7146/item - 200 null application/json; charset=utf-8 12.2341ms
2024-02-08 18:23:38.241 +05:30  INF  Request starting HTTP/2 GET https://localhost:7146/item - null null
2024-02-08 18:23:38.244 +05:30  INF  CORS policy execution successful.
2024-02-08 18:23:38.244 +05:30  INF  Executing endpoint 'FoodDeliveryAPI.Controllers.ItemController.getAllItems (FoodDeliveryAPI)'
2024-02-08 18:23:38.244 +05:30  INF  Route matched with {action = "getAllItems", controller = "Item"}. Executing controller action with signature System.Threading.Tasks.Task`1[Microsoft.AspNetCore.Mvc.ActionResult`1[FoodDeliveryAPI.Domain.DTO.ItemDTO]] getAllItems() on controller FoodDeliveryAPI.Controllers.ItemController (FoodDeliveryAPI).
2024-02-08 18:23:38.248 +05:30  INF  Executed DbCommand (1ms) [Parameters=[], CommandType='"Text"', CommandTimeout='30']
SELECT [i].[ItemId], [i].[Description], [i].[Name], [i].[OrderId], [i].[RestaurantId], [i].[isOutOfStock], [i].[price]
FROM [Items] AS [i]
2024-02-08 18:23:38.249 +05:30  INF  Executing OkObjectResult, writing value of type 'System.Collections.Generic.List`1[[FoodDeliveryAPI.Domain.DTO.ItemDTO, FoodDeliveryAPI.Domain, Version=1.0.0.0, Culture=neutral, PublicKeyToken=null]]'.
2024-02-08 18:23:38.256 +05:30  INF  Executed action FoodDeliveryAPI.Controllers.ItemController.getAllItems (FoodDeliveryAPI) in 11.7296ms
2024-02-08 18:23:38.257 +05:30  INF  Executed endpoint 'FoodDeliveryAPI.Controllers.ItemController.getAllItems (FoodDeliveryAPI)'
2024-02-08 18:23:38.257 +05:30  INF  HTTP GET /item responded 200 in 13.3799 ms
2024-02-08 18:23:38.257 +05:30  INF  Request finished HTTP/2 GET https://localhost:7146/item - 200 null application/json; charset=utf-8 15.8878ms
2024-02-08 18:23:49.760 +05:30  INF  Request starting HTTP/2 GET https://localhost:7146/item - null null
2024-02-08 18:23:49.761 +05:30  INF  CORS policy execution successful.
2024-02-08 18:23:49.761 +05:30  INF  Executing endpoint 'FoodDeliveryAPI.Controllers.ItemController.getAllItems (FoodDeliveryAPI)'
2024-02-08 18:23:49.761 +05:30  INF  Route matched with {action = "getAllItems", controller = "Item"}. Executing controller action with signature System.Threading.Tasks.Task`1[Microsoft.AspNetCore.Mvc.ActionResult`1[FoodDeliveryAPI.Domain.DTO.ItemDTO]] getAllItems() on controller FoodDeliveryAPI.Controllers.ItemController (FoodDeliveryAPI).
2024-02-08 18:23:49.764 +05:30  INF  Executed DbCommand (1ms) [Parameters=[], CommandType='"Text"', CommandTimeout='30']
SELECT [i].[ItemId], [i].[Description], [i].[Name], [i].[OrderId], [i].[RestaurantId], [i].[isOutOfStock], [i].[price]
FROM [Items] AS [i]
2024-02-08 18:23:49.764 +05:30  INF  Executing OkObjectResult, writing value of type 'System.Collections.Generic.List`1[[FoodDeliveryAPI.Domain.DTO.ItemDTO, FoodDeliveryAPI.Domain, Version=1.0.0.0, Culture=neutral, PublicKeyToken=null]]'.
2024-02-08 18:23:49.765 +05:30  INF  Executed action FoodDeliveryAPI.Controllers.ItemController.getAllItems (FoodDeliveryAPI) in 3.3536ms
2024-02-08 18:23:49.765 +05:30  INF  Executed endpoint 'FoodDeliveryAPI.Controllers.ItemController.getAllItems (FoodDeliveryAPI)'
2024-02-08 18:23:49.765 +05:30  INF  HTTP GET /item responded 200 in 4.0158 ms
2024-02-08 18:23:49.765 +05:30  INF  Request finished HTTP/2 GET https://localhost:7146/item - 200 null application/json; charset=utf-8 4.5096ms
2024-02-08 18:24:38.738 +05:30  INF  Request starting HTTP/2 GET https://localhost:7146/item - null null
2024-02-08 18:24:38.738 +05:30  INF  CORS policy execution successful.
2024-02-08 18:24:38.738 +05:30  INF  Executing endpoint 'FoodDeliveryAPI.Controllers.ItemController.getAllItems (FoodDeliveryAPI)'
2024-02-08 18:24:38.738 +05:30  INF  Route matched with {action = "getAllItems", controller = "Item"}. Executing controller action with signature System.Threading.Tasks.Task`1[Microsoft.AspNetCore.Mvc.ActionResult`1[FoodDeliveryAPI.Domain.DTO.ItemDTO]] getAllItems() on controller FoodDeliveryAPI.Controllers.ItemController (FoodDeliveryAPI).
2024-02-08 18:24:38.745 +05:30  INF  Executed DbCommand (5ms) [Parameters=[], CommandType='"Text"', CommandTimeout='30']
SELECT [i].[ItemId], [i].[Description], [i].[Name], [i].[OrderId], [i].[RestaurantId], [i].[isOutOfStock], [i].[price]
FROM [Items] AS [i]
2024-02-08 18:24:38.745 +05:30  INF  Executing OkObjectResult, writing value of type 'System.Collections.Generic.List`1[[FoodDeliveryAPI.Domain.DTO.ItemDTO, FoodDeliveryAPI.Domain, Version=1.0.0.0, Culture=neutral, PublicKeyToken=null]]'.
2024-02-08 18:24:38.745 +05:30  INF  Executed action FoodDeliveryAPI.Controllers.ItemController.getAllItems (FoodDeliveryAPI) in 6.7788ms
2024-02-08 18:24:38.745 +05:30  INF  Executed endpoint 'FoodDeliveryAPI.Controllers.ItemController.getAllItems (FoodDeliveryAPI)'
2024-02-08 18:24:38.745 +05:30  INF  HTTP GET /item responded 200 in 7.2466 ms
2024-02-08 18:24:38.746 +05:30  INF  Request finished HTTP/2 GET https://localhost:7146/item - 200 null application/json; charset=utf-8 7.768ms
