2024-02-07 10:25:32.538 +05:30  INF  User profile is available. Using 'C:\Users\AnuragChoudhary\AppData\Local\ASP.NET\DataProtection-Keys' as key repository and Windows DPAPI to encrypt keys at rest.
2024-02-07 10:25:32.850 +05:30  INF  Now listening on: https://localhost:7146
2024-02-07 10:25:32.851 +05:30  INF  Now listening on: http://localhost:5275
2024-02-07 10:25:32.854 +05:30  INF  Application started. Press Ctrl+C to shut down.
2024-02-07 10:25:32.855 +05:30  INF  Hosting environment: Development
2024-02-07 10:25:32.855 +05:30  INF  Content root path: C:\Users\AnuragChoudhary\Downloads\FoodDeliveryAPI\FoodDeliveryAPI\FoodDeliveryAPI
2024-02-07 10:25:33.486 +05:30  INF  Request starting HTTP/2 GET https://localhost:7146/swagger/index.html - null null
2024-02-07 10:25:33.803 +05:30  INF  Request finished HTTP/2 GET https://localhost:7146/swagger/index.html - 200 null text/html;charset=utf-8 320.4274ms
2024-02-07 10:25:33.824 +05:30  INF  Request starting HTTP/2 GET https://localhost:7146/_framework/aspnetcore-browser-refresh.js - null null
2024-02-07 10:25:33.824 +05:30  INF  Request starting HTTP/2 GET https://localhost:7146/_vs/browserLink - null null
2024-02-07 10:25:33.837 +05:30  INF  Request finished HTTP/2 GET https://localhost:7146/_framework/aspnetcore-browser-refresh.js - 200 13766 application/javascript; charset=utf-8 12.8594ms
2024-02-07 10:25:33.908 +05:30  INF  Request finished HTTP/2 GET https://localhost:7146/_vs/browserLink - 200 null text/javascript; charset=UTF-8 84.3475ms
2024-02-07 10:25:34.074 +05:30  INF  Request starting HTTP/2 GET https://localhost:7146/swagger/v1/swagger.json - null null
2024-02-07 10:25:34.277 +05:30  INF  Request finished HTTP/2 GET https://localhost:7146/swagger/v1/swagger.json - 200 null application/json;charset=utf-8 203.2483ms
2024-02-07 10:36:11.762 +05:30  INF  Request starting HTTP/2 POST https://localhost:7146/Authentication/admin - application/json 50
2024-02-07 10:36:11.853 +05:30  INF  CORS policy execution successful.
2024-02-07 10:36:11.859 +05:30  INF  Executing endpoint 'FoodDeliveryAPI.Controllers.AuthenticationController.AuthenticateAdmin (FoodDeliveryAPI)'
2024-02-07 10:36:11.890 +05:30  INF  Route matched with {action = "AuthenticateAdmin", controller = "Authentication"}. Executing controller action with signature Microsoft.AspNetCore.Mvc.ActionResult`1[FoodDeliveryAPI.Domain.DTO.Token] AuthenticateAdmin(FoodDeliveryAPI.Domain.DTO.UserCredentials) on controller FoodDeliveryAPI.Controllers.AuthenticationController (FoodDeliveryAPI).
2024-02-07 10:36:14.636 +05:30  INF  Executed DbCommand (55ms) [Parameters=[@__credentials_Username_0='?' (Size = 450), @__credentials_Password_1='?' (Size = 4000)], CommandType='"Text"', CommandTimeout='30']
SELECT TOP(1) [a].[UserId], [a].[CreatedAt], [a].[Password], [a].[Role], [a].[UserEmail], [a].[UserName]
FROM [Admins] AS [a]
WHERE [a].[UserName] = @__credentials_Username_0 AND [a].[Password] = @__credentials_Password_1
2024-02-07 10:36:14.798 +05:30  INF  Executing OkObjectResult, writing value of type 'FoodDeliveryAPI.Domain.DTO.Token'.
2024-02-07 10:36:14.818 +05:30  INF  Executed action FoodDeliveryAPI.Controllers.AuthenticationController.AuthenticateAdmin (FoodDeliveryAPI) in 2919.068ms
2024-02-07 10:36:14.818 +05:30  INF  Executed endpoint 'FoodDeliveryAPI.Controllers.AuthenticationController.AuthenticateAdmin (FoodDeliveryAPI)'
2024-02-07 10:36:14.820 +05:30  INF  HTTP POST /Authentication/admin responded 200 in 3050.0591 ms
2024-02-07 10:36:14.833 +05:30  INF  Request finished HTTP/2 POST https://localhost:7146/Authentication/admin - 200 null application/json; charset=utf-8 3070.821ms
