2024-02-14 13:20:46.762 +05:30  INF  User profile is available. Using 'C:\Users\AnuragChoudhary\AppData\Local\ASP.NET\DataProtection-Keys' as key repository and Windows DPAPI to encrypt keys at rest.
2024-02-14 13:20:47.325 +05:30  INF  Now listening on: https://localhost:7146
2024-02-14 13:20:47.325 +05:30  INF  Now listening on: http://localhost:5275
2024-02-14 13:20:47.327 +05:30  INF  Application started. Press Ctrl+C to shut down.
2024-02-14 13:20:47.327 +05:30  INF  Hosting environment: Development
2024-02-14 13:20:47.327 +05:30  INF  Content root path: C:\Users\AnuragChoudhary\Downloads\FoodDeliveryAPI\FoodDeliveryAPI\FoodDeliveryAPI
2024-02-14 13:20:50.626 +05:30  INF  Request starting HTTP/2 GET https://localhost:7146/swagger/index.html - null null
2024-02-14 13:20:51.072 +05:30  INF  Request finished HTTP/2 GET https://localhost:7146/swagger/index.html - 200 null text/html;charset=utf-8 447.4373ms
2024-02-14 13:20:54.173 +05:30  INF  Request starting HTTP/2 GET https://localhost:7146/_vs/browserLink - null null
2024-02-14 13:20:54.173 +05:30  INF  Request starting HTTP/2 GET https://localhost:7146/_framework/aspnetcore-browser-refresh.js - null null
2024-02-14 13:20:54.184 +05:30  INF  Request finished HTTP/2 GET https://localhost:7146/_framework/aspnetcore-browser-refresh.js - 200 13766 application/javascript; charset=utf-8 10.5178ms
2024-02-14 13:20:54.280 +05:30  INF  Request finished HTTP/2 GET https://localhost:7146/_vs/browserLink - 200 null text/javascript; charset=UTF-8 107.3837ms
2024-02-14 13:21:02.575 +05:30  INF  Request starting HTTP/2 GET https://localhost:7146/swagger/v1/swagger.json - null null
2024-02-14 13:21:03.350 +05:30  INF  Request finished HTTP/2 GET https://localhost:7146/swagger/v1/swagger.json - 200 null application/json;charset=utf-8 775.404ms
2024-02-14 13:21:24.869 +05:30  INF  User profile is available. Using 'C:\Users\AnuragChoudhary\AppData\Local\ASP.NET\DataProtection-Keys' as key repository and Windows DPAPI to encrypt keys at rest.
2024-02-14 13:21:25.157 +05:30  INF  Now listening on: https://localhost:7146
2024-02-14 13:21:25.157 +05:30  INF  Now listening on: http://localhost:5275
2024-02-14 13:21:25.159 +05:30  INF  Application started. Press Ctrl+C to shut down.
2024-02-14 13:21:25.160 +05:30  INF  Hosting environment: Development
2024-02-14 13:21:25.160 +05:30  INF  Content root path: C:\Users\AnuragChoudhary\Downloads\FoodDeliveryAPI\FoodDeliveryAPI\FoodDeliveryAPI
2024-02-14 13:22:13.032 +05:30  INF  Request starting HTTP/2 GET https://localhost:7146/swagger - null null
2024-02-14 13:22:14.182 +05:30  INF  Request finished HTTP/2 GET https://localhost:7146/swagger - 301 0 null 1152.8999ms
2024-02-14 13:22:14.199 +05:30  INF  Request starting HTTP/2 GET https://localhost:7146/swagger/index.html - null null
2024-02-14 13:22:14.473 +05:30  INF  Request starting HTTP/2 GET https://localhost:7146/swagger/swagger-ui.css - null null
2024-02-14 13:22:14.478 +05:30  INF  Request finished HTTP/2 GET https://localhost:7146/swagger/index.html - 200 null text/html;charset=utf-8 278.6099ms
2024-02-14 13:22:14.480 +05:30  INF  Request starting HTTP/2 GET https://localhost:7146/swagger/swagger-ui-bundle.js - null null
2024-02-14 13:22:14.497 +05:30  INF  Request starting HTTP/2 GET https://localhost:7146/swagger/swagger-ui-standalone-preset.js - null null
2024-02-14 13:22:14.584 +05:30  INF  Request starting HTTP/2 GET https://localhost:7146/_framework/aspnetcore-browser-refresh.js - null null
2024-02-14 13:22:14.598 +05:30  INF  Request finished HTTP/2 GET https://localhost:7146/_framework/aspnetcore-browser-refresh.js - 200 13766 application/javascript; charset=utf-8 13.6815ms
2024-02-14 13:22:14.611 +05:30  INF  Sending file. Request path: '/swagger-ui.css'. Physical path: 'N/A'
2024-02-14 13:22:14.612 +05:30  INF  Request finished HTTP/2 GET https://localhost:7146/swagger/swagger-ui.css - 200 144929 text/css 138.4987ms
2024-02-14 13:22:14.619 +05:30  INF  Request starting HTTP/2 GET https://localhost:7146/_vs/browserLink - null null
2024-02-14 13:22:14.634 +05:30  INF  Sending file. Request path: '/swagger-ui-standalone-preset.js'. Physical path: 'N/A'
2024-02-14 13:22:14.635 +05:30  INF  Request finished HTTP/2 GET https://localhost:7146/swagger/swagger-ui-standalone-preset.js - 200 312163 text/javascript 137.9449ms
2024-02-14 13:22:14.668 +05:30  INF  Sending file. Request path: '/swagger-ui-bundle.js'. Physical path: 'N/A'
2024-02-14 13:22:14.669 +05:30  INF  Request finished HTTP/2 GET https://localhost:7146/swagger/swagger-ui-bundle.js - 200 1061536 text/javascript 188.8801ms
2024-02-14 13:22:14.857 +05:30  INF  Request finished HTTP/2 GET https://localhost:7146/_vs/browserLink - 200 null text/javascript; charset=UTF-8 237.3417ms
2024-02-14 13:22:14.940 +05:30  INF  Request starting HTTP/2 GET https://localhost:7146/swagger/v1/swagger.json - null null
2024-02-14 13:22:14.987 +05:30  INF  Request starting HTTP/2 GET https://localhost:7146/swagger/favicon-32x32.png - null null
2024-02-14 13:22:14.987 +05:30  INF  Sending file. Request path: '/favicon-32x32.png'. Physical path: 'N/A'
2024-02-14 13:22:14.987 +05:30  INF  Request finished HTTP/2 GET https://localhost:7146/swagger/favicon-32x32.png - 200 628 image/png 0.8349ms
2024-02-14 13:22:15.443 +05:30  INF  Request finished HTTP/2 GET https://localhost:7146/swagger/v1/swagger.json - 200 null application/json;charset=utf-8 502.3074ms
2024-02-14 13:22:27.488 +05:30  INF  Request starting HTTP/2 GET https://localhost:7146/item - null null
2024-02-14 13:22:27.729 +05:30  INF  CORS policy execution successful.
2024-02-14 13:22:27.740 +05:30  INF  Executing endpoint 'FoodDeliveryAPI.Controllers.ItemController.getAllItems (FoodDeliveryAPI)'
2024-02-14 13:22:27.801 +05:30  INF  Route matched with {action = "getAllItems", controller = "Item"}. Executing controller action with signature System.Threading.Tasks.Task`1[Microsoft.AspNetCore.Mvc.ActionResult`1[FoodDeliveryAPI.Domain.DTO.ItemDTO]] getAllItems() on controller FoodDeliveryAPI.Controllers.ItemController (FoodDeliveryAPI).
2024-02-14 13:22:30.377 +05:30  INF  Request starting HTTP/2 OPTIONS https://localhost:7146/Restaurant?page=1&pagesize=10&orderBy=restaurantname&sortOrder=asc - null null
2024-02-14 13:22:30.384 +05:30  INF  CORS policy execution successful.
2024-02-14 13:22:30.396 +05:30  INF  HTTP OPTIONS /Restaurant responded 204 in 6.5679 ms
2024-02-14 13:22:30.397 +05:30  INF  Request finished HTTP/2 OPTIONS https://localhost:7146/Restaurant?page=1&pagesize=10&orderBy=restaurantname&sortOrder=asc - 204 null null 20.1617ms
2024-02-14 13:22:30.403 +05:30  INF  Request starting HTTP/2 GET https://localhost:7146/Restaurant?page=1&pagesize=10&orderBy=restaurantname&sortOrder=asc - null null
2024-02-14 13:22:30.408 +05:30  INF  CORS policy execution successful.
2024-02-14 13:22:30.417 +05:30  INF  Authorization failed. These requirements were not met:
RolesAuthorizationRequirement:User.IsInRole must be true for one of the following roles: (ADMIN|SUPER_ADMIN|USER)
2024-02-14 13:22:30.422 +05:30  INF  AuthenticationScheme: Bearer was challenged.
2024-02-14 13:22:30.422 +05:30  INF  HTTP GET /Restaurant responded 401 in 18.5275 ms
2024-02-14 13:22:30.425 +05:30  INF  Request finished HTTP/2 GET https://localhost:7146/Restaurant?page=1&pagesize=10&orderBy=restaurantname&sortOrder=asc - 401 0 null 21.7141ms
2024-02-14 13:22:31.136 +05:30  INF  Request starting HTTP/2 GET https://localhost:7146/item - null null
2024-02-14 13:22:31.137 +05:30  INF  CORS policy execution successful.
2024-02-14 13:22:31.137 +05:30  INF  Executing endpoint 'FoodDeliveryAPI.Controllers.ItemController.getAllItems (FoodDeliveryAPI)'
2024-02-14 13:22:31.137 +05:30  INF  Route matched with {action = "getAllItems", controller = "Item"}. Executing controller action with signature System.Threading.Tasks.Task`1[Microsoft.AspNetCore.Mvc.ActionResult`1[FoodDeliveryAPI.Domain.DTO.ItemDTO]] getAllItems() on controller FoodDeliveryAPI.Controllers.ItemController (FoodDeliveryAPI).
2024-02-14 13:22:33.013 +05:30  INF  Executed DbCommand (100ms) [Parameters=[], CommandType='"Text"', CommandTimeout='30']
SELECT [i].[ItemId], [i].[CustomerId], [i].[Description], [i].[Name], [i].[OrderId], [i].[RestaurantId], [i].[isOutOfStock], [i].[price]
FROM [Items] AS [i]
2024-02-14 13:22:33.284 +05:30  INF  Executed DbCommand (16ms) [Parameters=[], CommandType='"Text"', CommandTimeout='30']
SELECT [i].[ItemId], [i].[CustomerId], [i].[Description], [i].[Name], [i].[OrderId], [i].[RestaurantId], [i].[isOutOfStock], [i].[price]
FROM [Items] AS [i]
2024-02-14 13:22:33.395 +05:30  INF  Executing OkObjectResult, writing value of type 'System.Collections.Generic.List`1[[FoodDeliveryAPI.Domain.DTO.ItemDTO, FoodDeliveryAPI.Domain, Version=1.0.0.0, Culture=neutral, PublicKeyToken=null]]'.
2024-02-14 13:22:33.403 +05:30  INF  Executing OkObjectResult, writing value of type 'System.Collections.Generic.List`1[[FoodDeliveryAPI.Domain.DTO.ItemDTO, FoodDeliveryAPI.Domain, Version=1.0.0.0, Culture=neutral, PublicKeyToken=null]]'.
2024-02-14 13:22:33.431 +05:30  INF  Executed action FoodDeliveryAPI.Controllers.ItemController.getAllItems (FoodDeliveryAPI) in 5620.7045ms
2024-02-14 13:22:33.432 +05:30  INF  Executed endpoint 'FoodDeliveryAPI.Controllers.ItemController.getAllItems (FoodDeliveryAPI)'
2024-02-14 13:22:33.434 +05:30  INF  HTTP GET /item responded 200 in 5943.4289 ms
2024-02-14 13:22:33.445 +05:30  INF  Request finished HTTP/2 GET https://localhost:7146/item - 200 null application/json; charset=utf-8 5957.214ms
2024-02-14 13:22:33.459 +05:30  INF  Executed action FoodDeliveryAPI.Controllers.ItemController.getAllItems (FoodDeliveryAPI) in 2317.3743ms
2024-02-14 13:22:33.465 +05:30  INF  Executed endpoint 'FoodDeliveryAPI.Controllers.ItemController.getAllItems (FoodDeliveryAPI)'
2024-02-14 13:22:33.465 +05:30  INF  HTTP GET /item responded 200 in 2328.6131 ms
2024-02-14 13:22:33.466 +05:30  INF  Request finished HTTP/2 GET https://localhost:7146/item - 200 null application/json; charset=utf-8 2329.6393ms
2024-02-14 13:22:58.778 +05:30  INF  Request starting HTTP/2 OPTIONS https://localhost:7146/Customer//cart/add - null null
2024-02-14 13:22:58.779 +05:30  INF  CORS policy execution successful.
2024-02-14 13:22:58.780 +05:30  INF  HTTP OPTIONS /Customer//cart/add responded 204 in 1.1287 ms
2024-02-14 13:22:58.781 +05:30  INF  Request finished HTTP/2 OPTIONS https://localhost:7146/Customer//cart/add - 204 null null 2.4735ms
2024-02-14 13:22:58.995 +05:30  INF  Request starting HTTP/2 GET https://localhost:7146/item - null null
2024-02-14 13:22:58.995 +05:30  INF  CORS policy execution successful.
2024-02-14 13:22:58.996 +05:30  INF  Executing endpoint 'FoodDeliveryAPI.Controllers.ItemController.getAllItems (FoodDeliveryAPI)'
2024-02-14 13:22:58.996 +05:30  INF  Route matched with {action = "getAllItems", controller = "Item"}. Executing controller action with signature System.Threading.Tasks.Task`1[Microsoft.AspNetCore.Mvc.ActionResult`1[FoodDeliveryAPI.Domain.DTO.ItemDTO]] getAllItems() on controller FoodDeliveryAPI.Controllers.ItemController (FoodDeliveryAPI).
2024-02-14 13:22:59.547 +05:30  INF  Executed DbCommand (25ms) [Parameters=[], CommandType='"Text"', CommandTimeout='30']
SELECT [i].[ItemId], [i].[CustomerId], [i].[Description], [i].[Name], [i].[OrderId], [i].[RestaurantId], [i].[isOutOfStock], [i].[price]
FROM [Items] AS [i]
2024-02-14 13:22:59.567 +05:30  INF  Executing OkObjectResult, writing value of type 'System.Collections.Generic.List`1[[FoodDeliveryAPI.Domain.DTO.ItemDTO, FoodDeliveryAPI.Domain, Version=1.0.0.0, Culture=neutral, PublicKeyToken=null]]'.
2024-02-14 13:22:59.568 +05:30  INF  Executed action FoodDeliveryAPI.Controllers.ItemController.getAllItems (FoodDeliveryAPI) in 571.2423ms
2024-02-14 13:22:59.576 +05:30  INF  Executed endpoint 'FoodDeliveryAPI.Controllers.ItemController.getAllItems (FoodDeliveryAPI)'
2024-02-14 13:22:59.576 +05:30  INF  HTTP GET /item responded 200 in 580.9822 ms
2024-02-14 13:22:59.577 +05:30  INF  Request finished HTTP/2 GET https://localhost:7146/item - 200 null application/json; charset=utf-8 581.8312ms
2024-02-14 13:23:02.557 +05:30  INF  Request starting HTTP/2 POST https://localhost:7146/Customer//cart/add - application/json 224
2024-02-14 13:23:02.557 +05:30  INF  CORS policy execution successful.
2024-02-14 13:23:02.558 +05:30  INF  HTTP POST /Customer//cart/add responded 404 in 0.2569 ms
2024-02-14 13:23:02.558 +05:30  INF  Request finished HTTP/2 POST https://localhost:7146/Customer//cart/add - 404 0 null 0.6606ms
2024-02-14 13:23:02.558 +05:30  INF  Request reached the end of the middleware pipeline without being handled by application code. Request path: POST https://localhost:7146/Customer//cart/add, Response status code: 404
2024-02-14 13:23:14.816 +05:30  INF  Request starting HTTP/2 GET https://localhost:7146/item - null null
2024-02-14 13:23:14.816 +05:30  INF  CORS policy execution successful.
2024-02-14 13:23:14.817 +05:30  INF  Executing endpoint 'FoodDeliveryAPI.Controllers.ItemController.getAllItems (FoodDeliveryAPI)'
2024-02-14 13:23:14.817 +05:30  INF  Route matched with {action = "getAllItems", controller = "Item"}. Executing controller action with signature System.Threading.Tasks.Task`1[Microsoft.AspNetCore.Mvc.ActionResult`1[FoodDeliveryAPI.Domain.DTO.ItemDTO]] getAllItems() on controller FoodDeliveryAPI.Controllers.ItemController (FoodDeliveryAPI).
2024-02-14 13:23:14.840 +05:30  INF  Executed DbCommand (19ms) [Parameters=[], CommandType='"Text"', CommandTimeout='30']
SELECT [i].[ItemId], [i].[CustomerId], [i].[Description], [i].[Name], [i].[OrderId], [i].[RestaurantId], [i].[isOutOfStock], [i].[price]
FROM [Items] AS [i]
2024-02-14 13:23:14.847 +05:30  INF  Executing OkObjectResult, writing value of type 'System.Collections.Generic.List`1[[FoodDeliveryAPI.Domain.DTO.ItemDTO, FoodDeliveryAPI.Domain, Version=1.0.0.0, Culture=neutral, PublicKeyToken=null]]'.
2024-02-14 13:23:14.859 +05:30  INF  Executed action FoodDeliveryAPI.Controllers.ItemController.getAllItems (FoodDeliveryAPI) in 42.3032ms
2024-02-14 13:23:14.859 +05:30  INF  Executed endpoint 'FoodDeliveryAPI.Controllers.ItemController.getAllItems (FoodDeliveryAPI)'
2024-02-14 13:23:14.859 +05:30  INF  HTTP GET /item responded 200 in 43.1683 ms
2024-02-14 13:23:14.860 +05:30  INF  Request finished HTTP/2 GET https://localhost:7146/item - 200 null application/json; charset=utf-8 43.8421ms
2024-02-14 13:23:18.263 +05:30  INF  Request starting HTTP/2 OPTIONS https://localhost:7146/Customer//cart/add - null null
2024-02-14 13:23:18.266 +05:30  INF  CORS policy execution successful.
2024-02-14 13:23:18.266 +05:30  INF  HTTP OPTIONS /Customer//cart/add responded 204 in 0.3098 ms
2024-02-14 13:23:18.267 +05:30  INF  Request finished HTTP/2 OPTIONS https://localhost:7146/Customer//cart/add - 204 null null 3.9566ms
2024-02-14 13:23:18.277 +05:30  INF  Request starting HTTP/2 POST https://localhost:7146/Customer//cart/add - application/json 224
2024-02-14 13:23:18.277 +05:30  INF  CORS policy execution successful.
2024-02-14 13:23:18.277 +05:30  INF  HTTP POST /Customer//cart/add responded 404 in 0.3457 ms
2024-02-14 13:23:18.278 +05:30  INF  Request finished HTTP/2 POST https://localhost:7146/Customer//cart/add - 404 0 null 1.0138ms
2024-02-14 13:23:18.278 +05:30  INF  Request reached the end of the middleware pipeline without being handled by application code. Request path: POST https://localhost:7146/Customer//cart/add, Response status code: 404
2024-02-14 13:23:30.620 +05:30  INF  Request starting HTTP/2 GET https://localhost:7146/item - null null
2024-02-14 13:23:30.621 +05:30  INF  CORS policy execution successful.
2024-02-14 13:23:30.621 +05:30  INF  Executing endpoint 'FoodDeliveryAPI.Controllers.ItemController.getAllItems (FoodDeliveryAPI)'
2024-02-14 13:23:30.621 +05:30  INF  Route matched with {action = "getAllItems", controller = "Item"}. Executing controller action with signature System.Threading.Tasks.Task`1[Microsoft.AspNetCore.Mvc.ActionResult`1[FoodDeliveryAPI.Domain.DTO.ItemDTO]] getAllItems() on controller FoodDeliveryAPI.Controllers.ItemController (FoodDeliveryAPI).
2024-02-14 13:23:30.733 +05:30  INF  Executed DbCommand (110ms) [Parameters=[], CommandType='"Text"', CommandTimeout='30']
SELECT [i].[ItemId], [i].[CustomerId], [i].[Description], [i].[Name], [i].[OrderId], [i].[RestaurantId], [i].[isOutOfStock], [i].[price]
FROM [Items] AS [i]
2024-02-14 13:23:30.735 +05:30  INF  Executing OkObjectResult, writing value of type 'System.Collections.Generic.List`1[[FoodDeliveryAPI.Domain.DTO.ItemDTO, FoodDeliveryAPI.Domain, Version=1.0.0.0, Culture=neutral, PublicKeyToken=null]]'.
2024-02-14 13:23:30.735 +05:30  INF  Executed action FoodDeliveryAPI.Controllers.ItemController.getAllItems (FoodDeliveryAPI) in 114.3778ms
2024-02-14 13:23:30.735 +05:30  INF  Executed endpoint 'FoodDeliveryAPI.Controllers.ItemController.getAllItems (FoodDeliveryAPI)'
2024-02-14 13:23:30.735 +05:30  INF  HTTP GET /item responded 200 in 114.9783 ms
2024-02-14 13:23:30.736 +05:30  INF  Request finished HTTP/2 GET https://localhost:7146/item - 200 null application/json; charset=utf-8 115.5408ms
2024-02-14 13:23:32.290 +05:30  INF  Request starting HTTP/2 GET https://localhost:7146/item - null null
2024-02-14 13:23:32.291 +05:30  INF  CORS policy execution successful.
2024-02-14 13:23:32.291 +05:30  INF  Executing endpoint 'FoodDeliveryAPI.Controllers.ItemController.getAllItems (FoodDeliveryAPI)'
2024-02-14 13:23:32.291 +05:30  INF  Route matched with {action = "getAllItems", controller = "Item"}. Executing controller action with signature System.Threading.Tasks.Task`1[Microsoft.AspNetCore.Mvc.ActionResult`1[FoodDeliveryAPI.Domain.DTO.ItemDTO]] getAllItems() on controller FoodDeliveryAPI.Controllers.ItemController (FoodDeliveryAPI).
2024-02-14 13:23:32.341 +05:30  INF  Executed DbCommand (48ms) [Parameters=[], CommandType='"Text"', CommandTimeout='30']
SELECT [i].[ItemId], [i].[CustomerId], [i].[Description], [i].[Name], [i].[OrderId], [i].[RestaurantId], [i].[isOutOfStock], [i].[price]
FROM [Items] AS [i]
2024-02-14 13:23:32.343 +05:30  INF  Executing OkObjectResult, writing value of type 'System.Collections.Generic.List`1[[FoodDeliveryAPI.Domain.DTO.ItemDTO, FoodDeliveryAPI.Domain, Version=1.0.0.0, Culture=neutral, PublicKeyToken=null]]'.
2024-02-14 13:23:32.343 +05:30  INF  Executed action FoodDeliveryAPI.Controllers.ItemController.getAllItems (FoodDeliveryAPI) in 51.8427ms
2024-02-14 13:23:32.343 +05:30  INF  Executed endpoint 'FoodDeliveryAPI.Controllers.ItemController.getAllItems (FoodDeliveryAPI)'
2024-02-14 13:23:32.343 +05:30  INF  HTTP GET /item responded 200 in 52.4764 ms
2024-02-14 13:23:32.343 +05:30  INF  Request finished HTTP/2 GET https://localhost:7146/item - 200 null application/json; charset=utf-8 53.0367ms
2024-02-14 13:23:33.848 +05:30  INF  Request starting HTTP/2 OPTIONS https://localhost:7146/Customer//cart/add - null null
2024-02-14 13:23:33.848 +05:30  INF  CORS policy execution successful.
2024-02-14 13:23:33.848 +05:30  INF  HTTP OPTIONS /Customer//cart/add responded 204 in 0.3660 ms
2024-02-14 13:23:33.848 +05:30  INF  Request finished HTTP/2 OPTIONS https://localhost:7146/Customer//cart/add - 204 null null 0.7725ms
2024-02-14 13:23:33.866 +05:30  INF  Request starting HTTP/2 POST https://localhost:7146/Customer//cart/add - application/json 224
2024-02-14 13:23:33.867 +05:30  INF  CORS policy execution successful.
2024-02-14 13:23:33.867 +05:30  INF  HTTP POST /Customer//cart/add responded 404 in 0.1823 ms
2024-02-14 13:23:33.867 +05:30  INF  Request finished HTTP/2 POST https://localhost:7146/Customer//cart/add - 404 0 null 0.5902ms
2024-02-14 13:23:33.867 +05:30  INF  Request reached the end of the middleware pipeline without being handled by application code. Request path: POST https://localhost:7146/Customer//cart/add, Response status code: 404
2024-02-14 13:24:27.755 +05:30  INF  Request starting HTTP/2 OPTIONS https://localhost:7146/Customer//cart/add - null null
2024-02-14 13:24:27.755 +05:30  INF  CORS policy execution successful.
2024-02-14 13:24:27.756 +05:30  INF  HTTP OPTIONS /Customer//cart/add responded 204 in 0.1890 ms
2024-02-14 13:24:27.756 +05:30  INF  Request finished HTTP/2 OPTIONS https://localhost:7146/Customer//cart/add - 204 null null 0.5312ms
2024-02-14 13:24:27.791 +05:30  INF  Request starting HTTP/2 POST https://localhost:7146/Customer//cart/add - application/json 224
2024-02-14 13:24:27.792 +05:30  INF  CORS policy execution successful.
2024-02-14 13:24:27.793 +05:30  INF  HTTP POST /Customer//cart/add responded 404 in 1.2966 ms
2024-02-14 13:24:27.793 +05:30  INF  Request finished HTTP/2 POST https://localhost:7146/Customer//cart/add - 404 0 null 1.9526ms
2024-02-14 13:24:27.793 +05:30  INF  Request reached the end of the middleware pipeline without being handled by application code. Request path: POST https://localhost:7146/Customer//cart/add, Response status code: 404
2024-02-14 13:24:52.423 +05:30  INF  Request starting HTTP/2 GET https://localhost:7146/item - null null
2024-02-14 13:24:52.425 +05:30  INF  CORS policy execution successful.
2024-02-14 13:24:52.425 +05:30  INF  Executing endpoint 'FoodDeliveryAPI.Controllers.ItemController.getAllItems (FoodDeliveryAPI)'
2024-02-14 13:24:52.426 +05:30  INF  Route matched with {action = "getAllItems", controller = "Item"}. Executing controller action with signature System.Threading.Tasks.Task`1[Microsoft.AspNetCore.Mvc.ActionResult`1[FoodDeliveryAPI.Domain.DTO.ItemDTO]] getAllItems() on controller FoodDeliveryAPI.Controllers.ItemController (FoodDeliveryAPI).
2024-02-14 13:24:52.515 +05:30  INF  Executed DbCommand (85ms) [Parameters=[], CommandType='"Text"', CommandTimeout='30']
SELECT [i].[ItemId], [i].[CustomerId], [i].[Description], [i].[Name], [i].[OrderId], [i].[RestaurantId], [i].[isOutOfStock], [i].[price]
FROM [Items] AS [i]
2024-02-14 13:24:52.517 +05:30  INF  Executing OkObjectResult, writing value of type 'System.Collections.Generic.List`1[[FoodDeliveryAPI.Domain.DTO.ItemDTO, FoodDeliveryAPI.Domain, Version=1.0.0.0, Culture=neutral, PublicKeyToken=null]]'.
2024-02-14 13:24:52.518 +05:30  INF  Executed action FoodDeliveryAPI.Controllers.ItemController.getAllItems (FoodDeliveryAPI) in 91.9977ms
2024-02-14 13:24:52.518 +05:30  INF  Executed endpoint 'FoodDeliveryAPI.Controllers.ItemController.getAllItems (FoodDeliveryAPI)'
2024-02-14 13:24:52.518 +05:30  INF  HTTP GET /item responded 200 in 93.5540 ms
2024-02-14 13:24:52.519 +05:30  INF  Request finished HTTP/2 GET https://localhost:7146/item - 200 null application/json; charset=utf-8 95.2449ms
2024-02-14 13:24:53.641 +05:30  INF  Request starting HTTP/2 GET https://localhost:7146/item - null null
2024-02-14 13:24:53.642 +05:30  INF  CORS policy execution successful.
2024-02-14 13:24:53.642 +05:30  INF  Executing endpoint 'FoodDeliveryAPI.Controllers.ItemController.getAllItems (FoodDeliveryAPI)'
2024-02-14 13:24:53.642 +05:30  INF  Route matched with {action = "getAllItems", controller = "Item"}. Executing controller action with signature System.Threading.Tasks.Task`1[Microsoft.AspNetCore.Mvc.ActionResult`1[FoodDeliveryAPI.Domain.DTO.ItemDTO]] getAllItems() on controller FoodDeliveryAPI.Controllers.ItemController (FoodDeliveryAPI).
2024-02-14 13:24:53.686 +05:30  INF  Executed DbCommand (42ms) [Parameters=[], CommandType='"Text"', CommandTimeout='30']
SELECT [i].[ItemId], [i].[CustomerId], [i].[Description], [i].[Name], [i].[OrderId], [i].[RestaurantId], [i].[isOutOfStock], [i].[price]
FROM [Items] AS [i]
2024-02-14 13:24:53.689 +05:30  INF  Executing OkObjectResult, writing value of type 'System.Collections.Generic.List`1[[FoodDeliveryAPI.Domain.DTO.ItemDTO, FoodDeliveryAPI.Domain, Version=1.0.0.0, Culture=neutral, PublicKeyToken=null]]'.
2024-02-14 13:24:53.689 +05:30  INF  Executed action FoodDeliveryAPI.Controllers.ItemController.getAllItems (FoodDeliveryAPI) in 47.0918ms
2024-02-14 13:24:53.689 +05:30  INF  Executed endpoint 'FoodDeliveryAPI.Controllers.ItemController.getAllItems (FoodDeliveryAPI)'
2024-02-14 13:24:53.689 +05:30  INF  HTTP GET /item responded 200 in 47.9211 ms
2024-02-14 13:24:53.689 +05:30  INF  Request finished HTTP/2 GET https://localhost:7146/item - 200 null application/json; charset=utf-8 48.588ms
2024-02-14 13:25:03.919 +05:30  INF  Request starting HTTP/2 OPTIONS https://localhost:7146/Customer//cart/add - null null
2024-02-14 13:25:03.919 +05:30  INF  CORS policy execution successful.
2024-02-14 13:25:03.919 +05:30  INF  HTTP OPTIONS /Customer//cart/add responded 204 in 0.2690 ms
2024-02-14 13:25:03.919 +05:30  INF  Request finished HTTP/2 OPTIONS https://localhost:7146/Customer//cart/add - 204 null null 0.5763ms
2024-02-14 13:25:03.952 +05:30  INF  Request starting HTTP/2 POST https://localhost:7146/Customer//cart/add - application/json 224
2024-02-14 13:25:03.953 +05:30  INF  CORS policy execution successful.
2024-02-14 13:25:03.953 +05:30  INF  HTTP POST /Customer//cart/add responded 404 in 0.1579 ms
2024-02-14 13:25:03.953 +05:30  INF  Request finished HTTP/2 POST https://localhost:7146/Customer//cart/add - 404 0 null 0.4679ms
2024-02-14 13:25:03.953 +05:30  INF  Request reached the end of the middleware pipeline without being handled by application code. Request path: POST https://localhost:7146/Customer//cart/add, Response status code: 404
2024-02-14 13:25:25.972 +05:30  INF  Request starting HTTP/2 OPTIONS https://localhost:7146/authentication/customer - null null
2024-02-14 13:25:25.974 +05:30  INF  CORS policy execution successful.
2024-02-14 13:25:25.974 +05:30  INF  HTTP OPTIONS /authentication/customer responded 204 in 0.3772 ms
2024-02-14 13:25:25.974 +05:30  INF  Request finished HTTP/2 OPTIONS https://localhost:7146/authentication/customer - 204 null null 1.8431ms
2024-02-14 13:25:26.101 +05:30  INF  Request starting HTTP/2 POST https://localhost:7146/authentication/customer - application/json 40
2024-02-14 13:25:26.103 +05:30  INF  CORS policy execution successful.
2024-02-14 13:25:26.103 +05:30  INF  Executing endpoint 'FoodDeliveryAPI.Controllers.AuthenticationController.AuthenticateCustomer (FoodDeliveryAPI)'
2024-02-14 13:25:26.114 +05:30  INF  Route matched with {action = "AuthenticateCustomer", controller = "Authentication"}. Executing controller action with signature Microsoft.AspNetCore.Mvc.ActionResult AuthenticateCustomer(FoodDeliveryAPI.Domain.DTO.UserCredentials) on controller FoodDeliveryAPI.Controllers.AuthenticationController (FoodDeliveryAPI).
2024-02-14 13:25:26.281 +05:30  INF  Executed DbCommand (56ms) [Parameters=[@__credentials_Username_0='?' (Size = 450), @__credentials_Password_1='?' (Size = 4000)], CommandType='"Text"', CommandTimeout='30']
SELECT TOP(1) [c].[UserId], [c].[CreatedAt], [c].[Password], [c].[Role], [c].[UserEmail], [c].[UserName]
FROM [Customers] AS [c]
WHERE [c].[UserName] = @__credentials_Username_0 AND [c].[Password] = @__credentials_Password_1
2024-02-14 13:25:26.409 +05:30  INF  Executing OkObjectResult, writing value of type 'FoodDeliveryAPI.Domain.DTO.Token'.
2024-02-14 13:25:26.421 +05:30  INF  Executed action FoodDeliveryAPI.Controllers.AuthenticationController.AuthenticateCustomer (FoodDeliveryAPI) in 306.7808ms
2024-02-14 13:25:26.421 +05:30  INF  Executed endpoint 'FoodDeliveryAPI.Controllers.AuthenticationController.AuthenticateCustomer (FoodDeliveryAPI)'
2024-02-14 13:25:26.421 +05:30  INF  HTTP POST /authentication/customer responded 200 in 318.4463 ms
2024-02-14 13:25:26.421 +05:30  INF  Request finished HTTP/2 POST https://localhost:7146/authentication/customer - 200 null application/json; charset=utf-8 320.494ms
2024-02-14 13:25:30.488 +05:30  INF  Request starting HTTP/2 GET https://localhost:7146/item - null null
2024-02-14 13:25:30.489 +05:30  INF  CORS policy execution successful.
2024-02-14 13:25:30.489 +05:30  INF  Executing endpoint 'FoodDeliveryAPI.Controllers.ItemController.getAllItems (FoodDeliveryAPI)'
2024-02-14 13:25:30.520 +05:30  INF  Route matched with {action = "getAllItems", controller = "Item"}. Executing controller action with signature System.Threading.Tasks.Task`1[Microsoft.AspNetCore.Mvc.ActionResult`1[FoodDeliveryAPI.Domain.DTO.ItemDTO]] getAllItems() on controller FoodDeliveryAPI.Controllers.ItemController (FoodDeliveryAPI).
2024-02-14 13:25:30.619 +05:30  INF  Executed DbCommand (93ms) [Parameters=[], CommandType='"Text"', CommandTimeout='30']
SELECT [i].[ItemId], [i].[CustomerId], [i].[Description], [i].[Name], [i].[OrderId], [i].[RestaurantId], [i].[isOutOfStock], [i].[price]
FROM [Items] AS [i]
2024-02-14 13:25:30.620 +05:30  INF  Executing OkObjectResult, writing value of type 'System.Collections.Generic.List`1[[FoodDeliveryAPI.Domain.DTO.ItemDTO, FoodDeliveryAPI.Domain, Version=1.0.0.0, Culture=neutral, PublicKeyToken=null]]'.
2024-02-14 13:25:30.621 +05:30  INF  Executed action FoodDeliveryAPI.Controllers.ItemController.getAllItems (FoodDeliveryAPI) in 100.2536ms
2024-02-14 13:25:30.621 +05:30  INF  Executed endpoint 'FoodDeliveryAPI.Controllers.ItemController.getAllItems (FoodDeliveryAPI)'
2024-02-14 13:25:30.622 +05:30  INF  HTTP GET /item responded 200 in 132.9648 ms
2024-02-14 13:25:30.622 +05:30  INF  Request finished HTTP/2 GET https://localhost:7146/item - 200 null application/json; charset=utf-8 133.9359ms
2024-02-14 13:25:34.271 +05:30  INF  Request starting HTTP/2 OPTIONS https://localhost:7146/Customer/967f1d90-8664-4e24-6d33-08dc2d15c8c6/cart/add - null null
2024-02-14 13:25:34.272 +05:30  INF  CORS policy execution successful.
2024-02-14 13:25:34.273 +05:30  INF  HTTP OPTIONS /Customer/967f1d90-8664-4e24-6d33-08dc2d15c8c6/cart/add responded 204 in 0.2799 ms
2024-02-14 13:25:34.273 +05:30  INF  Request finished HTTP/2 OPTIONS https://localhost:7146/Customer/967f1d90-8664-4e24-6d33-08dc2d15c8c6/cart/add - 204 null null 1.7667ms
2024-02-14 13:25:34.348 +05:30  INF  Request starting HTTP/2 POST https://localhost:7146/Customer/967f1d90-8664-4e24-6d33-08dc2d15c8c6/cart/add - application/json 224
2024-02-14 13:25:34.458 +05:30  INF  CORS policy execution successful.
2024-02-14 13:25:34.458 +05:30  INF  Executing endpoint 'FoodDeliveryAPI.Controllers.CustomerController.AddItemsToCart (FoodDeliveryAPI)'
2024-02-14 13:25:34.467 +05:30  INF  Route matched with {action = "AddItemsToCart", controller = "Customer"}. Executing controller action with signature System.Threading.Tasks.Task`1[Microsoft.AspNetCore.Mvc.ActionResult`1[System.Collections.Generic.List`1[FoodDeliveryAPI.Domain.DTO.ItemDTO]]] AddItemsToCart(FoodDeliveryAPI.Domain.DTO.ItemDTO, System.Guid) on controller FoodDeliveryAPI.Controllers.CustomerController (FoodDeliveryAPI).
2024-02-14 13:25:34.573 +05:30  INF  Executed DbCommand (69ms) [Parameters=[@__item_ItemId_0='?' (DbType = Guid)], CommandType='"Text"', CommandTimeout='30']
SELECT TOP(1) [i].[ItemId], [i].[CustomerId], [i].[Description], [i].[Name], [i].[OrderId], [i].[RestaurantId], [i].[isOutOfStock], [i].[price]
FROM [Items] AS [i]
WHERE [i].[ItemId] = @__item_ItemId_0
2024-02-14 13:25:34.623 +05:30  INF  Executed DbCommand (37ms) [Parameters=[@__userid_0='?' (DbType = Guid)], CommandType='"Text"', CommandTimeout='30']
SELECT TOP(1) [c].[UserId], [c].[CreatedAt], [c].[Password], [c].[Role], [c].[UserEmail], [c].[UserName]
FROM [Customers] AS [c]
WHERE [c].[UserId] = @__userid_0
2024-02-14 13:25:34.811 +05:30  INF  Executing CreatedResult, writing value of type 'System.Collections.Generic.List`1[[FoodDeliveryAPI.Domain.DTO.ItemDTO, FoodDeliveryAPI.Domain, Version=1.0.0.0, Culture=neutral, PublicKeyToken=null]]'.
2024-02-14 13:25:34.811 +05:30  INF  Executed action FoodDeliveryAPI.Controllers.CustomerController.AddItemsToCart (FoodDeliveryAPI) in 344.5034ms
2024-02-14 13:25:34.811 +05:30  INF  Executed endpoint 'FoodDeliveryAPI.Controllers.CustomerController.AddItemsToCart (FoodDeliveryAPI)'
2024-02-14 13:25:34.811 +05:30  INF  HTTP POST /Customer/967f1d90-8664-4e24-6d33-08dc2d15c8c6/cart/add responded 201 in 463.2026 ms
2024-02-14 13:25:34.812 +05:30  INF  Request finished HTTP/2 POST https://localhost:7146/Customer/967f1d90-8664-4e24-6d33-08dc2d15c8c6/cart/add - 201 null application/json; charset=utf-8 463.5917ms
2024-02-14 13:25:42.989 +05:30  INF  Request starting HTTP/2 OPTIONS https://localhost:7146/customer/967f1d90-8664-4e24-6d33-08dc2d15c8c6/cart - null null
2024-02-14 13:25:42.989 +05:30  INF  CORS policy execution successful.
2024-02-14 13:25:42.989 +05:30  INF  HTTP OPTIONS /customer/967f1d90-8664-4e24-6d33-08dc2d15c8c6/cart responded 204 in 0.2369 ms
2024-02-14 13:25:42.990 +05:30  INF  Request finished HTTP/2 OPTIONS https://localhost:7146/customer/967f1d90-8664-4e24-6d33-08dc2d15c8c6/cart - 204 null null 0.6214ms
2024-02-14 13:25:43.065 +05:30  INF  Request starting HTTP/2 GET https://localhost:7146/customer/967f1d90-8664-4e24-6d33-08dc2d15c8c6/cart - null null
2024-02-14 13:25:43.067 +05:30  INF  CORS policy execution successful.
2024-02-14 13:25:43.067 +05:30  INF  Executing endpoint 'FoodDeliveryAPI.Controllers.CustomerController.GetCartItems (FoodDeliveryAPI)'
2024-02-14 13:25:43.080 +05:30  INF  Route matched with {action = "GetCartItems", controller = "Customer"}. Executing controller action with signature System.Threading.Tasks.Task`1[Microsoft.AspNetCore.Mvc.ActionResult`1[System.Collections.Generic.List`1[FoodDeliveryAPI.Domain.DTO.ItemDTO]]] GetCartItems(System.Guid) on controller FoodDeliveryAPI.Controllers.CustomerController (FoodDeliveryAPI).
2024-02-14 13:25:44.741 +05:30  INF  Executed DbCommand (1,643ms) [Parameters=[@__id_0='?' (DbType = Guid)], CommandType='"Text"', CommandTimeout='30']
SELECT TOP(1) [c].[UserId], [c].[CreatedAt], [c].[Password], [c].[Role], [c].[UserEmail], [c].[UserName]
FROM [Customers] AS [c]
WHERE [c].[UserId] = @__id_0
2024-02-14 13:25:44.742 +05:30  INF  Executing OkObjectResult, writing value of type 'System.Collections.Generic.List`1[[FoodDeliveryAPI.Domain.DTO.ItemDTO, FoodDeliveryAPI.Domain, Version=1.0.0.0, Culture=neutral, PublicKeyToken=null]]'.
2024-02-14 13:25:44.743 +05:30  INF  Executed action FoodDeliveryAPI.Controllers.CustomerController.GetCartItems (FoodDeliveryAPI) in 1662.7459ms
2024-02-14 13:25:44.743 +05:30  INF  Executed endpoint 'FoodDeliveryAPI.Controllers.CustomerController.GetCartItems (FoodDeliveryAPI)'
2024-02-14 13:25:44.743 +05:30  INF  HTTP GET /customer/967f1d90-8664-4e24-6d33-08dc2d15c8c6/cart responded 200 in 1677.3018 ms
2024-02-14 13:25:44.743 +05:30  INF  Request finished HTTP/2 GET https://localhost:7146/customer/967f1d90-8664-4e24-6d33-08dc2d15c8c6/cart - 200 null application/json; charset=utf-8 1677.9599ms
2024-02-14 13:26:21.916 +05:30  INF  Request starting HTTP/2 GET https://localhost:7146/Customer/967f1d90-8664-4e24-6d33-08dc2d15c8c6/cart - null null
2024-02-14 13:26:21.917 +05:30  INF  Executing endpoint 'FoodDeliveryAPI.Controllers.CustomerController.GetCartItems (FoodDeliveryAPI)'
2024-02-14 13:26:21.917 +05:30  INF  Route matched with {action = "GetCartItems", controller = "Customer"}. Executing controller action with signature System.Threading.Tasks.Task`1[Microsoft.AspNetCore.Mvc.ActionResult`1[System.Collections.Generic.List`1[FoodDeliveryAPI.Domain.DTO.ItemDTO]]] GetCartItems(System.Guid) on controller FoodDeliveryAPI.Controllers.CustomerController (FoodDeliveryAPI).
2024-02-14 13:26:22.512 +05:30  INF  Executed DbCommand (588ms) [Parameters=[@__id_0='?' (DbType = Guid)], CommandType='"Text"', CommandTimeout='30']
SELECT TOP(1) [c].[UserId], [c].[CreatedAt], [c].[Password], [c].[Role], [c].[UserEmail], [c].[UserName]
FROM [Customers] AS [c]
WHERE [c].[UserId] = @__id_0
2024-02-14 13:26:22.516 +05:30  INF  Executing OkObjectResult, writing value of type 'System.Collections.Generic.List`1[[FoodDeliveryAPI.Domain.DTO.ItemDTO, FoodDeliveryAPI.Domain, Version=1.0.0.0, Culture=neutral, PublicKeyToken=null]]'.
2024-02-14 13:26:22.517 +05:30  INF  Executed action FoodDeliveryAPI.Controllers.CustomerController.GetCartItems (FoodDeliveryAPI) in 599.2883ms
2024-02-14 13:26:22.517 +05:30  INF  Executed endpoint 'FoodDeliveryAPI.Controllers.CustomerController.GetCartItems (FoodDeliveryAPI)'
2024-02-14 13:26:22.517 +05:30  INF  HTTP GET /Customer/967f1d90-8664-4e24-6d33-08dc2d15c8c6/cart responded 200 in 600.0147 ms
2024-02-14 13:26:22.517 +05:30  INF  Request finished HTTP/2 GET https://localhost:7146/Customer/967f1d90-8664-4e24-6d33-08dc2d15c8c6/cart - 200 null application/json; charset=utf-8 600.5053ms
2024-02-14 13:35:40.749 +05:30  INF  User profile is available. Using 'C:\Users\AnuragChoudhary\AppData\Local\ASP.NET\DataProtection-Keys' as key repository and Windows DPAPI to encrypt keys at rest.
2024-02-14 13:35:41.152 +05:30  INF  Now listening on: https://localhost:7146
2024-02-14 13:35:41.154 +05:30  INF  Now listening on: http://localhost:5275
2024-02-14 13:35:41.156 +05:30  INF  Application started. Press Ctrl+C to shut down.
2024-02-14 13:35:41.157 +05:30  INF  Hosting environment: Development
2024-02-14 13:35:41.157 +05:30  INF  Content root path: C:\Users\AnuragChoudhary\Downloads\FoodDeliveryAPI\FoodDeliveryAPI\FoodDeliveryAPI
2024-02-14 13:35:41.567 +05:30  INF  Request starting HTTP/2 GET https://localhost:7146/swagger/index.html - null null
2024-02-14 13:35:42.177 +05:30  INF  Request finished HTTP/2 GET https://localhost:7146/swagger/index.html - 200 null text/html;charset=utf-8 613.0917ms
2024-02-14 13:35:42.624 +05:30  INF  Request starting HTTP/2 GET https://localhost:7146/swagger/swagger-ui.css - null null
2024-02-14 13:35:42.626 +05:30  INF  Request starting HTTP/2 GET https://localhost:7146/_vs/browserLink - null null
2024-02-14 13:35:42.642 +05:30  INF  Sending file. Request path: '/swagger-ui.css'. Physical path: 'N/A'
2024-02-14 13:35:42.643 +05:30  INF  Request finished HTTP/2 GET https://localhost:7146/swagger/swagger-ui.css - 200 144929 text/css 18.6728ms
2024-02-14 13:35:42.654 +05:30  INF  Request starting HTTP/2 GET https://localhost:7146/_framework/aspnetcore-browser-refresh.js - null null
2024-02-14 13:35:42.659 +05:30  INF  Request finished HTTP/2 GET https://localhost:7146/_framework/aspnetcore-browser-refresh.js - 200 13766 application/javascript; charset=utf-8 4.9536ms
2024-02-14 13:35:42.686 +05:30  INF  Request finished HTTP/2 GET https://localhost:7146/_vs/browserLink - 200 null text/javascript; charset=UTF-8 60.177ms
2024-02-14 13:35:51.236 +05:30  INF  Request starting HTTP/2 GET https://localhost:7146/swagger/v1/swagger.json - null null
2024-02-14 13:35:51.407 +05:30  INF  Request starting HTTP/2 GET https://localhost:7146/swagger/favicon-32x32.png - null null
2024-02-14 13:35:51.412 +05:30  INF  Sending file. Request path: '/favicon-32x32.png'. Physical path: 'N/A'
2024-02-14 13:35:51.417 +05:30  INF  Request finished HTTP/2 GET https://localhost:7146/swagger/favicon-32x32.png - 200 628 image/png 9.8551ms
2024-02-14 13:35:51.861 +05:30  INF  Request finished HTTP/2 GET https://localhost:7146/swagger/v1/swagger.json - 200 null application/json;charset=utf-8 624.6791ms
2024-02-14 13:36:08.050 +05:30  INF  User profile is available. Using 'C:\Users\AnuragChoudhary\AppData\Local\ASP.NET\DataProtection-Keys' as key repository and Windows DPAPI to encrypt keys at rest.
2024-02-14 13:36:08.190 +05:30  INF  Now listening on: https://localhost:7146
2024-02-14 13:36:08.190 +05:30  INF  Now listening on: http://localhost:5275
2024-02-14 13:36:08.192 +05:30  INF  Application started. Press Ctrl+C to shut down.
2024-02-14 13:36:08.192 +05:30  INF  Hosting environment: Development
2024-02-14 13:36:08.192 +05:30  INF  Content root path: C:\Users\AnuragChoudhary\Downloads\FoodDeliveryAPI\FoodDeliveryAPI\FoodDeliveryAPI
2024-02-14 13:36:08.327 +05:30  INF  Request starting HTTP/2 GET https://localhost:7146/swagger/index.html - null null
2024-02-14 13:36:08.489 +05:30  INF  Request starting HTTP/2 GET https://localhost:7146/swagger/swagger-ui.css - null null
2024-02-14 13:36:08.489 +05:30  INF  Request finished HTTP/2 GET https://localhost:7146/swagger/index.html - 200 null text/html;charset=utf-8 163.4067ms
2024-02-14 13:36:08.490 +05:30  INF  Request starting HTTP/2 GET https://localhost:7146/_vs/browserLink - null null
2024-02-14 13:36:08.490 +05:30  INF  Request starting HTTP/2 GET https://localhost:7146/_framework/aspnetcore-browser-refresh.js - null null
2024-02-14 13:36:08.494 +05:30  INF  Request finished HTTP/2 GET https://localhost:7146/_framework/aspnetcore-browser-refresh.js - 200 13766 application/javascript; charset=utf-8 3.9038ms
2024-02-14 13:36:08.499 +05:30  INF  Sending file. Request path: '/swagger-ui.css'. Physical path: 'N/A'
2024-02-14 13:36:08.500 +05:30  INF  Request finished HTTP/2 GET https://localhost:7146/swagger/swagger-ui.css - 200 144929 text/css 11.3171ms
2024-02-14 13:36:08.511 +05:30  INF  Request finished HTTP/2 GET https://localhost:7146/_vs/browserLink - 200 null text/javascript; charset=UTF-8 21.4902ms
2024-02-14 13:36:08.649 +05:30  INF  Request starting HTTP/2 GET https://localhost:7146/swagger/v1/swagger.json - null null
2024-02-14 13:36:08.656 +05:30  INF  Request starting HTTP/2 GET https://localhost:7146/swagger/favicon-32x32.png - null null
2024-02-14 13:36:08.657 +05:30  INF  Sending file. Request path: '/favicon-32x32.png'. Physical path: 'N/A'
2024-02-14 13:36:08.657 +05:30  INF  Request finished HTTP/2 GET https://localhost:7146/swagger/favicon-32x32.png - 200 628 image/png 0.6191ms
2024-02-14 13:36:08.733 +05:30  INF  Request finished HTTP/2 GET https://localhost:7146/swagger/v1/swagger.json - 200 null application/json;charset=utf-8 83.6361ms
